[ 2015-12-13T14:33:40+08:00 ] 0.0.0.0 /panchun/manager.php
INFO: [ app_begin ] --START--
INFO: ReadHtmlCache Behavior ::run [ RunTime:0.001000s ]
INFO: [ app_begin ] --END-- [ RunTime:0.001000s ]
SQL: SHOW COLUMNS FROM `lu_group_class` [ RunTime:0.032002s ]
SQL: SELECT * FROM `lu_group_class` WHERE ( `status` = 1 ) ORDER BY sort desc, id desc  [ RunTime:0.001000s ]
SQL: SHOW COLUMNS FROM `lu_node` [ RunTime:0.010001s ]
SQL: SELECT `id` FROM `lu_node` LIMIT 1   [ RunTime:0.000000s ]
SQL: SELECT `id`,`name`,`group_id`,`title` FROM `lu_node` WHERE ( `level` = 2 ) AND ( `status` = 1 ) AND ( `pid` = 1 ) ORDER BY sort asc  [ RunTime:0.017001s ]
NOTIC: [8] Undefined index: _ACCESS_LIST E:\WWW\panchun\Manager\Lib\Action\IndexAction.class.php Á¨¨ 22 Ë°å.
SQL: SHOW COLUMNS FROM `lu_group` [ RunTime:0.008000s ]
SQL: SELECT * FROM `lu_group` WHERE ( `group_menu` = 'News' ) AND ( `status` = 1 ) ORDER BY sort desc,id desc  [ RunTime:0.001000s ]
SQL: SHOW COLUMNS FROM `lu_article` [ RunTime:0.006001s ]
SQL: SELECT * FROM `lu_article` WHERE ( `class_id` = 3 ) AND ( `status` = 1 ) ORDER BY sort desc,id desc  [ RunTime:0.001000s ]
INFO: [ view_parse ] --START--
NOTIC: [8] Undefined index: level E:\WWW\panchun\Manager\Runtime\Cache\0786eb28855449a6b7a5b110b592283d.php Á¨¨ 118 Ë°å.
INFO: ParseTemplate Behavior ::run [ RunTime:0.019001s ]
INFO: [ view_parse ] --END-- [ RunTime:0.019001s ]
INFO: [ view_filter ] --START--
INFO: ContentReplace Behavior ::run [ RunTime:0.001000s ]
INFO: TokenBuild Behavior ::run [ RunTime:0.001000s ]
INFO: WriteHtmlCache Behavior ::run [ RunTime:0.001000s ]
INFO: ShowRuntime Behavior ::run [ RunTime:0.001000s ]
INFO: [ view_filter ] --END-- [ RunTime:0.004000s ]
INFO: [ view_end ] --START--
INFO: ShowPageTrace Behavior ::run [ RunTime:0.001000s ]
INFO: [ view_end ] --END-- [ RunTime:0.001000s ]

[ 2015-12-13T14:33:43+08:00 ] 0.0.0.0 /panchun/manager.php?s=/Organize&_=1449988422381
INFO: [ route_check ] --START--
INFO: CheckRoute Behavior ::run [ RunTime:0.001000s ]
INFO: [ route_check ] --END-- [ RunTime:0.002000s ]
NOTIC: [2] htmlspecialchars() expects parameter 2 to be long, string given E:\WWW\panchun\ThinkPHP\Lib\Core\App.class.php Á¨¨ 57 Ë°å.
INFO: [ app_begin ] --START--
INFO: ReadHtmlCache Behavior ::run [ RunTime:0.001000s ]
INFO: [ app_begin ] --END-- [ RunTime:0.001000s ]
SQL: SHOW COLUMNS FROM `lu_classes` [ RunTime:0.018001s ]
ERR: 1146:Table 'test.lu_classes' doesn't exist
 [ SQLËØ≠Âè• ] : SHOW COLUMNS FROM `lu_classes`
SQL: SELECT * FROM `lu_classes` WHERE ( status=1 )  [ RunTime:0.002000s ]
ERR: 1146:Table 'test.lu_classes' doesn't exist
 [ SQLËØ≠Âè• ] : SELECT * FROM `lu_classes` WHERE ( status=1 ) 
NOTIC: [8] Undefined variable: className E:\WWW\panchun\Manager\Common\common.php Á¨¨ 542 Ë°å.
SQL: SHOW COLUMNS FROM `lu_organize` [ RunTime:0.018001s ]
NOTIC: [8] Undefined index: product E:\WWW\panchun\Manager\Lib\Action\OrganizeAction.class.php Á¨¨ 5 Ë°å.
NOTIC: [8] Undefined index: uname E:\WWW\panchun\Manager\Lib\Action\OrganizeAction.class.php Á¨¨ 5 Ë°å.
NOTIC: [8] Undefined index: status E:\WWW\panchun\Manager\Lib\Action\OrganizeAction.class.php Á¨¨ 5 Ë°å.
NOTIC: Âª∫ËÆÆ‰ΩøÁî®IÊñπÊ≥ïÊõø‰ª£_get
NOTIC: [8] Undefined index: maps E:\WWW\panchun\Manager\Lib\Action\CommonAction.class.php Á¨¨ 183 Ë°å.
NOTIC: [8] Undefined index: moshi E:\WWW\panchun\Manager\Lib\Action\CommonAction.class.php Á¨¨ 185 Ë°å.
NOTIC: [8] Undefined index: moshi E:\WWW\panchun\Manager\Lib\Action\CommonAction.class.php Á¨¨ 189 Ë°å.
SQL: SELECT COUNT(id) AS tp_count FROM `lu_organize` LIMIT 1   [ RunTime:0.001000s ]
NOTIC: [8] Undefined index: pageNum E:\WWW\panchun\Manager\Lib\Action\CommonAction.class.php Á¨¨ 207 Ë°å.
SQL: SELECT * FROM `lu_organize` ORDER BY id desc LIMIT 20   [ RunTime:0.001000s ]
NOTIC: [2] Invalid argument supplied for foreach() E:\WWW\panchun\Manager\Lib\Action\CommonAction.class.php Á¨¨ 210 Ë°å.
NOTIC: [8] Undefined variable: sort E:\WWW\panchun\Manager\Lib\Action\CommonAction.class.php Á¨¨ 220 Ë°å.
NOTIC: [8] Undefined variable: sortImg E:\WWW\panchun\Manager\Lib\Action\CommonAction.class.php Á¨¨ 222 Ë°å.
NOTIC: [8] Undefined variable: sortAlt E:\WWW\panchun\Manager\Lib\Action\CommonAction.class.php Á¨¨ 223 Ë°å.
NOTIC: [8] Undefined index: tpls E:\WWW\panchun\Manager\Lib\Action\CommonAction.class.php Á¨¨ 237 Ë°å.
INFO: [ view_parse ] --START--
NOTIC: [8] Undefined index: _order E:\WWW\panchun\Manager\Runtime\Cache\1343caa3f2d6915ebb19404732b7982b.php Á¨¨ 3 Ë°å.
NOTIC: [8] Undefined index: _sort E:\WWW\panchun\Manager\Runtime\Cache\1343caa3f2d6915ebb19404732b7982b.php Á¨¨ 4 Ë°å.
NOTIC: [8] Undefined variable: map E:\WWW\panchun\Manager\Runtime\Cache\1343caa3f2d6915ebb19404732b7982b.php Á¨¨ 5 Ë°å.
NOTIC: [8] Undefined index: _order E:\WWW\panchun\Manager\Runtime\Cache\1343caa3f2d6915ebb19404732b7982b.php Á¨¨ 59 Ë°å.
NOTIC: [8] Undefined index: url E:\WWW\panchun\Manager\Runtime\Cache\1343caa3f2d6915ebb19404732b7982b.php Á¨¨ 81 Ë°å.
INFO: ParseTemplate Behavior ::run [ RunTime:0.054003s ]
INFO: [ view_parse ] --END-- [ RunTime:0.054003s ]
INFO: [ view_filter ] --START--
INFO: ContentReplace Behavior ::run [ RunTime:0.000000s ]
INFO: TokenBuild Behavior ::run [ RunTime:0.001000s ]
INFO: WriteHtmlCache Behavior ::run [ RunTime:0.001000s ]
INFO: ShowRuntime Behavior ::run [ RunTime:0.001000s ]
INFO: [ view_filter ] --END-- [ RunTime:0.004000s ]
INFO: [ view_end ] --START--
INFO: ShowPageTrace Behavior ::run [ RunTime:0.001000s ]
INFO: [ view_end ] --END-- [ RunTime:0.001000s ]

[ 2015-12-13T15:21:55+08:00 ] 0.0.0.0 /panchun/manager.php?s=/Organize/edit/id/267&_=1449991314287
INFO: [ route_check ] --START--
INFO: CheckRoute Behavior ::run [ RunTime:0.002000s ]
INFO: [ route_check ] --END-- [ RunTime:0.002000s ]
NOTIC: [2] htmlspecialchars() expects parameter 2 to be long, string given E:\WWW\panchun\ThinkPHP\Lib\Core\App.class.php Á¨¨ 57 Ë°å.
NOTIC: [2] htmlspecialchars() expects parameter 2 to be long, string given E:\WWW\panchun\ThinkPHP\Lib\Core\App.class.php Á¨¨ 57 Ë°å.
INFO: [ app_begin ] --START--
INFO: ReadHtmlCache Behavior ::run [ RunTime:0.002000s ]
INFO: [ app_begin ] --END-- [ RunTime:0.002000s ]
SQL: SHOW COLUMNS FROM `lu_z_province` [ RunTime:0.020001s ]
SQL: SELECT `id`,`name` FROM `lu_z_province`  [ RunTime:0.016001s ]
SQL: SHOW COLUMNS FROM `lu_organize` [ RunTime:0.018001s ]
SQL: SELECT * FROM `lu_organize` WHERE ( `id` = 267 ) LIMIT 1   [ RunTime:0.002001s ]
SQL: SHOW COLUMNS FROM `lu_student` [ RunTime:0.009000s ]
ERR: 1146:Table 'test.lu_student' doesn't exist
 [ SQLËØ≠Âè• ] : SHOW COLUMNS FROM `lu_student`
SQL: SELECT * FROM `lu_student` WHERE ( id= ) LIMIT 1   [ RunTime:0.000000s ]
ERR: 1064:You have an error in your SQL syntax; check the manual that corresponds to your MySQL server version for the right syntax to use near ') LIMIT 1' at line 1
 [ SQLËØ≠Âè• ] : SELECT * FROM `lu_student` WHERE ( id= ) LIMIT 1  
INFO: [ view_parse ] --START--
INFO: ParseTemplate Behavior ::run [ RunTime:0.034002s ]
INFO: [ view_parse ] --END-- [ RunTime:0.034002s ]
INFO: [ view_filter ] --START--
INFO: ContentReplace Behavior ::run [ RunTime:0.001000s ]
INFO: TokenBuild Behavior ::run [ RunTime:0.001000s ]
INFO: WriteHtmlCache Behavior ::run [ RunTime:0.000000s ]
INFO: ShowRuntime Behavior ::run [ RunTime:0.001000s ]
INFO: [ view_filter ] --END-- [ RunTime:0.005000s ]
INFO: [ view_end ] --START--
INFO: ShowPageTrace Behavior ::run [ RunTime:0.001000s ]
INFO: [ view_end ] --END-- [ RunTime:0.001000s ]

[ 2015-12-13T15:22:06+08:00 ] 0.0.0.0 /panchun/manager.php?s=/Organize/update/navTabId/Organize
INFO: [ route_check ] --START--
INFO: CheckRoute Behavior ::run [ RunTime:0.003000s ]
INFO: [ route_check ] --END-- [ RunTime:0.003000s ]
NOTIC: [2] htmlspecialchars() expects parameter 2 to be long, string given E:\WWW\panchun\ThinkPHP\Lib\Core\App.class.php Á¨¨ 56 Ë°å.
NOTIC: [2] htmlspecialchars() expects parameter 2 to be long, string given E:\WWW\panchun\ThinkPHP\Lib\Core\App.class.php Á¨¨ 56 Ë°å.
NOTIC: [2] htmlspecialchars() expects parameter 2 to be long, string given E:\WWW\panchun\ThinkPHP\Lib\Core\App.class.php Á¨¨ 56 Ë°å.
NOTIC: [2] htmlspecialchars() expects parameter 2 to be long, string given E:\WWW\panchun\ThinkPHP\Lib\Core\App.class.php Á¨¨ 56 Ë°å.
NOTIC: [2] htmlspecialchars() expects parameter 2 to be long, string given E:\WWW\panchun\ThinkPHP\Lib\Core\App.class.php Á¨¨ 57 Ë°å.
INFO: [ app_begin ] --START--
INFO: ReadHtmlCache Behavior ::run [ RunTime:0.001000s ]
INFO: [ app_begin ] --END-- [ RunTime:0.002000s ]
NOTIC: [8] Undefined variable: className E:\WWW\panchun\Manager\Common\common.php Á¨¨ 542 Ë°å.
SQL: SHOW COLUMNS FROM `lu_organize` [ RunTime:0.007000s ]
SQL: UPDATE `lu_organize` SET `status`='ÂæÖÂèëË¥\ß',`remark`='' WHERE ( `id` = 267 ) [ RunTime:0.000000s ]

[ 2015-12-13T15:22:07+08:00 ] 0.0.0.0 /panchun/manager.php?s=/Organize
INFO: [ route_check ] --START--
INFO: CheckRoute Behavior ::run [ RunTime:0.002000s ]
INFO: [ route_check ] --END-- [ RunTime:0.002000s ]
NOTIC: [2] htmlspecialchars() expects parameter 2 to be long, string given E:\WWW\panchun\ThinkPHP\Lib\Core\App.class.php Á¨¨ 56 Ë°å.
NOTIC: [2] htmlspecialchars() expects parameter 2 to be long, string given E:\WWW\panchun\ThinkPHP\Lib\Core\App.class.php Á¨¨ 56 Ë°å.
NOTIC: [2] htmlspecialchars() expects parameter 2 to be long, string given E:\WWW\panchun\ThinkPHP\Lib\Core\App.class.php Á¨¨ 56 Ë°å.
NOTIC: [2] htmlspecialchars() expects parameter 2 to be long, string given E:\WWW\panchun\ThinkPHP\Lib\Core\App.class.php Á¨¨ 56 Ë°å.
NOTIC: [2] htmlspecialchars() expects parameter 2 to be long, string given E:\WWW\panchun\ThinkPHP\Lib\Core\App.class.php Á¨¨ 56 Ë°å.
NOTIC: [2] htmlspecialchars() expects parameter 2 to be long, string given E:\WWW\panchun\ThinkPHP\Lib\Core\App.class.php Á¨¨ 56 Ë°å.
INFO: [ app_begin ] --START--
INFO: ReadHtmlCache Behavior ::run [ RunTime:0.001000s ]
INFO: [ app_begin ] --END-- [ RunTime:0.001000s ]
SQL: SHOW COLUMNS FROM `lu_classes` [ RunTime:0.005000s ]
ERR: 1146:Table 'test.lu_classes' doesn't exist
 [ SQLËØ≠Âè• ] : SHOW COLUMNS FROM `lu_classes`
SQL: SELECT * FROM `lu_classes` WHERE ( status=1 )  [ RunTime:0.001000s ]
ERR: 1146:Table 'test.lu_classes' doesn't exist
 [ SQLËØ≠Âè• ] : SELECT * FROM `lu_classes` WHERE ( status=1 ) 
NOTIC: [8] Undefined variable: className E:\WWW\panchun\Manager\Common\common.php Á¨¨ 542 Ë°å.
SQL: SHOW COLUMNS FROM `lu_organize` [ RunTime:0.008001s ]
NOTIC: Âª∫ËÆÆ‰ΩøÁî®IÊñπÊ≥ïÊõø‰ª£_get
NOTIC: [8] Undefined index: maps E:\WWW\panchun\Manager\Lib\Action\CommonAction.class.php Á¨¨ 183 Ë°å.
NOTIC: [8] Undefined index: moshi E:\WWW\panchun\Manager\Lib\Action\CommonAction.class.php Á¨¨ 185 Ë°å.
NOTIC: [8] Undefined index: moshi E:\WWW\panchun\Manager\Lib\Action\CommonAction.class.php Á¨¨ 189 Ë°å.
SQL: SELECT COUNT(id) AS tp_count FROM `lu_organize` LIMIT 1   [ RunTime:0.001000s ]
SQL: SELECT * FROM `lu_organize` ORDER BY id desc LIMIT 0,20   [ RunTime:0.001000s ]
NOTIC: [2] Invalid argument supplied for foreach() E:\WWW\panchun\Manager\Lib\Action\CommonAction.class.php Á¨¨ 210 Ë°å.
NOTIC: [8] Undefined variable: sort E:\WWW\panchun\Manager\Lib\Action\CommonAction.class.php Á¨¨ 220 Ë°å.
NOTIC: [8] Undefined variable: sortImg E:\WWW\panchun\Manager\Lib\Action\CommonAction.class.php Á¨¨ 222 Ë°å.
NOTIC: [8] Undefined variable: sortAlt E:\WWW\panchun\Manager\Lib\Action\CommonAction.class.php Á¨¨ 223 Ë°å.
NOTIC: [8] Undefined index: tpls E:\WWW\panchun\Manager\Lib\Action\CommonAction.class.php Á¨¨ 237 Ë°å.
INFO: [ view_parse ] --START--
NOTIC: [8] Undefined variable: map E:\WWW\panchun\Manager\Runtime\Cache\1343caa3f2d6915ebb19404732b7982b.php Á¨¨ 5 Ë°å.
NOTIC: [8] Undefined index: url E:\WWW\panchun\Manager\Runtime\Cache\1343caa3f2d6915ebb19404732b7982b.php Á¨¨ 81 Ë°å.
INFO: ParseTemplate Behavior ::run [ RunTime:0.135008s ]
INFO: [ view_parse ] --END-- [ RunTime:0.135008s ]
INFO: [ view_filter ] --START--
INFO: ContentReplace Behavior ::run [ RunTime:0.003000s ]
INFO: TokenBuild Behavior ::run [ RunTime:0.003000s ]
INFO: WriteHtmlCache Behavior ::run [ RunTime:0.002000s ]
INFO: ShowRuntime Behavior ::run [ RunTime:0.005000s ]
INFO: [ view_filter ] --END-- [ RunTime:0.013000s ]
INFO: [ view_end ] --START--
INFO: ShowPageTrace Behavior ::run [ RunTime:0.003001s ]
INFO: [ view_end ] --END-- [ RunTime:0.003001s ]

[ 2015-12-13T15:54:19+08:00 ] 0.0.0.0 /panchun/manager.php
INFO: [ app_begin ] --START--
INFO: ReadHtmlCache Behavior ::run [ RunTime:0.002000s ]
INFO: [ app_begin ] --END-- [ RunTime:0.002000s ]
SQL: SHOW COLUMNS FROM `lu_group_class` [ RunTime:0.041002s ]
SQL: SELECT * FROM `lu_group_class` WHERE ( `status` = 1 ) ORDER BY sort desc, id desc  [ RunTime:0.001000s ]
SQL: SHOW COLUMNS FROM `lu_node` [ RunTime:0.011001s ]
SQL: SELECT `id` FROM `lu_node` LIMIT 1   [ RunTime:0.001000s ]
SQL: SELECT `id`,`name`,`group_id`,`title` FROM `lu_node` WHERE ( `level` = 2 ) AND ( `status` = 1 ) AND ( `pid` = 1 ) ORDER BY sort asc  [ RunTime:0.005000s ]
NOTIC: [8] Undefined index: _ACCESS_LIST E:\WWW\panchun\Manager\Lib\Action\IndexAction.class.php Á¨¨ 22 Ë°å.
SQL: SHOW COLUMNS FROM `lu_group` [ RunTime:0.028002s ]
SQL: SELECT * FROM `lu_group` WHERE ( `group_menu` = 'News' ) AND ( `status` = 1 ) ORDER BY sort desc,id desc  [ RunTime:0.000000s ]
SQL: SHOW COLUMNS FROM `lu_article` [ RunTime:0.008001s ]
SQL: SELECT * FROM `lu_article` WHERE ( `class_id` = 3 ) AND ( `status` = 1 ) ORDER BY sort desc,id desc  [ RunTime:0.000000s ]
INFO: [ view_parse ] --START--
NOTIC: [8] Undefined index: level E:\WWW\panchun\Manager\Runtime\Cache\0786eb28855449a6b7a5b110b592283d.php Á¨¨ 118 Ë°å.
INFO: ParseTemplate Behavior ::run [ RunTime:0.027001s ]
INFO: [ view_parse ] --END-- [ RunTime:0.027001s ]
INFO: [ view_filter ] --START--
INFO: ContentReplace Behavior ::run [ RunTime:0.001000s ]
INFO: TokenBuild Behavior ::run [ RunTime:0.001000s ]
INFO: WriteHtmlCache Behavior ::run [ RunTime:0.001000s ]
INFO: ShowRuntime Behavior ::run [ RunTime:0.001000s ]
INFO: [ view_filter ] --END-- [ RunTime:0.004000s ]
INFO: [ view_end ] --START--
INFO: ShowPageTrace Behavior ::run [ RunTime:0.001000s ]
INFO: [ view_end ] --END-- [ RunTime:0.001000s ]

[ 2015-12-13T15:54:22+08:00 ] 0.0.0.0 /panchun/manager.php?s=/Organize&_=1449993260941
INFO: [ route_check ] --START--
INFO: CheckRoute Behavior ::run [ RunTime:0.001000s ]
INFO: [ route_check ] --END-- [ RunTime:0.001000s ]
NOTIC: [2] htmlspecialchars() expects parameter 2 to be long, string given E:\WWW\panchun\ThinkPHP\Lib\Core\App.class.php Á¨¨ 57 Ë°å.
INFO: [ app_begin ] --START--
INFO: ReadHtmlCache Behavior ::run [ RunTime:0.001000s ]
INFO: [ app_begin ] --END-- [ RunTime:0.001000s ]
SQL: SHOW COLUMNS FROM `lu_classes` [ RunTime:0.016000s ]
ERR: 1146:Table 'test.lu_classes' doesn't exist
 [ SQLËØ≠Âè• ] : SHOW COLUMNS FROM `lu_classes`
SQL: SELECT * FROM `lu_classes` WHERE ( status=1 )  [ RunTime:0.001001s ]
ERR: 1146:Table 'test.lu_classes' doesn't exist
 [ SQLËØ≠Âè• ] : SELECT * FROM `lu_classes` WHERE ( status=1 ) 
NOTIC: [8] Undefined variable: className E:\WWW\panchun\Manager\Common\common.php Á¨¨ 542 Ë°å.
SQL: SHOW COLUMNS FROM `lu_organize` [ RunTime:0.011000s ]
NOTIC: [8] Undefined index: product E:\WWW\panchun\Manager\Lib\Action\OrganizeAction.class.php Á¨¨ 5 Ë°å.
NOTIC: [8] Undefined index: uname E:\WWW\panchun\Manager\Lib\Action\OrganizeAction.class.php Á¨¨ 5 Ë°å.
NOTIC: [8] Undefined index: status E:\WWW\panchun\Manager\Lib\Action\OrganizeAction.class.php Á¨¨ 5 Ë°å.
NOTIC: Âª∫ËÆÆ‰ΩøÁî®IÊñπÊ≥ïÊõø‰ª£_get
NOTIC: [8] Undefined index: maps E:\WWW\panchun\Manager\Lib\Action\CommonAction.class.php Á¨¨ 183 Ë°å.
NOTIC: [8] Undefined index: moshi E:\WWW\panchun\Manager\Lib\Action\CommonAction.class.php Á¨¨ 185 Ë°å.
NOTIC: [8] Undefined index: moshi E:\WWW\panchun\Manager\Lib\Action\CommonAction.class.php Á¨¨ 189 Ë°å.
SQL: SELECT COUNT(id) AS tp_count FROM `lu_organize` LIMIT 1   [ RunTime:0.000000s ]
NOTIC: [8] Undefined index: pageNum E:\WWW\panchun\Manager\Lib\Action\CommonAction.class.php Á¨¨ 207 Ë°å.
SQL: SELECT * FROM `lu_organize` ORDER BY id desc LIMIT 20   [ RunTime:0.002000s ]
NOTIC: [2] Invalid argument supplied for foreach() E:\WWW\panchun\Manager\Lib\Action\CommonAction.class.php Á¨¨ 210 Ë°å.
NOTIC: [8] Undefined variable: sort E:\WWW\panchun\Manager\Lib\Action\CommonAction.class.php Á¨¨ 220 Ë°å.
NOTIC: [8] Undefined variable: sortImg E:\WWW\panchun\Manager\Lib\Action\CommonAction.class.php Á¨¨ 222 Ë°å.
NOTIC: [8] Undefined variable: sortAlt E:\WWW\panchun\Manager\Lib\Action\CommonAction.class.php Á¨¨ 223 Ë°å.
NOTIC: [8] Undefined index: tpls E:\WWW\panchun\Manager\Lib\Action\CommonAction.class.php Á¨¨ 237 Ë°å.
INFO: [ view_parse ] --START--
NOTIC: [8] Undefined index: _order E:\WWW\panchun\Manager\Runtime\Cache\1343caa3f2d6915ebb19404732b7982b.php Á¨¨ 3 Ë°å.
NOTIC: [8] Undefined index: _sort E:\WWW\panchun\Manager\Runtime\Cache\1343caa3f2d6915ebb19404732b7982b.php Á¨¨ 4 Ë°å.
NOTIC: [8] Undefined variable: map E:\WWW\panchun\Manager\Runtime\Cache\1343caa3f2d6915ebb19404732b7982b.php Á¨¨ 5 Ë°å.
NOTIC: [8] Undefined index: _order E:\WWW\panchun\Manager\Runtime\Cache\1343caa3f2d6915ebb19404732b7982b.php Á¨¨ 59 Ë°å.
NOTIC: [8] Undefined index: url E:\WWW\panchun\Manager\Runtime\Cache\1343caa3f2d6915ebb19404732b7982b.php Á¨¨ 81 Ë°å.
NOTIC: [8] Undefined index: url E:\WWW\panchun\Manager\Runtime\Cache\1343caa3f2d6915ebb19404732b7982b.php Á¨¨ 81 Ë°å.
INFO: ParseTemplate Behavior ::run [ RunTime:0.049003s ]
INFO: [ view_parse ] --END-- [ RunTime:0.049003s ]
INFO: [ view_filter ] --START--
INFO: ContentReplace Behavior ::run [ RunTime:0.001000s ]
INFO: TokenBuild Behavior ::run [ RunTime:0.001000s ]
INFO: WriteHtmlCache Behavior ::run [ RunTime:0.001000s ]
INFO: ShowRuntime Behavior ::run [ RunTime:0.000000s ]
INFO: [ view_filter ] --END-- [ RunTime:0.003000s ]
INFO: [ view_end ] --START--
INFO: ShowPageTrace Behavior ::run [ RunTime:0.001000s ]
INFO: [ view_end ] --END-- [ RunTime:0.001000s ]

[ 2015-12-13T16:02:33+08:00 ] 0.0.0.0 /panchun/manager.php
INFO: [ app_begin ] --START--
INFO: ReadHtmlCache Behavior ::run [ RunTime:0.002000s ]
INFO: [ app_begin ] --END-- [ RunTime:0.002000s ]
SQL: SHOW COLUMNS FROM `lu_group_class` [ RunTime:0.022001s ]
SQL: SELECT * FROM `lu_group_class` WHERE ( `status` = 1 ) ORDER BY sort desc, id desc  [ RunTime:0.002000s ]
SQL: SHOW COLUMNS FROM `lu_node` [ RunTime:0.015001s ]
SQL: SELECT `id` FROM `lu_node` LIMIT 1   [ RunTime:0.001000s ]
SQL: SELECT `id`,`name`,`group_id`,`title` FROM `lu_node` WHERE ( `level` = 2 ) AND ( `status` = 1 ) AND ( `pid` = 1 ) ORDER BY sort asc  [ RunTime:0.002000s ]
NOTIC: [8] Undefined index: _ACCESS_LIST E:\WWW\panchun\Manager\Lib\Action\IndexAction.class.php Á¨¨ 22 Ë°å.
SQL: SHOW COLUMNS FROM `lu_group` [ RunTime:0.006001s ]
SQL: SELECT * FROM `lu_group` WHERE ( `group_menu` = 'News' ) AND ( `status` = 1 ) ORDER BY sort desc,id desc  [ RunTime:0.000000s ]
SQL: SHOW COLUMNS FROM `lu_article` [ RunTime:0.006000s ]
SQL: SELECT * FROM `lu_article` WHERE ( `class_id` = 3 ) AND ( `status` = 1 ) ORDER BY sort desc,id desc  [ RunTime:0.001000s ]
INFO: [ view_parse ] --START--
NOTIC: [8] Undefined index: level E:\WWW\panchun\Manager\Runtime\Cache\0786eb28855449a6b7a5b110b592283d.php Á¨¨ 118 Ë°å.
INFO: ParseTemplate Behavior ::run [ RunTime:0.019001s ]
INFO: [ view_parse ] --END-- [ RunTime:0.019001s ]
INFO: [ view_filter ] --START--
INFO: ContentReplace Behavior ::run [ RunTime:0.001000s ]
INFO: TokenBuild Behavior ::run [ RunTime:0.001001s ]
INFO: WriteHtmlCache Behavior ::run [ RunTime:0.001000s ]
INFO: ShowRuntime Behavior ::run [ RunTime:0.000000s ]
INFO: [ view_filter ] --END-- [ RunTime:0.003001s ]
INFO: [ view_end ] --START--
INFO: ShowPageTrace Behavior ::run [ RunTime:0.000000s ]
INFO: [ view_end ] --END-- [ RunTime:0.000000s ]

[ 2015-12-13T16:02:35+08:00 ] 0.0.0.0 /panchun/manager.php?s=/Organize&_=1449993754854
INFO: [ route_check ] --START--
INFO: CheckRoute Behavior ::run [ RunTime:0.002000s ]
INFO: [ route_check ] --END-- [ RunTime:0.002000s ]
NOTIC: [2] htmlspecialchars() expects parameter 2 to be long, string given E:\WWW\panchun\ThinkPHP\Lib\Core\App.class.php Á¨¨ 57 Ë°å.
INFO: [ app_begin ] --START--
INFO: ReadHtmlCache Behavior ::run [ RunTime:0.002000s ]
INFO: [ app_begin ] --END-- [ RunTime:0.002000s ]
SQL: SHOW COLUMNS FROM `lu_classes` [ RunTime:0.010001s ]
ERR: 1146:Table 'test.lu_classes' doesn't exist
 [ SQLËØ≠Âè• ] : SHOW COLUMNS FROM `lu_classes`
SQL: SELECT * FROM `lu_classes` WHERE ( status=1 )  [ RunTime:0.001000s ]
ERR: 1146:Table 'test.lu_classes' doesn't exist
 [ SQLËØ≠Âè• ] : SELECT * FROM `lu_classes` WHERE ( status=1 ) 
NOTIC: [8] Undefined variable: className E:\WWW\panchun\Manager\Common\common.php Á¨¨ 542 Ë°å.
SQL: SHOW COLUMNS FROM `lu_organize` [ RunTime:0.012001s ]
NOTIC: [8] Undefined index: product E:\WWW\panchun\Manager\Lib\Action\OrganizeAction.class.php Á¨¨ 5 Ë°å.
NOTIC: [8] Undefined index: uname E:\WWW\panchun\Manager\Lib\Action\OrganizeAction.class.php Á¨¨ 5 Ë°å.
NOTIC: [8] Undefined index: status E:\WWW\panchun\Manager\Lib\Action\OrganizeAction.class.php Á¨¨ 5 Ë°å.
NOTIC: Âª∫ËÆÆ‰ΩøÁî®IÊñπÊ≥ïÊõø‰ª£_get
NOTIC: [8] Undefined index: maps E:\WWW\panchun\Manager\Lib\Action\CommonAction.class.php Á¨¨ 183 Ë°å.
NOTIC: [8] Undefined index: moshi E:\WWW\panchun\Manager\Lib\Action\CommonAction.class.php Á¨¨ 185 Ë°å.
NOTIC: [8] Undefined index: moshi E:\WWW\panchun\Manager\Lib\Action\CommonAction.class.php Á¨¨ 189 Ë°å.
SQL: SELECT COUNT(id) AS tp_count FROM `lu_organize` LIMIT 1   [ RunTime:0.000000s ]
NOTIC: [8] Undefined index: pageNum E:\WWW\panchun\Manager\Lib\Action\CommonAction.class.php Á¨¨ 207 Ë°å.
SQL: SELECT * FROM `lu_organize` ORDER BY id desc LIMIT 20   [ RunTime:0.002000s ]
NOTIC: [2] Invalid argument supplied for foreach() E:\WWW\panchun\Manager\Lib\Action\CommonAction.class.php Á¨¨ 210 Ë°å.
NOTIC: [8] Undefined variable: sort E:\WWW\panchun\Manager\Lib\Action\CommonAction.class.php Á¨¨ 220 Ë°å.
NOTIC: [8] Undefined variable: sortImg E:\WWW\panchun\Manager\Lib\Action\CommonAction.class.php Á¨¨ 222 Ë°å.
NOTIC: [8] Undefined variable: sortAlt E:\WWW\panchun\Manager\Lib\Action\CommonAction.class.php Á¨¨ 223 Ë°å.
NOTIC: [8] Undefined index: tpls E:\WWW\panchun\Manager\Lib\Action\CommonAction.class.php Á¨¨ 237 Ë°å.
INFO: [ view_parse ] --START--
NOTIC: [8] Undefined index: _order E:\WWW\panchun\Manager\Runtime\Cache\1343caa3f2d6915ebb19404732b7982b.php Á¨¨ 3 Ë°å.
NOTIC: [8] Undefined index: _sort E:\WWW\panchun\Manager\Runtime\Cache\1343caa3f2d6915ebb19404732b7982b.php Á¨¨ 4 Ë°å.
NOTIC: [8] Undefined variable: map E:\WWW\panchun\Manager\Runtime\Cache\1343caa3f2d6915ebb19404732b7982b.php Á¨¨ 5 Ë°å.
NOTIC: [8] Undefined index: _order E:\WWW\panchun\Manager\Runtime\Cache\1343caa3f2d6915ebb19404732b7982b.php Á¨¨ 59 Ë°å.
NOTIC: [8] Undefined index: url E:\WWW\panchun\Manager\Runtime\Cache\1343caa3f2d6915ebb19404732b7982b.php Á¨¨ 83 Ë°å.
NOTIC: [8] Undefined index: url E:\WWW\panchun\Manager\Runtime\Cache\1343caa3f2d6915ebb19404732b7982b.php Á¨¨ 83 Ë°å.
INFO: ParseTemplate Behavior ::run [ RunTime:0.019001s ]
INFO: [ view_parse ] --END-- [ RunTime:0.019001s ]
INFO: [ view_filter ] --START--
INFO: ContentReplace Behavior ::run [ RunTime:0.001000s ]
INFO: TokenBuild Behavior ::run [ RunTime:0.001000s ]
INFO: WriteHtmlCache Behavior ::run [ RunTime:0.001000s ]
INFO: ShowRuntime Behavior ::run [ RunTime:0.001000s ]
INFO: [ view_filter ] --END-- [ RunTime:0.004000s ]
INFO: [ view_end ] --START--
INFO: ShowPageTrace Behavior ::run [ RunTime:0.001001s ]
INFO: [ view_end ] --END-- [ RunTime:0.001001s ]

[ 2015-12-13T16:50:23+08:00 ] 0.0.0.0 /panchun/manager.php
INFO: [ app_begin ] --START--
INFO: ReadHtmlCache Behavior ::run [ RunTime:0.001000s ]
INFO: [ app_begin ] --END-- [ RunTime:0.001000s ]
SQL: SHOW COLUMNS FROM `lu_group_class` [ RunTime:0.010001s ]
SQL: SELECT * FROM `lu_group_class` WHERE ( `status` = 1 ) ORDER BY sort desc, id desc  [ RunTime:0.001000s ]
SQL: SHOW COLUMNS FROM `lu_node` [ RunTime:0.009001s ]
SQL: SELECT `id` FROM `lu_node` LIMIT 1   [ RunTime:0.000000s ]
SQL: SELECT `id`,`name`,`group_id`,`title` FROM `lu_node` WHERE ( `level` = 2 ) AND ( `status` = 1 ) AND ( `pid` = 1 ) ORDER BY sort asc  [ RunTime:0.002000s ]
NOTIC: [8] Undefined index: _ACCESS_LIST E:\WWW\panchun\Manager\Lib\Action\IndexAction.class.php Á¨¨ 22 Ë°å.
SQL: SHOW COLUMNS FROM `lu_group` [ RunTime:0.006000s ]
SQL: SELECT * FROM `lu_group` WHERE ( `group_menu` = 'News' ) AND ( `status` = 1 ) ORDER BY sort desc,id desc  [ RunTime:0.001000s ]
SQL: SHOW COLUMNS FROM `lu_article` [ RunTime:0.006001s ]
SQL: SELECT * FROM `lu_article` WHERE ( `class_id` = 3 ) AND ( `status` = 1 ) ORDER BY sort desc,id desc  [ RunTime:0.001000s ]
INFO: [ view_parse ] --START--
NOTIC: [8] Undefined index: level E:\WWW\panchun\Manager\Runtime\Cache\0786eb28855449a6b7a5b110b592283d.php Á¨¨ 118 Ë°å.
INFO: ParseTemplate Behavior ::run [ RunTime:0.036002s ]
INFO: [ view_parse ] --END-- [ RunTime:0.037002s ]
INFO: [ view_filter ] --START--
INFO: ContentReplace Behavior ::run [ RunTime:0.001000s ]
INFO: TokenBuild Behavior ::run [ RunTime:0.001000s ]
INFO: WriteHtmlCache Behavior ::run [ RunTime:0.001000s ]
INFO: ShowRuntime Behavior ::run [ RunTime:0.001000s ]
INFO: [ view_filter ] --END-- [ RunTime:0.004000s ]
INFO: [ view_end ] --START--
INFO: ShowPageTrace Behavior ::run [ RunTime:0.002000s ]
INFO: [ view_end ] --END-- [ RunTime:0.002000s ]

[ 2015-12-13T16:50:24+08:00 ] 0.0.0.0 /panchun/manager.php
INFO: [ app_begin ] --START--
INFO: ReadHtmlCache Behavior ::run [ RunTime:0.002000s ]
INFO: [ app_begin ] --END-- [ RunTime:0.002000s ]
SQL: SHOW COLUMNS FROM `lu_group_class` [ RunTime:0.008001s ]
SQL: SELECT * FROM `lu_group_class` WHERE ( `status` = 1 ) ORDER BY sort desc, id desc  [ RunTime:0.001000s ]
SQL: SHOW COLUMNS FROM `lu_node` [ RunTime:0.009000s ]
SQL: SELECT `id` FROM `lu_node` LIMIT 1   [ RunTime:0.001000s ]
SQL: SELECT `id`,`name`,`group_id`,`title` FROM `lu_node` WHERE ( `level` = 2 ) AND ( `status` = 1 ) AND ( `pid` = 1 ) ORDER BY sort asc  [ RunTime:0.002001s ]
NOTIC: [8] Undefined index: _ACCESS_LIST E:\WWW\panchun\Manager\Lib\Action\IndexAction.class.php Á¨¨ 22 Ë°å.
SQL: SHOW COLUMNS FROM `lu_group` [ RunTime:0.009000s ]
SQL: SELECT * FROM `lu_group` WHERE ( `group_menu` = 'News' ) AND ( `status` = 1 ) ORDER BY sort desc,id desc  [ RunTime:0.001000s ]
SQL: SHOW COLUMNS FROM `lu_article` [ RunTime:0.009001s ]
SQL: SELECT * FROM `lu_article` WHERE ( `class_id` = 3 ) AND ( `status` = 1 ) ORDER BY sort desc,id desc  [ RunTime:0.000000s ]
INFO: [ view_parse ] --START--
NOTIC: [8] Undefined index: level E:\WWW\panchun\Manager\Runtime\Cache\0786eb28855449a6b7a5b110b592283d.php Á¨¨ 118 Ë°å.
INFO: ParseTemplate Behavior ::run [ RunTime:0.021001s ]
INFO: [ view_parse ] --END-- [ RunTime:0.021001s ]
INFO: [ view_filter ] --START--
INFO: ContentReplace Behavior ::run [ RunTime:0.001000s ]
INFO: TokenBuild Behavior ::run [ RunTime:0.001000s ]
INFO: WriteHtmlCache Behavior ::run [ RunTime:0.001000s ]
INFO: ShowRuntime Behavior ::run [ RunTime:0.001000s ]
INFO: [ view_filter ] --END-- [ RunTime:0.004000s ]
INFO: [ view_end ] --START--
INFO: ShowPageTrace Behavior ::run [ RunTime:0.001000s ]
INFO: [ view_end ] --END-- [ RunTime:0.001000s ]

[ 2015-12-13T16:50:28+08:00 ] 0.0.0.0 /panchun/manager.php?s=/Organize&_=1449996626863
INFO: [ route_check ] --START--
INFO: CheckRoute Behavior ::run [ RunTime:0.002000s ]
INFO: [ route_check ] --END-- [ RunTime:0.002000s ]
NOTIC: [2] htmlspecialchars() expects parameter 2 to be long, string given E:\WWW\panchun\ThinkPHP\Lib\Core\App.class.php Á¨¨ 57 Ë°å.
INFO: [ app_begin ] --START--
INFO: ReadHtmlCache Behavior ::run [ RunTime:0.001000s ]
INFO: [ app_begin ] --END-- [ RunTime:0.001000s ]
SQL: SHOW COLUMNS FROM `lu_classes` [ RunTime:0.006000s ]
ERR: 1146:Table 'test.lu_classes' doesn't exist
 [ SQLËØ≠Âè• ] : SHOW COLUMNS FROM `lu_classes`
SQL: SELECT * FROM `lu_classes` WHERE ( status=1 )  [ RunTime:0.000000s ]
ERR: 1146:Table 'test.lu_classes' doesn't exist
 [ SQLËØ≠Âè• ] : SELECT * FROM `lu_classes` WHERE ( status=1 ) 
NOTIC: [8] Undefined variable: className E:\WWW\panchun\Manager\Common\common.php Á¨¨ 542 Ë°å.
SQL: SHOW COLUMNS FROM `lu_organize` [ RunTime:0.009001s ]
NOTIC: [8] Undefined index: product E:\WWW\panchun\Manager\Lib\Action\OrganizeAction.class.php Á¨¨ 5 Ë°å.
NOTIC: [8] Undefined index: uname E:\WWW\panchun\Manager\Lib\Action\OrganizeAction.class.php Á¨¨ 5 Ë°å.
NOTIC: [8] Undefined index: status E:\WWW\panchun\Manager\Lib\Action\OrganizeAction.class.php Á¨¨ 5 Ë°å.
NOTIC: Âª∫ËÆÆ‰ΩøÁî®IÊñπÊ≥ïÊõø‰ª£_get
NOTIC: [8] Undefined index: maps E:\WWW\panchun\Manager\Lib\Action\CommonAction.class.php Á¨¨ 183 Ë°å.
NOTIC: [8] Undefined index: moshi E:\WWW\panchun\Manager\Lib\Action\CommonAction.class.php Á¨¨ 185 Ë°å.
NOTIC: [8] Undefined index: moshi E:\WWW\panchun\Manager\Lib\Action\CommonAction.class.php Á¨¨ 189 Ë°å.
SQL: SELECT COUNT(id) AS tp_count FROM `lu_organize` LIMIT 1   [ RunTime:0.001000s ]
NOTIC: [8] Undefined index: pageNum E:\WWW\panchun\Manager\Lib\Action\CommonAction.class.php Á¨¨ 207 Ë°å.
SQL: SELECT * FROM `lu_organize` ORDER BY id desc LIMIT 20   [ RunTime:0.002000s ]
NOTIC: [2] Invalid argument supplied for foreach() E:\WWW\panchun\Manager\Lib\Action\CommonAction.class.php Á¨¨ 210 Ë°å.
NOTIC: [8] Undefined variable: sort E:\WWW\panchun\Manager\Lib\Action\CommonAction.class.php Á¨¨ 220 Ë°å.
NOTIC: [8] Undefined variable: sortImg E:\WWW\panchun\Manager\Lib\Action\CommonAction.class.php Á¨¨ 222 Ë°å.
NOTIC: [8] Undefined variable: sortAlt E:\WWW\panchun\Manager\Lib\Action\CommonAction.class.php Á¨¨ 223 Ë°å.
NOTIC: [8] Undefined index: tpls E:\WWW\panchun\Manager\Lib\Action\CommonAction.class.php Á¨¨ 237 Ë°å.
INFO: [ view_parse ] --START--
NOTIC: [8] Undefined index: _order E:\WWW\panchun\Manager\Runtime\Cache\1343caa3f2d6915ebb19404732b7982b.php Á¨¨ 3 Ë°å.
NOTIC: [8] Undefined index: _sort E:\WWW\panchun\Manager\Runtime\Cache\1343caa3f2d6915ebb19404732b7982b.php Á¨¨ 4 Ë°å.
NOTIC: [8] Undefined variable: map E:\WWW\panchun\Manager\Runtime\Cache\1343caa3f2d6915ebb19404732b7982b.php Á¨¨ 5 Ë°å.
NOTIC: [8] Undefined index: _order E:\WWW\panchun\Manager\Runtime\Cache\1343caa3f2d6915ebb19404732b7982b.php Á¨¨ 59 Ë°å.
NOTIC: [8] Undefined index: url E:\WWW\panchun\Manager\Runtime\Cache\1343caa3f2d6915ebb19404732b7982b.php Á¨¨ 83 Ë°å.
NOTIC: [8] Undefined index: url E:\WWW\panchun\Manager\Runtime\Cache\1343caa3f2d6915ebb19404732b7982b.php Á¨¨ 83 Ë°å.
INFO: ParseTemplate Behavior ::run [ RunTime:0.021001s ]
INFO: [ view_parse ] --END-- [ RunTime:0.021001s ]
INFO: [ view_filter ] --START--
INFO: ContentReplace Behavior ::run [ RunTime:0.001000s ]
INFO: TokenBuild Behavior ::run [ RunTime:0.002000s ]
INFO: WriteHtmlCache Behavior ::run [ RunTime:0.000000s ]
INFO: ShowRuntime Behavior ::run [ RunTime:0.001000s ]
INFO: [ view_filter ] --END-- [ RunTime:0.005000s ]
INFO: [ view_end ] --START--
INFO: ShowPageTrace Behavior ::run [ RunTime:0.001000s ]
INFO: [ view_end ] --END-- [ RunTime:0.001000s ]

