[ 2015-03-29T07:42:43+08:00 ] 61.135.190.72 /order/admin_order.php
INFO: [ app_begin ] --START--
INFO: ReadHtmlCache Behavior ::run [ RunTime:0.000681s ]
INFO: [ app_begin ] --END-- [ RunTime:0.000916s ]
NOTIC: [8] Undefined index:  7195a62edfd11a40a68c77ff40ee98a6 /home/wwwroot/test/public_html/order/Admin/Lib/ORG/Util/RBAC.class.php 第 180 行.
NOTIC: [8] Undefined index:  _ACCESS_LIST /home/wwwroot/test/public_html/order/Admin/Lib/ORG/Util/RBAC.class.php 第 184 行.
NOTIC: [8] Undefined index:  authId /home/wwwroot/test/public_html/order/Admin/Lib/Action/CommonAction.class.php(2) : eval()'d code(1) : eval()'d code(1) : eval()'d code 第 8 行.

[ 2015-03-29T07:42:43+08:00 ] 61.135.190.200 /order/admin_order.php?s=/Public/login
INFO: [ route_check ] --START--
INFO: CheckRoute Behavior ::run [ RunTime:0.000894s ]
INFO: [ route_check ] --END-- [ RunTime:0.001010s ]
INFO: [ app_begin ] --START--
INFO: ReadHtmlCache Behavior ::run [ RunTime:0.000603s ]
INFO: [ app_begin ] --END-- [ RunTime:0.000673s ]
INFO: [ view_parse ] --START--
INFO: ParseTemplate Behavior ::run [ RunTime:0.007856s ]
INFO: [ view_parse ] --END-- [ RunTime:0.007945s ]
INFO: [ view_filter ] --START--
INFO: ContentReplace Behavior ::run [ RunTime:0.000450s ]
INFO: TokenBuild Behavior ::run [ RunTime:0.000412s ]
INFO: WriteHtmlCache Behavior ::run [ RunTime:0.000323s ]
INFO: ShowRuntime Behavior ::run [ RunTime:0.000505s ]
INFO: [ view_filter ] --END-- [ RunTime:0.001887s ]
INFO: [ view_end ] --START--
INFO: ShowPageTrace Behavior ::run [ RunTime:0.000668s ]
INFO: [ view_end ] --END-- [ RunTime:0.000747s ]

[ 2015-03-29T07:45:19+08:00 ] 61.135.190.70 /order/admin_order.php
INFO: [ app_begin ] --START--
INFO: ReadHtmlCache Behavior ::run [ RunTime:0.000531s ]
INFO: [ app_begin ] --END-- [ RunTime:0.000632s ]
NOTIC: [8] Undefined index:  7195a62edfd11a40a68c77ff40ee98a6 /home/wwwroot/test/public_html/order/Admin/Lib/ORG/Util/RBAC.class.php 第 180 行.
NOTIC: [8] Undefined index:  _ACCESS_LIST /home/wwwroot/test/public_html/order/Admin/Lib/ORG/Util/RBAC.class.php 第 184 行.
NOTIC: [8] Undefined index:  authId /home/wwwroot/test/public_html/order/Admin/Lib/Action/CommonAction.class.php(2) : eval()'d code(1) : eval()'d code(1) : eval()'d code 第 8 行.

[ 2015-03-29T07:45:19+08:00 ] 61.135.190.201 /order/admin_order.php?s=/Public/login
INFO: [ route_check ] --START--
INFO: CheckRoute Behavior ::run [ RunTime:0.000829s ]
INFO: [ route_check ] --END-- [ RunTime:0.000963s ]
INFO: [ app_begin ] --START--
INFO: ReadHtmlCache Behavior ::run [ RunTime:0.000566s ]
INFO: [ app_begin ] --END-- [ RunTime:0.000678s ]
INFO: [ view_parse ] --START--
INFO: ParseTemplate Behavior ::run [ RunTime:0.007607s ]
INFO: [ view_parse ] --END-- [ RunTime:0.007681s ]
INFO: [ view_filter ] --START--
INFO: ContentReplace Behavior ::run [ RunTime:0.000417s ]
INFO: TokenBuild Behavior ::run [ RunTime:0.000452s ]
INFO: WriteHtmlCache Behavior ::run [ RunTime:0.000307s ]
INFO: ShowRuntime Behavior ::run [ RunTime:0.000516s ]
INFO: [ view_filter ] --END-- [ RunTime:0.001880s ]
INFO: [ view_end ] --START--
INFO: ShowPageTrace Behavior ::run [ RunTime:0.000597s ]
INFO: [ view_end ] --END-- [ RunTime:0.000753s ]

