[ 2015-04-13T06:26:17+08:00 ] 61.135.190.200 /admin_order.php
INFO: [ app_begin ] --START--
INFO: ReadHtmlCache Behavior ::run [ RunTime:0.003387s ]
INFO: [ app_begin ] --END-- [ RunTime:0.003543s ]
NOTIC: [8] Undefined index:  7195a62edfd11a40a68c77ff40ee98a6 /home/wwwroot/test/public_html/Admin/Lib/ORG/Util/RBAC.class.php 第 180 行.
NOTIC: [8] Undefined index:  _ACCESS_LIST /home/wwwroot/test/public_html/Admin/Lib/ORG/Util/RBAC.class.php 第 184 行.
NOTIC: [8] Undefined index:  authId /home/wwwroot/test/public_html/Admin/Lib/Action/CommonAction.class.php(2) : eval()'d code(1) : eval()'d code(1) : eval()'d code 第 8 行.

[ 2015-04-13T06:26:17+08:00 ] 61.135.190.200 /admin_order.php?s=/Organize
INFO: [ route_check ] --START--
INFO: CheckRoute Behavior ::run [ RunTime:0.001130s ]
INFO: [ route_check ] --END-- [ RunTime:0.001380s ]
INFO: [ app_begin ] --START--
INFO: ReadHtmlCache Behavior ::run [ RunTime:0.000747s ]
INFO: [ app_begin ] --END-- [ RunTime:0.000842s ]
NOTIC: [8] Undefined index:  3c77a2935af43dfc35c0a508b643d001 /home/wwwroot/test/public_html/Admin/Lib/ORG/Util/RBAC.class.php 第 180 行.
NOTIC: [8] Undefined index:  _ACCESS_LIST /home/wwwroot/test/public_html/Admin/Lib/ORG/Util/RBAC.class.php 第 184 行.
NOTIC: [8] Undefined index:  authId /home/wwwroot/test/public_html/Admin/Lib/Action/CommonAction.class.php(2) : eval()'d code(1) : eval()'d code(1) : eval()'d code 第 8 行.

[ 2015-04-13T06:26:18+08:00 ] 61.135.190.69 /admin_order.php?s=/Public/login
INFO: [ route_check ] --START--
INFO: CheckRoute Behavior ::run [ RunTime:0.001361s ]
INFO: [ route_check ] --END-- [ RunTime:0.001539s ]
INFO: [ app_begin ] --START--
INFO: ReadHtmlCache Behavior ::run [ RunTime:0.000898s ]
INFO: [ app_begin ] --END-- [ RunTime:0.001025s ]
INFO: [ view_parse ] --START--
INFO: ParseTemplate Behavior ::run [ RunTime:0.010986s ]
INFO: [ view_parse ] --END-- [ RunTime:0.011150s ]
INFO: [ view_filter ] --START--
INFO: ContentReplace Behavior ::run [ RunTime:0.000571s ]
INFO: TokenBuild Behavior ::run [ RunTime:0.000498s ]
INFO: WriteHtmlCache Behavior ::run [ RunTime:0.000356s ]
INFO: ShowRuntime Behavior ::run [ RunTime:0.000638s ]
INFO: [ view_filter ] --END-- [ RunTime:0.002498s ]
INFO: [ view_end ] --START--
INFO: ShowPageTrace Behavior ::run [ RunTime:0.013070s ]
INFO: [ view_end ] --END-- [ RunTime:0.013242s ]

[ 2015-04-13T06:26:18+08:00 ] 61.135.190.199 /admin_order.php?s=/Public/login
INFO: [ route_check ] --START--
INFO: CheckRoute Behavior ::run [ RunTime:0.001267s ]
INFO: [ route_check ] --END-- [ RunTime:0.001521s ]
INFO: [ app_begin ] --START--
INFO: ReadHtmlCache Behavior ::run [ RunTime:0.000769s ]
INFO: [ app_begin ] --END-- [ RunTime:0.000914s ]
INFO: [ view_parse ] --START--
INFO: ParseTemplate Behavior ::run [ RunTime:0.011316s ]
INFO: [ view_parse ] --END-- [ RunTime:0.011483s ]
INFO: [ view_filter ] --START--
INFO: ContentReplace Behavior ::run [ RunTime:0.000590s ]
INFO: TokenBuild Behavior ::run [ RunTime:0.000510s ]
INFO: WriteHtmlCache Behavior ::run [ RunTime:0.000368s ]
INFO: ShowRuntime Behavior ::run [ RunTime:0.000659s ]
INFO: [ view_filter ] --END-- [ RunTime:0.002820s ]
INFO: [ view_end ] --START--
INFO: ShowPageTrace Behavior ::run [ RunTime:0.001091s ]
INFO: [ view_end ] --END-- [ RunTime:0.001204s ]

[ 2015-04-13T06:28:17+08:00 ] 61.135.190.199 /admin_order.php?s=/Organize
INFO: [ route_check ] --START--
INFO: CheckRoute Behavior ::run [ RunTime:0.001483s ]
INFO: [ route_check ] --END-- [ RunTime:0.001759s ]
INFO: [ app_begin ] --START--
INFO: ReadHtmlCache Behavior ::run [ RunTime:0.000548s ]
INFO: [ app_begin ] --END-- [ RunTime:0.000665s ]
NOTIC: [8] Undefined index:  3c77a2935af43dfc35c0a508b643d001 /home/wwwroot/test/public_html/Admin/Lib/ORG/Util/RBAC.class.php 第 180 行.
NOTIC: [8] Undefined index:  _ACCESS_LIST /home/wwwroot/test/public_html/Admin/Lib/ORG/Util/RBAC.class.php 第 184 行.
NOTIC: [8] Undefined index:  authId /home/wwwroot/test/public_html/Admin/Lib/Action/CommonAction.class.php(2) : eval()'d code(1) : eval()'d code(1) : eval()'d code 第 8 行.

[ 2015-04-13T06:28:18+08:00 ] 61.135.190.68 /admin_order.php?s=/Public/login
INFO: [ route_check ] --START--
INFO: CheckRoute Behavior ::run [ RunTime:0.000807s ]
INFO: [ route_check ] --END-- [ RunTime:0.000908s ]
INFO: [ app_begin ] --START--
INFO: ReadHtmlCache Behavior ::run [ RunTime:0.000519s ]
INFO: [ app_begin ] --END-- [ RunTime:0.000595s ]
INFO: [ view_parse ] --START--
INFO: ParseTemplate Behavior ::run [ RunTime:0.007706s ]
INFO: [ view_parse ] --END-- [ RunTime:0.007812s ]
INFO: [ view_filter ] --START--
INFO: ContentReplace Behavior ::run [ RunTime:0.000436s ]
INFO: TokenBuild Behavior ::run [ RunTime:0.000421s ]
INFO: WriteHtmlCache Behavior ::run [ RunTime:0.000302s ]
INFO: ShowRuntime Behavior ::run [ RunTime:0.000536s ]
INFO: [ view_filter ] --END-- [ RunTime:0.001900s ]
INFO: [ view_end ] --START--
INFO: ShowPageTrace Behavior ::run [ RunTime:0.000741s ]
INFO: [ view_end ] --END-- [ RunTime:0.000813s ]

[ 2015-04-13T06:29:27+08:00 ] 61.135.190.199 /admin_order.php
INFO: [ app_begin ] --START--
INFO: ReadHtmlCache Behavior ::run [ RunTime:0.000615s ]
INFO: [ app_begin ] --END-- [ RunTime:0.000750s ]
NOTIC: [8] Undefined index:  7195a62edfd11a40a68c77ff40ee98a6 /home/wwwroot/test/public_html/Admin/Lib/ORG/Util/RBAC.class.php 第 180 行.
NOTIC: [8] Undefined index:  _ACCESS_LIST /home/wwwroot/test/public_html/Admin/Lib/ORG/Util/RBAC.class.php 第 184 行.
NOTIC: [8] Undefined index:  authId /home/wwwroot/test/public_html/Admin/Lib/Action/CommonAction.class.php(2) : eval()'d code(1) : eval()'d code(1) : eval()'d code 第 8 行.

[ 2015-04-13T06:29:27+08:00 ] 61.135.190.72 /admin_order.php?s=/Public/login
INFO: [ route_check ] --START--
INFO: CheckRoute Behavior ::run [ RunTime:0.001199s ]
INFO: [ route_check ] --END-- [ RunTime:0.001325s ]
INFO: [ app_begin ] --START--
INFO: ReadHtmlCache Behavior ::run [ RunTime:0.000583s ]
INFO: [ app_begin ] --END-- [ RunTime:0.000684s ]
INFO: [ view_parse ] --START--
INFO: ParseTemplate Behavior ::run [ RunTime:0.010314s ]
INFO: [ view_parse ] --END-- [ RunTime:0.010444s ]
INFO: [ view_filter ] --START--
INFO: ContentReplace Behavior ::run [ RunTime:0.000432s ]
INFO: TokenBuild Behavior ::run [ RunTime:0.000384s ]
INFO: WriteHtmlCache Behavior ::run [ RunTime:0.000323s ]
INFO: ShowRuntime Behavior ::run [ RunTime:0.000496s ]
INFO: [ view_filter ] --END-- [ RunTime:0.001895s ]
INFO: [ view_end ] --START--
INFO: ShowPageTrace Behavior ::run [ RunTime:0.000735s ]
INFO: [ view_end ] --END-- [ RunTime:0.000799s ]

