[ 2015-03-28T19:15:34+08:00 ] 222.213.38.170 /order/admin_order.php
INFO: [ app_begin ] --START--
INFO: ReadHtmlCache Behavior ::run [ RunTime:0.000690s ]
INFO: [ app_begin ] --END-- [ RunTime:0.000786s ]
NOTIC: [8] Undefined index:  7195a62edfd11a40a68c77ff40ee98a6 /home/wwwroot/test/public_html/order/Admin/Lib/ORG/Util/RBAC.class.php 第 180 行.
NOTIC: [8] Undefined index:  _ACCESS_LIST /home/wwwroot/test/public_html/order/Admin/Lib/ORG/Util/RBAC.class.php 第 184 行.
NOTIC: [8] Undefined index:  authId /home/wwwroot/test/public_html/order/Admin/Lib/Action/CommonAction.class.php(2) : eval()'d code(1) : eval()'d code(1) : eval()'d code 第 8 行.

[ 2015-03-28T19:15:34+08:00 ] 222.213.38.170 /order/admin_order.php?s=/Public/login
INFO: [ route_check ] --START--
INFO: CheckRoute Behavior ::run [ RunTime:0.000796s ]
INFO: [ route_check ] --END-- [ RunTime:0.000913s ]
INFO: [ app_begin ] --START--
INFO: ReadHtmlCache Behavior ::run [ RunTime:0.000515s ]
INFO: [ app_begin ] --END-- [ RunTime:0.000581s ]
INFO: [ view_parse ] --START--
INFO: ParseTemplate Behavior ::run [ RunTime:0.007440s ]
INFO: [ view_parse ] --END-- [ RunTime:0.007541s ]
INFO: [ view_filter ] --START--
INFO: ContentReplace Behavior ::run [ RunTime:0.000643s ]
INFO: TokenBuild Behavior ::run [ RunTime:0.000641s ]
INFO: WriteHtmlCache Behavior ::run [ RunTime:0.000302s ]
INFO: ShowRuntime Behavior ::run [ RunTime:0.000553s ]
INFO: [ view_filter ] --END-- [ RunTime:0.002355s ]
INFO: [ view_end ] --START--
INFO: ShowPageTrace Behavior ::run [ RunTime:0.000618s ]
INFO: [ view_end ] --END-- [ RunTime:0.000682s ]

[ 2015-03-28T19:15:37+08:00 ] 222.213.38.170 /order/admin_order.php?s=/Public/verify/
INFO: [ route_check ] --START--
INFO: CheckRoute Behavior ::run [ RunTime:0.000891s ]
INFO: [ route_check ] --END-- [ RunTime:0.001012s ]
INFO: [ app_begin ] --START--
INFO: ReadHtmlCache Behavior ::run [ RunTime:0.000621s ]
INFO: [ app_begin ] --END-- [ RunTime:0.000686s ]
NOTIC: [8] ob_clean() [<a href='ref.outcontrol'>ref.outcontrol</a>]: failed to delete buffer. No buffer to delete. /home/wwwroot/test/public_html/order/Admin/Lib/ORG/Util/Image.class.php 第 558 行.

[ 2015-03-28T19:15:54+08:00 ] 222.213.38.170 /order/admin_order.php?s=/Public/checkLogin/
INFO: [ route_check ] --START--
INFO: CheckRoute Behavior ::run [ RunTime:0.000858s ]
INFO: [ route_check ] --END-- [ RunTime:0.000959s ]
NOTIC: [2] htmlspecialchars() expects parameter 2 to be long, string given /home/wwwroot/test/public_html/order/ThinkPHP/Lib/Core/App.class.php 第 56 行.
NOTIC: [2] htmlspecialchars() expects parameter 2 to be long, string given /home/wwwroot/test/public_html/order/ThinkPHP/Lib/Core/App.class.php 第 56 行.
NOTIC: [2] htmlspecialchars() expects parameter 2 to be long, string given /home/wwwroot/test/public_html/order/ThinkPHP/Lib/Core/App.class.php 第 56 行.
INFO: [ app_begin ] --START--
INFO: ReadHtmlCache Behavior ::run [ RunTime:0.000525s ]
INFO: [ app_begin ] --END-- [ RunTime:0.000589s ]
SQL: SHOW COLUMNS FROM `lu_user` [ RunTime:0.000990s ]
SQL: SELECT * FROM `lu_user` WHERE ( `account` = 'admin' ) AND ( `status` > 0 ) LIMIT 1   [ RunTime:0.000556s ]
SQL: SHOW COLUMNS FROM `lu_log` [ RunTime:0.000945s ]
SQL: INSERT INTO `lu_log` (`vc_operation`,`vc_module`,`creator_id`,`creator_name`,`vc_ip`,`createtime`) VALUES ('用户登录：登录成功！','系统管理','1','admin','222.213.38.170',1427541354) [ RunTime:0.000498s ]
SQL: UPDATE `lu_user` SET `last_login_time`=1427541354,`login_count`=login_count+1,`last_login_ip`='222.213.38.170' WHERE ( `id` = 1 ) [ RunTime:0.000345s ]

[ 2015-03-28T19:15:54+08:00 ] 222.213.38.170 /order/admin_order.php
INFO: [ app_begin ] --START--
INFO: ReadHtmlCache Behavior ::run [ RunTime:0.000680s ]
INFO: [ app_begin ] --END-- [ RunTime:0.000870s ]
SQL: SHOW COLUMNS FROM `lu_group_class` [ RunTime:0.001567s ]
SQL: SELECT * FROM `lu_group_class` WHERE ( `status` = 1 ) ORDER BY sort desc, id desc  [ RunTime:0.000756s ]
SQL: SHOW COLUMNS FROM `lu_node` [ RunTime:0.001753s ]
SQL: SELECT `id` FROM `lu_node` LIMIT 1   [ RunTime:0.000499s ]
SQL: SELECT `id`,`name`,`group_id`,`title` FROM `lu_node` WHERE ( `level` = 2 ) AND ( `status` = 1 ) AND ( `pid` = 1 ) ORDER BY sort asc  [ RunTime:0.000880s ]
NOTIC: [8] Undefined index:  _ACCESS_LIST /home/wwwroot/test/public_html/order/Admin/Lib/Action/IndexAction.class.php(2) : eval()'d code(1) : eval()'d code(1) : eval()'d code 第 14 行.
SQL: SHOW COLUMNS FROM `lu_group` [ RunTime:0.000982s ]
SQL: SELECT * FROM `lu_group` WHERE ( `group_menu` = 'News' ) AND ( `status` = 1 ) ORDER BY sort desc,id desc  [ RunTime:0.000634s ]
SQL: SHOW COLUMNS FROM `lu_article` [ RunTime:0.000756s ]
SQL: SELECT * FROM `lu_article` WHERE ( `class_id` = 3 ) AND ( `status` = 1 ) ORDER BY sort desc,id desc  [ RunTime:0.000468s ]
INFO: [ view_parse ] --START--
NOTIC: [8] Undefined index:  level /home/wwwroot/test/public_html/order/Admin/Runtime/Cache/20eabf8d43f497715f3e1a7ec1a2f00f.php 第 118 行.
INFO: ParseTemplate Behavior ::run [ RunTime:0.017406s ]
INFO: [ view_parse ] --END-- [ RunTime:0.017514s ]
INFO: [ view_filter ] --START--
INFO: ContentReplace Behavior ::run [ RunTime:0.000450s ]
INFO: TokenBuild Behavior ::run [ RunTime:0.000448s ]
INFO: WriteHtmlCache Behavior ::run [ RunTime:0.000286s ]
INFO: ShowRuntime Behavior ::run [ RunTime:0.000612s ]
INFO: [ view_filter ] --END-- [ RunTime:0.001973s ]
INFO: [ view_end ] --START--
INFO: ShowPageTrace Behavior ::run [ RunTime:0.000688s ]
INFO: [ view_end ] --END-- [ RunTime:0.000749s ]

[ 2015-03-28T19:16:18+08:00 ] 222.213.38.170 /order/admin_order.php?s=/Organize&_=1427541389049
INFO: [ route_check ] --START--
INFO: CheckRoute Behavior ::run [ RunTime:0.000819s ]
INFO: [ route_check ] --END-- [ RunTime:0.000958s ]
NOTIC: [2] htmlspecialchars() expects parameter 2 to be long, string given /home/wwwroot/test/public_html/order/ThinkPHP/Lib/Core/App.class.php 第 57 行.
INFO: [ app_begin ] --START--
INFO: ReadHtmlCache Behavior ::run [ RunTime:0.000581s ]
INFO: [ app_begin ] --END-- [ RunTime:0.000643s ]
SQL: SHOW COLUMNS FROM `lu_classes` [ RunTime:0.000993s ]
ERR: 1146:Table 'testhuachuang.lu_classes' doesn't exist
 [ SQL语句 ] : SHOW COLUMNS FROM `lu_classes`
SQL: SELECT * FROM `lu_classes` WHERE ( status=1 )  [ RunTime:0.000426s ]
ERR: 1146:Table 'testhuachuang.lu_classes' doesn't exist
 [ SQL语句 ] : SELECT * FROM `lu_classes` WHERE ( status=1 ) 
NOTIC: [8] Undefined variable: className /home/wwwroot/test/public_html/order/Admin/Common/common.php(2) : eval()'d code(1) : eval()'d code(1) : eval()'d code 第 401 行.
SQL: SHOW COLUMNS FROM `lu_organize` [ RunTime:0.001397s ]
NOTIC: [8] Undefined index:  product /home/wwwroot/test/public_html/order/Admin/Lib/Action/OrganizeAction.class.php(2) : eval()'d code(1) : eval()'d code(1) : eval()'d code 第 4 行.
NOTIC: [8] Undefined index:  uname /home/wwwroot/test/public_html/order/Admin/Lib/Action/OrganizeAction.class.php(2) : eval()'d code(1) : eval()'d code(1) : eval()'d code 第 4 行.
NOTIC: [8] Undefined index:  status /home/wwwroot/test/public_html/order/Admin/Lib/Action/OrganizeAction.class.php(2) : eval()'d code(1) : eval()'d code(1) : eval()'d code 第 4 行.
NOTIC: 建议使用I方法替代_get
NOTIC: [8] Undefined index:  maps /home/wwwroot/test/public_html/order/Admin/Lib/Action/CommonAction.class.php(2) : eval()'d code(1) : eval()'d code(1) : eval()'d code 第 102 行.
NOTIC: [8] Undefined index:  moshi /home/wwwroot/test/public_html/order/Admin/Lib/Action/CommonAction.class.php(2) : eval()'d code(1) : eval()'d code(1) : eval()'d code 第 103 行.
NOTIC: [8] Undefined index:  moshi /home/wwwroot/test/public_html/order/Admin/Lib/Action/CommonAction.class.php(2) : eval()'d code(1) : eval()'d code(1) : eval()'d code 第 106 行.
SQL: SELECT COUNT(id) AS tp_count FROM `lu_organize` LIMIT 1   [ RunTime:0.000413s ]
NOTIC: [8] Undefined index:  pageNum /home/wwwroot/test/public_html/order/Admin/Lib/Action/CommonAction.class.php(2) : eval()'d code(1) : eval()'d code(1) : eval()'d code 第 119 行.
SQL: SELECT * FROM `lu_organize` ORDER BY id desc LIMIT 15   [ RunTime:0.000330s ]
NOTIC: [2] Invalid argument supplied for foreach() /home/wwwroot/test/public_html/order/Admin/Lib/Action/CommonAction.class.php(2) : eval()'d code(1) : eval()'d code(1) : eval()'d code 第 120 行.
NOTIC: [8] Undefined variable: sort /home/wwwroot/test/public_html/order/Admin/Lib/Action/CommonAction.class.php(2) : eval()'d code(1) : eval()'d code(1) : eval()'d code 第 127 行.
NOTIC: [8] Undefined variable: sortImg /home/wwwroot/test/public_html/order/Admin/Lib/Action/CommonAction.class.php(2) : eval()'d code(1) : eval()'d code(1) : eval()'d code 第 129 行.
NOTIC: [8] Undefined variable: sortAlt /home/wwwroot/test/public_html/order/Admin/Lib/Action/CommonAction.class.php(2) : eval()'d code(1) : eval()'d code(1) : eval()'d code 第 130 行.
NOTIC: [8] Undefined index:  tpls /home/wwwroot/test/public_html/order/Admin/Lib/Action/CommonAction.class.php(2) : eval()'d code(1) : eval()'d code(1) : eval()'d code 第 138 行.
INFO: [ view_parse ] --START--
NOTIC: [8] Undefined index:  _order /home/wwwroot/test/public_html/order/Admin/Runtime/Cache/d1a70b1ec42aa2623e794c9fd70b79c6.php 第 3 行.
NOTIC: [8] Undefined index:  _sort /home/wwwroot/test/public_html/order/Admin/Runtime/Cache/d1a70b1ec42aa2623e794c9fd70b79c6.php 第 4 行.
NOTIC: [8] Undefined variable: map /home/wwwroot/test/public_html/order/Admin/Runtime/Cache/d1a70b1ec42aa2623e794c9fd70b79c6.php 第 5 行.
NOTIC: [8] Undefined index:  _order /home/wwwroot/test/public_html/order/Admin/Runtime/Cache/d1a70b1ec42aa2623e794c9fd70b79c6.php 第 60 行.
NOTIC: [8] Undefined index:  _order /home/wwwroot/test/public_html/order/Admin/Runtime/Cache/d1a70b1ec42aa2623e794c9fd70b79c6.php 第 62 行.
NOTIC: [8] Undefined index:  _order /home/wwwroot/test/public_html/order/Admin/Runtime/Cache/d1a70b1ec42aa2623e794c9fd70b79c6.php 第 63 行.
INFO: ParseTemplate Behavior ::run [ RunTime:0.016520s ]
INFO: [ view_parse ] --END-- [ RunTime:0.016693s ]
INFO: [ view_filter ] --START--
INFO: ContentReplace Behavior ::run [ RunTime:0.000569s ]
INFO: TokenBuild Behavior ::run [ RunTime:0.000419s ]
INFO: WriteHtmlCache Behavior ::run [ RunTime:0.000308s ]
INFO: ShowRuntime Behavior ::run [ RunTime:0.000549s ]
INFO: [ view_filter ] --END-- [ RunTime:0.002036s ]
INFO: [ view_end ] --START--
INFO: ShowPageTrace Behavior ::run [ RunTime:0.000658s ]
INFO: [ view_end ] --END-- [ RunTime:0.000716s ]

[ 2015-03-28T19:16:24+08:00 ] 222.213.38.170 /order/admin_order.php?s=/Organize/foreverdelete/id/204/navTabId/Organize
INFO: [ route_check ] --START--
INFO: CheckRoute Behavior ::run [ RunTime:0.000757s ]
INFO: [ route_check ] --END-- [ RunTime:0.000893s ]
NOTIC: [2] htmlspecialchars() expects parameter 2 to be long, string given /home/wwwroot/test/public_html/order/ThinkPHP/Lib/Core/App.class.php 第 57 行.
NOTIC: [2] htmlspecialchars() expects parameter 2 to be long, string given /home/wwwroot/test/public_html/order/ThinkPHP/Lib/Core/App.class.php 第 57 行.
INFO: [ app_begin ] --START--
INFO: ReadHtmlCache Behavior ::run [ RunTime:0.000589s ]
INFO: [ app_begin ] --END-- [ RunTime:0.000647s ]
NOTIC: [8] Undefined variable: className /home/wwwroot/test/public_html/order/Admin/Common/common.php(2) : eval()'d code(1) : eval()'d code(1) : eval()'d code 第 401 行.
SQL: SHOW COLUMNS FROM `lu_organize` [ RunTime:0.001619s ]
SQL: DELETE FROM `lu_organize` WHERE ( `id` IN ('204') ) [ RunTime:0.000804s ]

[ 2015-03-28T19:16:24+08:00 ] 222.213.38.170 /order/admin_order.php?s=/Organize&pageNum=1&_order=&_sort=&product=&uname=&status=&_=1427541395065
INFO: [ route_check ] --START--
INFO: CheckRoute Behavior ::run [ RunTime:0.000854s ]
INFO: [ route_check ] --END-- [ RunTime:0.000967s ]
NOTIC: [2] htmlspecialchars() expects parameter 2 to be long, string given /home/wwwroot/test/public_html/order/ThinkPHP/Lib/Core/App.class.php 第 57 行.
NOTIC: [2] htmlspecialchars() expects parameter 2 to be long, string given /home/wwwroot/test/public_html/order/ThinkPHP/Lib/Core/App.class.php 第 57 行.
NOTIC: [2] htmlspecialchars() expects parameter 2 to be long, string given /home/wwwroot/test/public_html/order/ThinkPHP/Lib/Core/App.class.php 第 57 行.
NOTIC: [2] htmlspecialchars() expects parameter 2 to be long, string given /home/wwwroot/test/public_html/order/ThinkPHP/Lib/Core/App.class.php 第 57 行.
NOTIC: [2] htmlspecialchars() expects parameter 2 to be long, string given /home/wwwroot/test/public_html/order/ThinkPHP/Lib/Core/App.class.php 第 57 行.
NOTIC: [2] htmlspecialchars() expects parameter 2 to be long, string given /home/wwwroot/test/public_html/order/ThinkPHP/Lib/Core/App.class.php 第 57 行.
NOTIC: [2] htmlspecialchars() expects parameter 2 to be long, string given /home/wwwroot/test/public_html/order/ThinkPHP/Lib/Core/App.class.php 第 57 行.
INFO: [ app_begin ] --START--
INFO: ReadHtmlCache Behavior ::run [ RunTime:0.000533s ]
INFO: [ app_begin ] --END-- [ RunTime:0.000592s ]
SQL: SHOW COLUMNS FROM `lu_classes` [ RunTime:0.000742s ]
ERR: 1146:Table 'testhuachuang.lu_classes' doesn't exist
 [ SQL语句 ] : SHOW COLUMNS FROM `lu_classes`
SQL: SELECT * FROM `lu_classes` WHERE ( status=1 )  [ RunTime:0.000376s ]
ERR: 1146:Table 'testhuachuang.lu_classes' doesn't exist
 [ SQL语句 ] : SELECT * FROM `lu_classes` WHERE ( status=1 ) 
NOTIC: [8] Undefined variable: className /home/wwwroot/test/public_html/order/Admin/Common/common.php(2) : eval()'d code(1) : eval()'d code(1) : eval()'d code 第 401 行.
SQL: SHOW COLUMNS FROM `lu_organize` [ RunTime:0.001663s ]
NOTIC: [8] Undefined index:  product /home/wwwroot/test/public_html/order/Admin/Lib/Action/OrganizeAction.class.php(2) : eval()'d code(1) : eval()'d code(1) : eval()'d code 第 4 行.
NOTIC: [8] Undefined index:  uname /home/wwwroot/test/public_html/order/Admin/Lib/Action/OrganizeAction.class.php(2) : eval()'d code(1) : eval()'d code(1) : eval()'d code 第 4 行.
NOTIC: [8] Undefined index:  status /home/wwwroot/test/public_html/order/Admin/Lib/Action/OrganizeAction.class.php(2) : eval()'d code(1) : eval()'d code(1) : eval()'d code 第 4 行.
NOTIC: 建议使用I方法替代_get
NOTIC: [8] Undefined index:  maps /home/wwwroot/test/public_html/order/Admin/Lib/Action/CommonAction.class.php(2) : eval()'d code(1) : eval()'d code(1) : eval()'d code 第 102 行.
NOTIC: [8] Undefined index:  moshi /home/wwwroot/test/public_html/order/Admin/Lib/Action/CommonAction.class.php(2) : eval()'d code(1) : eval()'d code(1) : eval()'d code 第 103 行.
NOTIC: [8] Undefined index:  moshi /home/wwwroot/test/public_html/order/Admin/Lib/Action/CommonAction.class.php(2) : eval()'d code(1) : eval()'d code(1) : eval()'d code 第 106 行.
SQL: SELECT COUNT(id) AS tp_count FROM `lu_organize` LIMIT 1   [ RunTime:0.000539s ]
SQL: SELECT * FROM `lu_organize` ORDER BY id desc LIMIT 0,15   [ RunTime:0.000422s ]
NOTIC: [2] Invalid argument supplied for foreach() /home/wwwroot/test/public_html/order/Admin/Lib/Action/CommonAction.class.php(2) : eval()'d code(1) : eval()'d code(1) : eval()'d code 第 120 行.
NOTIC: [8] Undefined variable: sort /home/wwwroot/test/public_html/order/Admin/Lib/Action/CommonAction.class.php(2) : eval()'d code(1) : eval()'d code(1) : eval()'d code 第 127 行.
NOTIC: [8] Undefined variable: sortImg /home/wwwroot/test/public_html/order/Admin/Lib/Action/CommonAction.class.php(2) : eval()'d code(1) : eval()'d code(1) : eval()'d code 第 129 行.
NOTIC: [8] Undefined variable: sortAlt /home/wwwroot/test/public_html/order/Admin/Lib/Action/CommonAction.class.php(2) : eval()'d code(1) : eval()'d code(1) : eval()'d code 第 130 行.
NOTIC: [8] Undefined index:  tpls /home/wwwroot/test/public_html/order/Admin/Lib/Action/CommonAction.class.php(2) : eval()'d code(1) : eval()'d code(1) : eval()'d code 第 138 行.
INFO: [ view_parse ] --START--
NOTIC: [8] Undefined variable: map /home/wwwroot/test/public_html/order/Admin/Runtime/Cache/d1a70b1ec42aa2623e794c9fd70b79c6.php 第 5 行.
INFO: ParseTemplate Behavior ::run [ RunTime:0.013015s ]
INFO: [ view_parse ] --END-- [ RunTime:0.013099s ]
INFO: [ view_filter ] --START--
INFO: ContentReplace Behavior ::run [ RunTime:0.000599s ]
INFO: TokenBuild Behavior ::run [ RunTime:0.000407s ]
INFO: WriteHtmlCache Behavior ::run [ RunTime:0.000482s ]
INFO: ShowRuntime Behavior ::run [ RunTime:0.000488s ]
INFO: [ view_filter ] --END-- [ RunTime:0.002302s ]
INFO: [ view_end ] --START--
INFO: ShowPageTrace Behavior ::run [ RunTime:0.000694s ]
INFO: [ view_end ] --END-- [ RunTime:0.000754s ]

