[ 2015-12-18T20:37:54+08:00 ] 0.0.0.0 /panchun/manager.php
INFO: [ app_begin ] --START--
INFO: ReadHtmlCache Behavior ::run [ RunTime:0.002000s ]
INFO: [ app_begin ] --END-- [ RunTime:0.002000s ]
NOTIC: [8] Undefined index: 8c17103053ba3dc0842182445e73b060 D:\WWW\panchun\Manager\Lib\ORG\Util\RBAC.class.php 第 180 行.
NOTIC: [8] Undefined index: _ACCESS_LIST D:\WWW\panchun\Manager\Lib\ORG\Util\RBAC.class.php 第 184 行.
NOTIC: [8] Undefined index: authId D:\WWW\panchun\Manager\Lib\Action\CommonAction.class.php 第 11 行.

[ 2015-12-18T20:37:54+08:00 ] 0.0.0.0 /panchun/manager.php?s=/Public/login
INFO: [ route_check ] --START--
INFO: CheckRoute Behavior ::run [ RunTime:0.025001s ]
INFO: [ route_check ] --END-- [ RunTime:0.025001s ]
INFO: [ app_begin ] --START--
INFO: ReadHtmlCache Behavior ::run [ RunTime:0.001000s ]
INFO: [ app_begin ] --END-- [ RunTime:0.001000s ]
INFO: [ view_parse ] --START--
INFO: ParseTemplate Behavior ::run [ RunTime:0.046003s ]
INFO: [ view_parse ] --END-- [ RunTime:0.046003s ]
INFO: [ view_filter ] --START--
INFO: ContentReplace Behavior ::run [ RunTime:0.003000s ]
INFO: TokenBuild Behavior ::run [ RunTime:0.000000s ]
INFO: WriteHtmlCache Behavior ::run [ RunTime:0.000000s ]
INFO: ShowRuntime Behavior ::run [ RunTime:0.001001s ]
INFO: [ view_filter ] --END-- [ RunTime:0.042003s ]
INFO: [ view_end ] --START--
INFO: ShowPageTrace Behavior ::run [ RunTime:0.001000s ]
INFO: [ view_end ] --END-- [ RunTime:0.002000s ]

[ 2015-12-18T20:37:55+08:00 ] 0.0.0.0 /panchun/manager.php?s=/Public/verify/
INFO: [ route_check ] --START--
INFO: CheckRoute Behavior ::run [ RunTime:0.002000s ]
INFO: [ route_check ] --END-- [ RunTime:0.002000s ]
INFO: [ app_begin ] --START--
INFO: ReadHtmlCache Behavior ::run [ RunTime:0.001000s ]
INFO: [ app_begin ] --END-- [ RunTime:0.001000s ]

[ 2015-12-18T20:38:04+08:00 ] 0.0.0.0 /panchun/manager.php?s=/Public/checkLogin/
INFO: [ route_check ] --START--
INFO: CheckRoute Behavior ::run [ RunTime:0.001000s ]
INFO: [ route_check ] --END-- [ RunTime:0.001000s ]
NOTIC: [2] htmlspecialchars() expects parameter 2 to be long, string given D:\WWW\panchun\ThinkPHP\Lib\Core\App.class.php 第 56 行.
NOTIC: [2] htmlspecialchars() expects parameter 2 to be long, string given D:\WWW\panchun\ThinkPHP\Lib\Core\App.class.php 第 56 行.
NOTIC: [2] htmlspecialchars() expects parameter 2 to be long, string given D:\WWW\panchun\ThinkPHP\Lib\Core\App.class.php 第 56 行.
INFO: [ app_begin ] --START--
INFO: ReadHtmlCache Behavior ::run [ RunTime:0.000000s ]
INFO: [ app_begin ] --END-- [ RunTime:0.000000s ]
ERR: Unknown database 'test'

[ 2015-12-18T20:42:53+08:00 ] 0.0.0.0 /panchun/manager.php?s=/Public/checkLogin/
INFO: [ route_check ] --START--
INFO: CheckRoute Behavior ::run [ RunTime:0.036002s ]
INFO: [ route_check ] --END-- [ RunTime:0.036002s ]
NOTIC: [2] htmlspecialchars() expects parameter 2 to be long, string given D:\WWW\panchun\ThinkPHP\Lib\Core\App.class.php 第 56 行.
NOTIC: [2] htmlspecialchars() expects parameter 2 to be long, string given D:\WWW\panchun\ThinkPHP\Lib\Core\App.class.php 第 56 行.
NOTIC: [2] htmlspecialchars() expects parameter 2 to be long, string given D:\WWW\panchun\ThinkPHP\Lib\Core\App.class.php 第 56 行.
INFO: [ app_begin ] --START--
INFO: ReadHtmlCache Behavior ::run [ RunTime:0.002000s ]
INFO: [ app_begin ] --END-- [ RunTime:0.002000s ]
SQL: SHOW COLUMNS FROM `lu_user` [ RunTime:0.035002s ]
SQL: SELECT * FROM `lu_user` WHERE ( `account` = 'admin' ) AND ( `status` > 0 ) LIMIT 1   [ RunTime:0.028002s ]
SQL: SHOW COLUMNS FROM `lu_log` [ RunTime:0.009000s ]
SQL: INSERT INTO `lu_log` (`vc_operation`,`vc_module`,`creator_id`,`creator_name`,`vc_ip`,`createtime`) VALUES ('用户登录：登录成功！','系统管理','1','admin','0.0.0.0',1450442573) [ RunTime:0.001000s ]
SQL: UPDATE `lu_user` SET `last_login_time`=1450442573,`login_count`=login_count+1,`last_login_ip`='0.0.0.0' WHERE ( `id` = 1 ) [ RunTime:0.027002s ]

[ 2015-12-18T20:42:55+08:00 ] 0.0.0.0 /panchun/manager.php
INFO: [ app_begin ] --START--
INFO: ReadHtmlCache Behavior ::run [ RunTime:0.002000s ]
INFO: [ app_begin ] --END-- [ RunTime:0.002000s ]
SQL: SHOW COLUMNS FROM `lu_group_class` [ RunTime:0.006001s ]
SQL: SELECT * FROM `lu_group_class` WHERE ( `status` = 1 ) ORDER BY sort desc, id desc  [ RunTime:0.001000s ]
SQL: SHOW COLUMNS FROM `lu_node` [ RunTime:0.007000s ]
SQL: SELECT `id` FROM `lu_node` LIMIT 1   [ RunTime:0.001000s ]
SQL: SELECT `id`,`name`,`group_id`,`title` FROM `lu_node` WHERE ( `level` = 2 ) AND ( `status` = 1 ) AND ( `pid` = 1 ) ORDER BY sort asc  [ RunTime:0.040002s ]
NOTIC: [8] Undefined index: _ACCESS_LIST D:\WWW\panchun\Manager\Lib\Action\IndexAction.class.php 第 22 行.
SQL: SHOW COLUMNS FROM `lu_group` [ RunTime:0.005001s ]
SQL: SELECT * FROM `lu_group` WHERE ( `group_menu` = 'News' ) AND ( `status` = 1 ) ORDER BY sort desc,id desc  [ RunTime:0.001000s ]
SQL: SHOW COLUMNS FROM `lu_article` [ RunTime:0.007000s ]
SQL: SELECT * FROM `lu_article` WHERE ( `class_id` = 3 ) AND ( `status` = 1 ) ORDER BY sort desc,id desc  [ RunTime:0.003000s ]
INFO: [ view_parse ] --START--
NOTIC: [8] Undefined index: level D:\WWW\panchun\Manager\Runtime\Cache\0786eb28855449a6b7a5b110b592283d.php 第 118 行.
INFO: ParseTemplate Behavior ::run [ RunTime:0.137007s ]
INFO: [ view_parse ] --END-- [ RunTime:0.137007s ]
INFO: [ view_filter ] --START--
INFO: ContentReplace Behavior ::run [ RunTime:0.003001s ]
INFO: TokenBuild Behavior ::run [ RunTime:0.003000s ]
INFO: WriteHtmlCache Behavior ::run [ RunTime:0.001000s ]
INFO: ShowRuntime Behavior ::run [ RunTime:0.002000s ]
INFO: [ view_filter ] --END-- [ RunTime:0.010001s ]
INFO: [ view_end ] --START--
INFO: ShowPageTrace Behavior ::run [ RunTime:0.001000s ]
INFO: [ view_end ] --END-- [ RunTime:0.002000s ]

[ 2015-12-18T20:42:59+08:00 ] 0.0.0.0 /panchun/manager.php?s=/Organize&_=1450442577986
INFO: [ route_check ] --START--
INFO: CheckRoute Behavior ::run [ RunTime:0.002000s ]
INFO: [ route_check ] --END-- [ RunTime:0.002000s ]
NOTIC: [2] htmlspecialchars() expects parameter 2 to be long, string given D:\WWW\panchun\ThinkPHP\Lib\Core\App.class.php 第 57 行.
INFO: [ app_begin ] --START--
INFO: ReadHtmlCache Behavior ::run [ RunTime:0.002001s ]
INFO: [ app_begin ] --END-- [ RunTime:0.002001s ]
SQL: SHOW COLUMNS FROM `lu_classes` [ RunTime:0.005001s ]
ERR: 1146:Table 'test.lu_classes' doesn't exist
 [ SQL语句 ] : SHOW COLUMNS FROM `lu_classes`
SQL: SELECT * FROM `lu_classes` WHERE ( status=1 )  [ RunTime:0.002000s ]
ERR: 1146:Table 'test.lu_classes' doesn't exist
 [ SQL语句 ] : SELECT * FROM `lu_classes` WHERE ( status=1 ) 
NOTIC: [8] Undefined variable: className D:\WWW\panchun\Manager\Common\common.php 第 542 行.
SQL: SHOW COLUMNS FROM `lu_organize` [ RunTime:0.007000s ]
NOTIC: [8] Undefined index: product D:\WWW\panchun\Manager\Lib\Action\OrganizeAction.class.php 第 5 行.
NOTIC: [8] Undefined index: uname D:\WWW\panchun\Manager\Lib\Action\OrganizeAction.class.php 第 5 行.
NOTIC: [8] Undefined index: status D:\WWW\panchun\Manager\Lib\Action\OrganizeAction.class.php 第 5 行.
NOTIC: 建议使用I方法替代_get
NOTIC: [8] Undefined index: maps D:\WWW\panchun\Manager\Lib\Action\CommonAction.class.php 第 183 行.
NOTIC: [8] Undefined index: moshi D:\WWW\panchun\Manager\Lib\Action\CommonAction.class.php 第 185 行.
NOTIC: [8] Undefined index: moshi D:\WWW\panchun\Manager\Lib\Action\CommonAction.class.php 第 189 行.
SQL: SELECT COUNT(id) AS tp_count FROM `lu_organize` LIMIT 1   [ RunTime:0.000000s ]
NOTIC: [8] Undefined index: pageNum D:\WWW\panchun\Manager\Lib\Action\CommonAction.class.php 第 207 行.
SQL: SELECT * FROM `lu_organize` ORDER BY id desc LIMIT 20   [ RunTime:0.001000s ]
NOTIC: [2] Invalid argument supplied for foreach() D:\WWW\panchun\Manager\Lib\Action\CommonAction.class.php 第 210 行.
NOTIC: [8] Undefined variable: sort D:\WWW\panchun\Manager\Lib\Action\CommonAction.class.php 第 220 行.
NOTIC: [8] Undefined variable: sortImg D:\WWW\panchun\Manager\Lib\Action\CommonAction.class.php 第 222 行.
NOTIC: [8] Undefined variable: sortAlt D:\WWW\panchun\Manager\Lib\Action\CommonAction.class.php 第 223 行.
NOTIC: [8] Undefined index: tpls D:\WWW\panchun\Manager\Lib\Action\CommonAction.class.php 第 237 行.
INFO: [ view_parse ] --START--
NOTIC: [8] Undefined index: _order D:\WWW\panchun\Manager\Runtime\Cache\1343caa3f2d6915ebb19404732b7982b.php 第 3 行.
NOTIC: [8] Undefined index: _sort D:\WWW\panchun\Manager\Runtime\Cache\1343caa3f2d6915ebb19404732b7982b.php 第 4 行.
NOTIC: [8] Undefined variable: map D:\WWW\panchun\Manager\Runtime\Cache\1343caa3f2d6915ebb19404732b7982b.php 第 5 行.
NOTIC: [8] Undefined index: _order D:\WWW\panchun\Manager\Runtime\Cache\1343caa3f2d6915ebb19404732b7982b.php 第 59 行.
NOTIC: [8] Undefined index: url D:\WWW\panchun\Manager\Runtime\Cache\1343caa3f2d6915ebb19404732b7982b.php 第 83 行.
NOTIC: [8] Undefined index: url D:\WWW\panchun\Manager\Runtime\Cache\1343caa3f2d6915ebb19404732b7982b.php 第 83 行.
INFO: ParseTemplate Behavior ::run [ RunTime:0.155009s ]
INFO: [ view_parse ] --END-- [ RunTime:0.155009s ]
INFO: [ view_filter ] --START--
INFO: ContentReplace Behavior ::run [ RunTime:0.001000s ]
INFO: TokenBuild Behavior ::run [ RunTime:0.001000s ]
INFO: WriteHtmlCache Behavior ::run [ RunTime:0.001000s ]
INFO: ShowRuntime Behavior ::run [ RunTime:0.002000s ]
INFO: [ view_filter ] --END-- [ RunTime:0.005000s ]
INFO: [ view_end ] --START--
INFO: ShowPageTrace Behavior ::run [ RunTime:0.002000s ]
INFO: [ view_end ] --END-- [ RunTime:0.003000s ]

