[ 2015-12-23T13:12:43+08:00 ] 0.0.0.0 /panchun/manager.php?s=/public/login
INFO: [ route_check ] --START--
INFO: CheckRoute Behavior ::run [ RunTime:0.001000s ]
INFO: [ route_check ] --END-- [ RunTime:0.001000s ]
INFO: [ app_begin ] --START--
INFO: ReadHtmlCache Behavior ::run [ RunTime:0.000000s ]
INFO: [ app_begin ] --END-- [ RunTime:0.000000s ]
ERR: 无法加载模块:public

[ 2015-12-23T13:56:32+08:00 ] 0.0.0.0 /panchun/manager.php
INFO: [ app_begin ] --START--
INFO: ReadHtmlCache Behavior ::run [ RunTime:0.001000s ]
INFO: [ app_begin ] --END-- [ RunTime:0.001000s ]
NOTIC: [8] Undefined index: 8c17103053ba3dc0842182445e73b060 D:\WWW\panchun\Manager\Lib\ORG\Util\RBAC.class.php 第 180 行.
NOTIC: [8] Undefined index: _ACCESS_LIST D:\WWW\panchun\Manager\Lib\ORG\Util\RBAC.class.php 第 184 行.
NOTIC: [8] Undefined index: authId D:\WWW\panchun\Manager\Lib\Action\CommonAction.class.php 第 11 行.

[ 2015-12-23T13:56:32+08:00 ] 0.0.0.0 /panchun/manager.php?s=/Public/login
INFO: [ route_check ] --START--
INFO: CheckRoute Behavior ::run [ RunTime:0.000000s ]
INFO: [ route_check ] --END-- [ RunTime:0.000000s ]
INFO: [ app_begin ] --START--
INFO: ReadHtmlCache Behavior ::run [ RunTime:0.001000s ]
INFO: [ app_begin ] --END-- [ RunTime:0.001000s ]
INFO: [ view_parse ] --START--
INFO: ParseTemplate Behavior ::run [ RunTime:0.005000s ]
INFO: [ view_parse ] --END-- [ RunTime:0.005000s ]
INFO: [ view_filter ] --START--
INFO: ContentReplace Behavior ::run [ RunTime:0.001000s ]
INFO: TokenBuild Behavior ::run [ RunTime:0.000000s ]
INFO: WriteHtmlCache Behavior ::run [ RunTime:0.000000s ]
INFO: ShowRuntime Behavior ::run [ RunTime:0.000000s ]
INFO: [ view_filter ] --END-- [ RunTime:0.002000s ]
INFO: [ view_end ] --START--
INFO: ShowPageTrace Behavior ::run [ RunTime:0.000000s ]
INFO: [ view_end ] --END-- [ RunTime:0.001000s ]

[ 2015-12-23T13:56:32+08:00 ] 0.0.0.0 /panchun/manager.php?s=/Public/verify/
INFO: [ route_check ] --START--
INFO: CheckRoute Behavior ::run [ RunTime:0.000000s ]
INFO: [ route_check ] --END-- [ RunTime:0.000000s ]
INFO: [ app_begin ] --START--
INFO: ReadHtmlCache Behavior ::run [ RunTime:0.000000s ]
INFO: [ app_begin ] --END-- [ RunTime:0.001000s ]

[ 2015-12-23T13:56:54+08:00 ] 0.0.0.0 /panchun/manager.php?s=/Public/verify/1450850214679
INFO: [ route_check ] --START--
INFO: CheckRoute Behavior ::run [ RunTime:0.000000s ]
INFO: [ route_check ] --END-- [ RunTime:0.000000s ]
INFO: [ app_begin ] --START--
INFO: ReadHtmlCache Behavior ::run [ RunTime:0.001000s ]
INFO: [ app_begin ] --END-- [ RunTime:0.001000s ]

[ 2015-12-23T13:56:59+08:00 ] 0.0.0.0 /panchun/manager.php?s=/Public/checkLogin/
INFO: [ route_check ] --START--
INFO: CheckRoute Behavior ::run [ RunTime:0.000000s ]
INFO: [ route_check ] --END-- [ RunTime:0.000000s ]
NOTIC: [2] htmlspecialchars() expects parameter 2 to be long, string given D:\WWW\panchun\ThinkPHP\Lib\Core\App.class.php 第 56 行.
NOTIC: [2] htmlspecialchars() expects parameter 2 to be long, string given D:\WWW\panchun\ThinkPHP\Lib\Core\App.class.php 第 56 行.
NOTIC: [2] htmlspecialchars() expects parameter 2 to be long, string given D:\WWW\panchun\ThinkPHP\Lib\Core\App.class.php 第 56 行.
INFO: [ app_begin ] --START--
INFO: ReadHtmlCache Behavior ::run [ RunTime:0.001000s ]
INFO: [ app_begin ] --END-- [ RunTime:0.001000s ]
SQL: SHOW COLUMNS FROM `ldh_user` [ RunTime:0.002000s ]
SQL: SELECT * FROM `ldh_user` LIMIT 1   [ RunTime:0.000000s ]

[ 2015-12-23T13:58:09+08:00 ] 0.0.0.0 /panchun/manager.php?s=/Public/checkLogin/
INFO: [ route_check ] --START--
INFO: CheckRoute Behavior ::run [ RunTime:0.000000s ]
INFO: [ route_check ] --END-- [ RunTime:0.000000s ]
NOTIC: [2] htmlspecialchars() expects parameter 2 to be long, string given D:\WWW\panchun\ThinkPHP\Lib\Core\App.class.php 第 56 行.
NOTIC: [2] htmlspecialchars() expects parameter 2 to be long, string given D:\WWW\panchun\ThinkPHP\Lib\Core\App.class.php 第 56 行.
NOTIC: [2] htmlspecialchars() expects parameter 2 to be long, string given D:\WWW\panchun\ThinkPHP\Lib\Core\App.class.php 第 56 行.
INFO: [ app_begin ] --START--
INFO: ReadHtmlCache Behavior ::run [ RunTime:0.001000s ]
INFO: [ app_begin ] --END-- [ RunTime:0.001000s ]
SQL: SHOW COLUMNS FROM `luuser` [ RunTime:0.002000s ]
ERR: 1146:Table 'liudehua.luuser' doesn't exist
 [ SQL语句 ] : SHOW COLUMNS FROM `luuser`
SQL: SELECT * FROM `luuser` WHERE ( `account` = 'admin' ) AND ( `status` > 0 ) LIMIT 1   [ RunTime:0.000000s ]
ERR: 1146:Table 'liudehua.luuser' doesn't exist
 [ SQL语句 ] : SELECT * FROM `luuser` WHERE ( `account` = 'admin' ) AND ( `status` > 0 ) LIMIT 1  

[ 2015-12-23T14:39:34+08:00 ] 0.0.0.0 /panchun/manager.php?s=/Public/login
INFO: [ route_check ] --START--
INFO: CheckRoute Behavior ::run [ RunTime:0.001000s ]
INFO: [ route_check ] --END-- [ RunTime:0.001000s ]
INFO: [ app_begin ] --START--
INFO: ReadHtmlCache Behavior ::run [ RunTime:0.000000s ]
INFO: [ app_begin ] --END-- [ RunTime:0.000000s ]
INFO: [ view_parse ] --START--
INFO: ParseTemplate Behavior ::run [ RunTime:0.006000s ]
INFO: [ view_parse ] --END-- [ RunTime:0.006000s ]
INFO: [ view_filter ] --START--
INFO: ContentReplace Behavior ::run [ RunTime:0.000000s ]
INFO: TokenBuild Behavior ::run [ RunTime:0.000000s ]
INFO: WriteHtmlCache Behavior ::run [ RunTime:0.001000s ]
INFO: ShowRuntime Behavior ::run [ RunTime:0.000000s ]
INFO: [ view_filter ] --END-- [ RunTime:0.001000s ]
INFO: [ view_end ] --START--
INFO: ShowPageTrace Behavior ::run [ RunTime:0.000000s ]
INFO: [ view_end ] --END-- [ RunTime:0.000000s ]

[ 2015-12-23T14:39:34+08:00 ] 0.0.0.0 /panchun/manager.php?s=/Public/verify/
INFO: [ route_check ] --START--
INFO: CheckRoute Behavior ::run [ RunTime:0.001000s ]
INFO: [ route_check ] --END-- [ RunTime:0.001000s ]
INFO: [ app_begin ] --START--
INFO: ReadHtmlCache Behavior ::run [ RunTime:0.000000s ]
INFO: [ app_begin ] --END-- [ RunTime:0.000000s ]

[ 2015-12-23T14:41:55+08:00 ] 0.0.0.0 /panchun/manager.php?s=/Public/login
INFO: [ route_check ] --START--
INFO: CheckRoute Behavior ::run [ RunTime:0.000000s ]
INFO: [ route_check ] --END-- [ RunTime:0.000000s ]
INFO: [ app_begin ] --START--
INFO: ReadHtmlCache Behavior ::run [ RunTime:0.000000s ]
INFO: [ app_begin ] --END-- [ RunTime:0.000000s ]
INFO: [ view_parse ] --START--
INFO: ParseTemplate Behavior ::run [ RunTime:0.000000s ]
INFO: [ view_parse ] --END-- [ RunTime:0.000000s ]
INFO: [ view_filter ] --START--
INFO: ContentReplace Behavior ::run [ RunTime:0.000000s ]
INFO: TokenBuild Behavior ::run [ RunTime:0.000000s ]
INFO: WriteHtmlCache Behavior ::run [ RunTime:0.000000s ]
INFO: ShowRuntime Behavior ::run [ RunTime:0.000000s ]
INFO: [ view_filter ] --END-- [ RunTime:0.000000s ]
INFO: [ view_end ] --START--
INFO: ShowPageTrace Behavior ::run [ RunTime:0.000000s ]
INFO: [ view_end ] --END-- [ RunTime:0.000000s ]

[ 2015-12-23T14:41:55+08:00 ] 0.0.0.0 /panchun/manager.php?s=/Public/verify/
INFO: [ route_check ] --START--
INFO: CheckRoute Behavior ::run [ RunTime:0.001001s ]
INFO: [ route_check ] --END-- [ RunTime:0.001001s ]
INFO: [ app_begin ] --START--
INFO: ReadHtmlCache Behavior ::run [ RunTime:0.001000s ]
INFO: [ app_begin ] --END-- [ RunTime:0.001000s ]

[ 2015-12-23T14:48:22+08:00 ] 0.0.0.0 /panchun/manager.php?s=/Public/login
INFO: [ route_check ] --START--
INFO: CheckRoute Behavior ::run [ RunTime:0.000000s ]
INFO: [ route_check ] --END-- [ RunTime:0.000000s ]
INFO: [ app_begin ] --START--
INFO: ReadHtmlCache Behavior ::run [ RunTime:0.000000s ]
INFO: [ app_begin ] --END-- [ RunTime:0.000000s ]
INFO: [ view_parse ] --START--
INFO: ParseTemplate Behavior ::run [ RunTime:0.000000s ]
INFO: [ view_parse ] --END-- [ RunTime:0.000000s ]
INFO: [ view_filter ] --START--
INFO: ContentReplace Behavior ::run [ RunTime:0.000000s ]
INFO: TokenBuild Behavior ::run [ RunTime:0.000000s ]
INFO: WriteHtmlCache Behavior ::run [ RunTime:0.000000s ]
INFO: ShowRuntime Behavior ::run [ RunTime:0.000000s ]
INFO: [ view_filter ] --END-- [ RunTime:0.000000s ]
INFO: [ view_end ] --START--
INFO: ShowPageTrace Behavior ::run [ RunTime:0.000000s ]
INFO: [ view_end ] --END-- [ RunTime:0.000000s ]

[ 2015-12-23T14:48:22+08:00 ] 0.0.0.0 /panchun/manager.php?s=/Public/verify/
INFO: [ route_check ] --START--
INFO: CheckRoute Behavior ::run [ RunTime:0.001000s ]
INFO: [ route_check ] --END-- [ RunTime:0.001000s ]
INFO: [ app_begin ] --START--
INFO: ReadHtmlCache Behavior ::run [ RunTime:0.000000s ]
INFO: [ app_begin ] --END-- [ RunTime:0.000000s ]

[ 2015-12-23T14:48:24+08:00 ] 0.0.0.0 /panchun/manager.php?s=/Public/login
INFO: [ route_check ] --START--
INFO: CheckRoute Behavior ::run [ RunTime:0.001000s ]
INFO: [ route_check ] --END-- [ RunTime:0.001000s ]
INFO: [ app_begin ] --START--
INFO: ReadHtmlCache Behavior ::run [ RunTime:0.000000s ]
INFO: [ app_begin ] --END-- [ RunTime:0.000000s ]
INFO: [ view_parse ] --START--
INFO: ParseTemplate Behavior ::run [ RunTime:0.004001s ]
INFO: [ view_parse ] --END-- [ RunTime:0.004001s ]
INFO: [ view_filter ] --START--
INFO: ContentReplace Behavior ::run [ RunTime:0.000000s ]
INFO: TokenBuild Behavior ::run [ RunTime:0.001000s ]
INFO: WriteHtmlCache Behavior ::run [ RunTime:0.000000s ]
INFO: ShowRuntime Behavior ::run [ RunTime:0.000000s ]
INFO: [ view_filter ] --END-- [ RunTime:0.001000s ]
INFO: [ view_end ] --START--
INFO: ShowPageTrace Behavior ::run [ RunTime:0.001000s ]
INFO: [ view_end ] --END-- [ RunTime:0.001000s ]

[ 2015-12-23T14:48:24+08:00 ] 0.0.0.0 /panchun/manager.php?s=/Public/verify/
INFO: [ route_check ] --START--
INFO: CheckRoute Behavior ::run [ RunTime:0.001000s ]
INFO: [ route_check ] --END-- [ RunTime:0.001000s ]
INFO: [ app_begin ] --START--
INFO: ReadHtmlCache Behavior ::run [ RunTime:0.000000s ]
INFO: [ app_begin ] --END-- [ RunTime:0.000000s ]

[ 2015-12-23T14:48:25+08:00 ] 0.0.0.0 /panchun/manager.php?s=/Public/login
INFO: [ route_check ] --START--
INFO: CheckRoute Behavior ::run [ RunTime:0.001000s ]
INFO: [ route_check ] --END-- [ RunTime:0.001000s ]
INFO: [ app_begin ] --START--
INFO: ReadHtmlCache Behavior ::run [ RunTime:0.001000s ]
INFO: [ app_begin ] --END-- [ RunTime:0.001000s ]
INFO: [ view_parse ] --START--
INFO: ParseTemplate Behavior ::run [ RunTime:0.008001s ]
INFO: [ view_parse ] --END-- [ RunTime:0.008001s ]
INFO: [ view_filter ] --START--
INFO: ContentReplace Behavior ::run [ RunTime:0.000000s ]
INFO: TokenBuild Behavior ::run [ RunTime:0.001000s ]
INFO: WriteHtmlCache Behavior ::run [ RunTime:0.000000s ]
INFO: ShowRuntime Behavior ::run [ RunTime:0.001000s ]
INFO: [ view_filter ] --END-- [ RunTime:0.002000s ]
INFO: [ view_end ] --START--
INFO: ShowPageTrace Behavior ::run [ RunTime:0.001000s ]
INFO: [ view_end ] --END-- [ RunTime:0.001000s ]

[ 2015-12-23T14:48:25+08:00 ] 0.0.0.0 /panchun/manager.php?s=/Public/verify/
INFO: [ route_check ] --START--
INFO: CheckRoute Behavior ::run [ RunTime:0.001000s ]
INFO: [ route_check ] --END-- [ RunTime:0.001000s ]
INFO: [ app_begin ] --START--
INFO: ReadHtmlCache Behavior ::run [ RunTime:0.001000s ]
INFO: [ app_begin ] --END-- [ RunTime:0.001000s ]

[ 2015-12-23T14:48:25+08:00 ] 0.0.0.0 /panchun/manager.php?s=/Public/login
INFO: [ route_check ] --START--
INFO: CheckRoute Behavior ::run [ RunTime:0.001000s ]
INFO: [ route_check ] --END-- [ RunTime:0.001000s ]
INFO: [ app_begin ] --START--
INFO: ReadHtmlCache Behavior ::run [ RunTime:0.000000s ]
INFO: [ app_begin ] --END-- [ RunTime:0.001000s ]
INFO: [ view_parse ] --START--
INFO: ParseTemplate Behavior ::run [ RunTime:0.005000s ]
INFO: [ view_parse ] --END-- [ RunTime:0.005000s ]
INFO: [ view_filter ] --START--
INFO: ContentReplace Behavior ::run [ RunTime:0.000000s ]
INFO: TokenBuild Behavior ::run [ RunTime:0.000000s ]
INFO: WriteHtmlCache Behavior ::run [ RunTime:0.001000s ]
INFO: ShowRuntime Behavior ::run [ RunTime:0.000000s ]
INFO: [ view_filter ] --END-- [ RunTime:0.001000s ]
INFO: [ view_end ] --START--
INFO: ShowPageTrace Behavior ::run [ RunTime:0.001000s ]
INFO: [ view_end ] --END-- [ RunTime:0.001000s ]

[ 2015-12-23T14:48:25+08:00 ] 0.0.0.0 /panchun/manager.php?s=/Public/verify/
INFO: [ route_check ] --START--
INFO: CheckRoute Behavior ::run [ RunTime:0.000000s ]
INFO: [ route_check ] --END-- [ RunTime:0.000000s ]
INFO: [ app_begin ] --START--
INFO: ReadHtmlCache Behavior ::run [ RunTime:0.001000s ]
INFO: [ app_begin ] --END-- [ RunTime:0.001000s ]

[ 2015-12-23T14:48:25+08:00 ] 0.0.0.0 /panchun/manager.php?s=/Public/login
INFO: [ route_check ] --START--
INFO: CheckRoute Behavior ::run [ RunTime:0.000000s ]
INFO: [ route_check ] --END-- [ RunTime:0.000000s ]
INFO: [ app_begin ] --START--
INFO: ReadHtmlCache Behavior ::run [ RunTime:0.000000s ]
INFO: [ app_begin ] --END-- [ RunTime:0.000000s ]
INFO: [ view_parse ] --START--
INFO: ParseTemplate Behavior ::run [ RunTime:0.007000s ]
INFO: [ view_parse ] --END-- [ RunTime:0.007000s ]
INFO: [ view_filter ] --START--
INFO: ContentReplace Behavior ::run [ RunTime:0.001000s ]
INFO: TokenBuild Behavior ::run [ RunTime:0.000000s ]
INFO: WriteHtmlCache Behavior ::run [ RunTime:0.001000s ]
INFO: ShowRuntime Behavior ::run [ RunTime:0.000000s ]
INFO: [ view_filter ] --END-- [ RunTime:0.002000s ]
INFO: [ view_end ] --START--
INFO: ShowPageTrace Behavior ::run [ RunTime:0.001001s ]
INFO: [ view_end ] --END-- [ RunTime:0.001001s ]

[ 2015-12-23T14:48:25+08:00 ] 0.0.0.0 /panchun/manager.php?s=/Public/verify/
INFO: [ route_check ] --START--
INFO: CheckRoute Behavior ::run [ RunTime:0.000000s ]
INFO: [ route_check ] --END-- [ RunTime:0.001000s ]
INFO: [ app_begin ] --START--
INFO: ReadHtmlCache Behavior ::run [ RunTime:0.000000s ]
INFO: [ app_begin ] --END-- [ RunTime:0.000000s ]

[ 2015-12-23T14:48:25+08:00 ] 0.0.0.0 /panchun/manager.php?s=/Public/login
INFO: [ route_check ] --START--
INFO: CheckRoute Behavior ::run [ RunTime:0.000000s ]
INFO: [ route_check ] --END-- [ RunTime:0.000000s ]
INFO: [ app_begin ] --START--
INFO: ReadHtmlCache Behavior ::run [ RunTime:0.001000s ]
INFO: [ app_begin ] --END-- [ RunTime:0.001000s ]
INFO: [ view_parse ] --START--
INFO: ParseTemplate Behavior ::run [ RunTime:0.008001s ]
INFO: [ view_parse ] --END-- [ RunTime:0.008001s ]
INFO: [ view_filter ] --START--
INFO: ContentReplace Behavior ::run [ RunTime:0.001000s ]
INFO: TokenBuild Behavior ::run [ RunTime:0.000000s ]
INFO: WriteHtmlCache Behavior ::run [ RunTime:0.000000s ]
INFO: ShowRuntime Behavior ::run [ RunTime:0.001000s ]
INFO: [ view_filter ] --END-- [ RunTime:0.002000s ]
INFO: [ view_end ] --START--
INFO: ShowPageTrace Behavior ::run [ RunTime:0.001000s ]
INFO: [ view_end ] --END-- [ RunTime:0.001000s ]

[ 2015-12-23T14:48:25+08:00 ] 0.0.0.0 /panchun/manager.php?s=/Public/verify/
INFO: [ route_check ] --START--
INFO: CheckRoute Behavior ::run [ RunTime:0.000000s ]
INFO: [ route_check ] --END-- [ RunTime:0.000000s ]
INFO: [ app_begin ] --START--
INFO: ReadHtmlCache Behavior ::run [ RunTime:0.000000s ]
INFO: [ app_begin ] --END-- [ RunTime:0.000000s ]

[ 2015-12-23T14:49:12+08:00 ] 0.0.0.0 /panchun/manager.php
INFO: [ app_begin ] --START--
INFO: ReadHtmlCache Behavior ::run [ RunTime:0.000000s ]
INFO: [ app_begin ] --END-- [ RunTime:0.000000s ]
NOTIC: [8] Undefined index: _ACCESS_LIST D:\WWW\panchun\Manager\Lib\ORG\Util\RBAC.class.php 第 184 行.
NOTIC: [8] Undefined index: authId D:\WWW\panchun\Manager\Lib\Action\CommonAction.class.php 第 11 行.

[ 2015-12-23T14:49:12+08:00 ] 0.0.0.0 /panchun/manager.php?s=/Public/login
INFO: [ route_check ] --START--
INFO: CheckRoute Behavior ::run [ RunTime:0.001000s ]
INFO: [ route_check ] --END-- [ RunTime:0.001000s ]
INFO: [ app_begin ] --START--
INFO: ReadHtmlCache Behavior ::run [ RunTime:0.001000s ]
INFO: [ app_begin ] --END-- [ RunTime:0.001000s ]
INFO: [ view_parse ] --START--
INFO: ParseTemplate Behavior ::run [ RunTime:0.005000s ]
INFO: [ view_parse ] --END-- [ RunTime:0.005000s ]
INFO: [ view_filter ] --START--
INFO: ContentReplace Behavior ::run [ RunTime:0.000000s ]
INFO: TokenBuild Behavior ::run [ RunTime:0.000000s ]
INFO: WriteHtmlCache Behavior ::run [ RunTime:0.001000s ]
INFO: ShowRuntime Behavior ::run [ RunTime:0.000000s ]
INFO: [ view_filter ] --END-- [ RunTime:0.001000s ]
INFO: [ view_end ] --START--
INFO: ShowPageTrace Behavior ::run [ RunTime:0.000000s ]
INFO: [ view_end ] --END-- [ RunTime:0.000000s ]

[ 2015-12-23T14:49:12+08:00 ] 0.0.0.0 /panchun/manager.php?s=/Public/verify/
INFO: [ route_check ] --START--
INFO: CheckRoute Behavior ::run [ RunTime:0.001000s ]
INFO: [ route_check ] --END-- [ RunTime:0.001000s ]
INFO: [ app_begin ] --START--
INFO: ReadHtmlCache Behavior ::run [ RunTime:0.000000s ]
INFO: [ app_begin ] --END-- [ RunTime:0.000000s ]

[ 2015-12-23T14:54:08+08:00 ] 0.0.0.0 /panchun/manager.php?s=/Public/verify/1450853648663
INFO: [ route_check ] --START--
INFO: CheckRoute Behavior ::run [ RunTime:0.000000s ]
INFO: [ route_check ] --END-- [ RunTime:0.000000s ]
INFO: [ app_begin ] --START--
INFO: ReadHtmlCache Behavior ::run [ RunTime:0.000000s ]
INFO: [ app_begin ] --END-- [ RunTime:0.000000s ]

[ 2015-12-23T14:54:14+08:00 ] 0.0.0.0 /panchun/manager.php?s=/Public/checkLogin/
INFO: [ route_check ] --START--
INFO: CheckRoute Behavior ::run [ RunTime:0.000000s ]
INFO: [ route_check ] --END-- [ RunTime:0.000000s ]
NOTIC: [2] htmlspecialchars() expects parameter 2 to be long, string given D:\WWW\panchun\ThinkPHP\Lib\Core\App.class.php 第 56 行.
NOTIC: [2] htmlspecialchars() expects parameter 2 to be long, string given D:\WWW\panchun\ThinkPHP\Lib\Core\App.class.php 第 56 行.
NOTIC: [2] htmlspecialchars() expects parameter 2 to be long, string given D:\WWW\panchun\ThinkPHP\Lib\Core\App.class.php 第 56 行.
INFO: [ app_begin ] --START--
INFO: ReadHtmlCache Behavior ::run [ RunTime:0.000000s ]
INFO: [ app_begin ] --END-- [ RunTime:0.000000s ]
SQL: SHOW COLUMNS FROM `ldh_user` [ RunTime:0.002001s ]
SQL: SELECT * FROM `ldh_user` LIMIT 1   [ RunTime:0.000000s ]

[ 2015-12-23T14:54:24+08:00 ] 0.0.0.0 /panchun/manager.php?s=/Public/verify/1450853664323
INFO: [ route_check ] --START--
INFO: CheckRoute Behavior ::run [ RunTime:0.001000s ]
INFO: [ route_check ] --END-- [ RunTime:0.001000s ]
INFO: [ app_begin ] --START--
INFO: ReadHtmlCache Behavior ::run [ RunTime:0.001000s ]
INFO: [ app_begin ] --END-- [ RunTime:0.001000s ]

[ 2015-12-23T14:54:30+08:00 ] 0.0.0.0 /panchun/manager.php?s=/Public/checkLogin/
INFO: [ route_check ] --START--
INFO: CheckRoute Behavior ::run [ RunTime:0.001000s ]
INFO: [ route_check ] --END-- [ RunTime:0.001000s ]
NOTIC: [2] htmlspecialchars() expects parameter 2 to be long, string given D:\WWW\panchun\ThinkPHP\Lib\Core\App.class.php 第 56 行.
NOTIC: [2] htmlspecialchars() expects parameter 2 to be long, string given D:\WWW\panchun\ThinkPHP\Lib\Core\App.class.php 第 56 行.
NOTIC: [2] htmlspecialchars() expects parameter 2 to be long, string given D:\WWW\panchun\ThinkPHP\Lib\Core\App.class.php 第 56 行.
INFO: [ app_begin ] --START--
INFO: ReadHtmlCache Behavior ::run [ RunTime:0.000000s ]
INFO: [ app_begin ] --END-- [ RunTime:0.000000s ]
SQL: SHOW COLUMNS FROM `ldh_user` [ RunTime:0.002000s ]
SQL: SELECT * FROM `ldh_user` LIMIT 1   [ RunTime:0.000000s ]

[ 2015-12-23T17:02:36+08:00 ] 0.0.0.0 /panchun/manager.php
INFO: [ app_begin ] --START--
INFO: ReadHtmlCache Behavior ::run [ RunTime:0.000000s ]
INFO: [ app_begin ] --END-- [ RunTime:0.000000s ]
NOTIC: [8] Undefined index: _ACCESS_LIST D:\WWW\panchun\Manager\Lib\ORG\Util\RBAC.class.php 第 184 行.
NOTIC: [8] Undefined index: authId D:\WWW\panchun\Manager\Lib\Action\CommonAction.class.php 第 11 行.

[ 2015-12-23T17:02:36+08:00 ] 0.0.0.0 /panchun/manager.php?s=/Public/login
INFO: [ route_check ] --START--
INFO: CheckRoute Behavior ::run [ RunTime:0.001000s ]
INFO: [ route_check ] --END-- [ RunTime:0.001000s ]
INFO: [ app_begin ] --START--
INFO: ReadHtmlCache Behavior ::run [ RunTime:0.000000s ]
INFO: [ app_begin ] --END-- [ RunTime:0.000000s ]
INFO: [ view_parse ] --START--
INFO: ParseTemplate Behavior ::run [ RunTime:0.005000s ]
INFO: [ view_parse ] --END-- [ RunTime:0.005000s ]
INFO: [ view_filter ] --START--
INFO: ContentReplace Behavior ::run [ RunTime:0.000000s ]
INFO: TokenBuild Behavior ::run [ RunTime:0.000000s ]
INFO: WriteHtmlCache Behavior ::run [ RunTime:0.001000s ]
INFO: ShowRuntime Behavior ::run [ RunTime:0.000000s ]
INFO: [ view_filter ] --END-- [ RunTime:0.001000s ]
INFO: [ view_end ] --START--
INFO: ShowPageTrace Behavior ::run [ RunTime:0.000000s ]
INFO: [ view_end ] --END-- [ RunTime:0.000000s ]

[ 2015-12-23T17:02:36+08:00 ] 0.0.0.0 /panchun/manager.php?s=/Public/verify/
INFO: [ route_check ] --START--
INFO: CheckRoute Behavior ::run [ RunTime:0.001000s ]
INFO: [ route_check ] --END-- [ RunTime:0.001000s ]
INFO: [ app_begin ] --START--
INFO: ReadHtmlCache Behavior ::run [ RunTime:0.000000s ]
INFO: [ app_begin ] --END-- [ RunTime:0.000000s ]

[ 2015-12-23T17:04:10+08:00 ] 0.0.0.0 /panchun/manager.php
INFO: [ app_begin ] --START--
INFO: ReadHtmlCache Behavior ::run [ RunTime:0.000000s ]
INFO: [ app_begin ] --END-- [ RunTime:0.000000s ]
NOTIC: [8] Undefined index: _ACCESS_LIST D:\WWW\panchun\Manager\Lib\ORG\Util\RBAC.class.php 第 184 行.
NOTIC: [8] Undefined index: authId D:\WWW\panchun\Manager\Lib\Action\CommonAction.class.php 第 11 行.

[ 2015-12-23T17:04:10+08:00 ] 0.0.0.0 /panchun/manager.php?s=
INFO: [ app_begin ] --START--
INFO: ReadHtmlCache Behavior ::run [ RunTime:0.000000s ]
INFO: [ app_begin ] --END-- [ RunTime:0.000000s ]
NOTIC: [8] Undefined index: _ACCESS_LIST D:\WWW\panchun\Manager\Lib\ORG\Util\RBAC.class.php 第 184 行.
NOTIC: [8] Undefined index: authId D:\WWW\panchun\Manager\Lib\Action\CommonAction.class.php 第 11 行.

[ 2015-12-23T17:04:10+08:00 ] 0.0.0.0 /panchun/manager.php?s=
INFO: [ app_begin ] --START--
INFO: ReadHtmlCache Behavior ::run [ RunTime:0.000000s ]
INFO: [ app_begin ] --END-- [ RunTime:0.001000s ]
NOTIC: [8] Undefined index: _ACCESS_LIST D:\WWW\panchun\Manager\Lib\ORG\Util\RBAC.class.php 第 184 行.
NOTIC: [8] Undefined index: authId D:\WWW\panchun\Manager\Lib\Action\CommonAction.class.php 第 11 行.

[ 2015-12-23T17:04:10+08:00 ] 0.0.0.0 /panchun/manager.php?s=
INFO: [ app_begin ] --START--
INFO: ReadHtmlCache Behavior ::run [ RunTime:0.000000s ]
INFO: [ app_begin ] --END-- [ RunTime:0.000000s ]
NOTIC: [8] Undefined index: _ACCESS_LIST D:\WWW\panchun\Manager\Lib\ORG\Util\RBAC.class.php 第 184 行.
NOTIC: [8] Undefined index: authId D:\WWW\panchun\Manager\Lib\Action\CommonAction.class.php 第 11 行.

[ 2015-12-23T17:04:10+08:00 ] 0.0.0.0 /panchun/manager.php?s=
INFO: [ app_begin ] --START--
INFO: ReadHtmlCache Behavior ::run [ RunTime:0.000000s ]
INFO: [ app_begin ] --END-- [ RunTime:0.000000s ]
NOTIC: [8] Undefined index: _ACCESS_LIST D:\WWW\panchun\Manager\Lib\ORG\Util\RBAC.class.php 第 184 行.
NOTIC: [8] Undefined index: authId D:\WWW\panchun\Manager\Lib\Action\CommonAction.class.php 第 11 行.

[ 2015-12-23T17:04:10+08:00 ] 0.0.0.0 /panchun/manager.php?s=
INFO: [ app_begin ] --START--
INFO: ReadHtmlCache Behavior ::run [ RunTime:0.001000s ]
INFO: [ app_begin ] --END-- [ RunTime:0.001000s ]
NOTIC: [8] Undefined index: _ACCESS_LIST D:\WWW\panchun\Manager\Lib\ORG\Util\RBAC.class.php 第 184 行.
NOTIC: [8] Undefined index: authId D:\WWW\panchun\Manager\Lib\Action\CommonAction.class.php 第 11 行.

[ 2015-12-23T17:04:10+08:00 ] 0.0.0.0 /panchun/manager.php?s=
INFO: [ app_begin ] --START--
INFO: ReadHtmlCache Behavior ::run [ RunTime:0.001000s ]
INFO: [ app_begin ] --END-- [ RunTime:0.001000s ]
NOTIC: [8] Undefined index: _ACCESS_LIST D:\WWW\panchun\Manager\Lib\ORG\Util\RBAC.class.php 第 184 行.
NOTIC: [8] Undefined index: authId D:\WWW\panchun\Manager\Lib\Action\CommonAction.class.php 第 11 行.

[ 2015-12-23T17:04:10+08:00 ] 0.0.0.0 /panchun/manager.php?s=
INFO: [ app_begin ] --START--
INFO: ReadHtmlCache Behavior ::run [ RunTime:0.000000s ]
INFO: [ app_begin ] --END-- [ RunTime:0.001000s ]
NOTIC: [8] Undefined index: _ACCESS_LIST D:\WWW\panchun\Manager\Lib\ORG\Util\RBAC.class.php 第 184 行.
NOTIC: [8] Undefined index: authId D:\WWW\panchun\Manager\Lib\Action\CommonAction.class.php 第 11 行.

[ 2015-12-23T17:04:10+08:00 ] 0.0.0.0 /panchun/manager.php?s=
INFO: [ app_begin ] --START--
INFO: ReadHtmlCache Behavior ::run [ RunTime:0.001000s ]
INFO: [ app_begin ] --END-- [ RunTime:0.001000s ]
NOTIC: [8] Undefined index: _ACCESS_LIST D:\WWW\panchun\Manager\Lib\ORG\Util\RBAC.class.php 第 184 行.
NOTIC: [8] Undefined index: authId D:\WWW\panchun\Manager\Lib\Action\CommonAction.class.php 第 11 行.

[ 2015-12-23T17:04:10+08:00 ] 0.0.0.0 /panchun/manager.php?s=
INFO: [ app_begin ] --START--
INFO: ReadHtmlCache Behavior ::run [ RunTime:0.000000s ]
INFO: [ app_begin ] --END-- [ RunTime:0.000000s ]
NOTIC: [8] Undefined index: _ACCESS_LIST D:\WWW\panchun\Manager\Lib\ORG\Util\RBAC.class.php 第 184 行.
NOTIC: [8] Undefined index: authId D:\WWW\panchun\Manager\Lib\Action\CommonAction.class.php 第 11 行.

[ 2015-12-23T17:04:10+08:00 ] 0.0.0.0 /panchun/manager.php?s=
INFO: [ app_begin ] --START--
INFO: ReadHtmlCache Behavior ::run [ RunTime:0.000000s ]
INFO: [ app_begin ] --END-- [ RunTime:0.001000s ]
NOTIC: [8] Undefined index: _ACCESS_LIST D:\WWW\panchun\Manager\Lib\ORG\Util\RBAC.class.php 第 184 行.
NOTIC: [8] Undefined index: authId D:\WWW\panchun\Manager\Lib\Action\CommonAction.class.php 第 11 行.

[ 2015-12-23T17:04:10+08:00 ] 0.0.0.0 /panchun/manager.php?s=
INFO: [ app_begin ] --START--
INFO: ReadHtmlCache Behavior ::run [ RunTime:0.000000s ]
INFO: [ app_begin ] --END-- [ RunTime:0.000000s ]
NOTIC: [8] Undefined index: _ACCESS_LIST D:\WWW\panchun\Manager\Lib\ORG\Util\RBAC.class.php 第 184 行.
NOTIC: [8] Undefined index: authId D:\WWW\panchun\Manager\Lib\Action\CommonAction.class.php 第 11 行.

[ 2015-12-23T17:04:10+08:00 ] 0.0.0.0 /panchun/manager.php?s=
INFO: [ app_begin ] --START--
INFO: ReadHtmlCache Behavior ::run [ RunTime:0.000000s ]
INFO: [ app_begin ] --END-- [ RunTime:0.000000s ]
NOTIC: [8] Undefined index: _ACCESS_LIST D:\WWW\panchun\Manager\Lib\ORG\Util\RBAC.class.php 第 184 行.
NOTIC: [8] Undefined index: authId D:\WWW\panchun\Manager\Lib\Action\CommonAction.class.php 第 11 行.

[ 2015-12-23T17:04:10+08:00 ] 0.0.0.0 /panchun/manager.php?s=
INFO: [ app_begin ] --START--
INFO: ReadHtmlCache Behavior ::run [ RunTime:0.000000s ]
INFO: [ app_begin ] --END-- [ RunTime:0.001001s ]
NOTIC: [8] Undefined index: _ACCESS_LIST D:\WWW\panchun\Manager\Lib\ORG\Util\RBAC.class.php 第 184 行.
NOTIC: [8] Undefined index: authId D:\WWW\panchun\Manager\Lib\Action\CommonAction.class.php 第 11 行.

[ 2015-12-23T17:04:10+08:00 ] 0.0.0.0 /panchun/manager.php?s=
INFO: [ app_begin ] --START--
INFO: ReadHtmlCache Behavior ::run [ RunTime:0.000000s ]
INFO: [ app_begin ] --END-- [ RunTime:0.000000s ]
NOTIC: [8] Undefined index: _ACCESS_LIST D:\WWW\panchun\Manager\Lib\ORG\Util\RBAC.class.php 第 184 行.
NOTIC: [8] Undefined index: authId D:\WWW\panchun\Manager\Lib\Action\CommonAction.class.php 第 11 行.

[ 2015-12-23T17:04:10+08:00 ] 0.0.0.0 /panchun/manager.php?s=
INFO: [ app_begin ] --START--
INFO: ReadHtmlCache Behavior ::run [ RunTime:0.001000s ]
INFO: [ app_begin ] --END-- [ RunTime:0.001000s ]
NOTIC: [8] Undefined index: _ACCESS_LIST D:\WWW\panchun\Manager\Lib\ORG\Util\RBAC.class.php 第 184 行.
NOTIC: [8] Undefined index: authId D:\WWW\panchun\Manager\Lib\Action\CommonAction.class.php 第 11 行.

[ 2015-12-23T17:04:10+08:00 ] 0.0.0.0 /panchun/manager.php?s=
INFO: [ app_begin ] --START--
INFO: ReadHtmlCache Behavior ::run [ RunTime:0.001000s ]
INFO: [ app_begin ] --END-- [ RunTime:0.001000s ]
NOTIC: [8] Undefined index: _ACCESS_LIST D:\WWW\panchun\Manager\Lib\ORG\Util\RBAC.class.php 第 184 行.
NOTIC: [8] Undefined index: authId D:\WWW\panchun\Manager\Lib\Action\CommonAction.class.php 第 11 行.

[ 2015-12-23T17:04:11+08:00 ] 0.0.0.0 /panchun/manager.php?s=
INFO: [ app_begin ] --START--
INFO: ReadHtmlCache Behavior ::run [ RunTime:0.001000s ]
INFO: [ app_begin ] --END-- [ RunTime:0.001000s ]
NOTIC: [8] Undefined index: _ACCESS_LIST D:\WWW\panchun\Manager\Lib\ORG\Util\RBAC.class.php 第 184 行.
NOTIC: [8] Undefined index: authId D:\WWW\panchun\Manager\Lib\Action\CommonAction.class.php 第 11 行.

[ 2015-12-23T17:04:11+08:00 ] 0.0.0.0 /panchun/manager.php?s=
INFO: [ app_begin ] --START--
INFO: ReadHtmlCache Behavior ::run [ RunTime:0.001000s ]
INFO: [ app_begin ] --END-- [ RunTime:0.001000s ]
NOTIC: [8] Undefined index: _ACCESS_LIST D:\WWW\panchun\Manager\Lib\ORG\Util\RBAC.class.php 第 184 行.
NOTIC: [8] Undefined index: authId D:\WWW\panchun\Manager\Lib\Action\CommonAction.class.php 第 11 行.

[ 2015-12-23T17:04:11+08:00 ] 0.0.0.0 /panchun/manager.php?s=
INFO: [ app_begin ] --START--
INFO: ReadHtmlCache Behavior ::run [ RunTime:0.001000s ]
INFO: [ app_begin ] --END-- [ RunTime:0.001000s ]
NOTIC: [8] Undefined index: _ACCESS_LIST D:\WWW\panchun\Manager\Lib\ORG\Util\RBAC.class.php 第 184 行.
NOTIC: [8] Undefined index: authId D:\WWW\panchun\Manager\Lib\Action\CommonAction.class.php 第 11 行.

[ 2015-12-23T17:04:11+08:00 ] 0.0.0.0 /panchun/manager.php?s=
INFO: [ app_begin ] --START--
INFO: ReadHtmlCache Behavior ::run [ RunTime:0.001000s ]
INFO: [ app_begin ] --END-- [ RunTime:0.001000s ]
NOTIC: [8] Undefined index: _ACCESS_LIST D:\WWW\panchun\Manager\Lib\ORG\Util\RBAC.class.php 第 184 行.
NOTIC: [8] Undefined index: authId D:\WWW\panchun\Manager\Lib\Action\CommonAction.class.php 第 11 行.

[ 2015-12-23T17:04:11+08:00 ] 0.0.0.0 /panchun/manager.php?s=
INFO: [ app_begin ] --START--
INFO: ReadHtmlCache Behavior ::run [ RunTime:0.001000s ]
INFO: [ app_begin ] --END-- [ RunTime:0.001000s ]
NOTIC: [8] Undefined index: _ACCESS_LIST D:\WWW\panchun\Manager\Lib\ORG\Util\RBAC.class.php 第 184 行.
NOTIC: [8] Undefined index: authId D:\WWW\panchun\Manager\Lib\Action\CommonAction.class.php 第 11 行.

[ 2015-12-23T17:04:11+08:00 ] 0.0.0.0 /panchun/manager.php?s=
INFO: [ app_begin ] --START--
INFO: ReadHtmlCache Behavior ::run [ RunTime:0.000000s ]
INFO: [ app_begin ] --END-- [ RunTime:0.001000s ]
NOTIC: [8] Undefined index: _ACCESS_LIST D:\WWW\panchun\Manager\Lib\ORG\Util\RBAC.class.php 第 184 行.
NOTIC: [8] Undefined index: authId D:\WWW\panchun\Manager\Lib\Action\CommonAction.class.php 第 11 行.

[ 2015-12-23T17:04:11+08:00 ] 0.0.0.0 /panchun/manager.php?s=
INFO: [ app_begin ] --START--
INFO: ReadHtmlCache Behavior ::run [ RunTime:0.000000s ]
INFO: [ app_begin ] --END-- [ RunTime:0.001000s ]
NOTIC: [8] Undefined index: _ACCESS_LIST D:\WWW\panchun\Manager\Lib\ORG\Util\RBAC.class.php 第 184 行.
NOTIC: [8] Undefined index: authId D:\WWW\panchun\Manager\Lib\Action\CommonAction.class.php 第 11 行.

[ 2015-12-23T17:04:11+08:00 ] 0.0.0.0 /panchun/manager.php?s=
INFO: [ app_begin ] --START--
INFO: ReadHtmlCache Behavior ::run [ RunTime:0.000000s ]
INFO: [ app_begin ] --END-- [ RunTime:0.000000s ]
NOTIC: [8] Undefined index: _ACCESS_LIST D:\WWW\panchun\Manager\Lib\ORG\Util\RBAC.class.php 第 184 行.
NOTIC: [8] Undefined index: authId D:\WWW\panchun\Manager\Lib\Action\CommonAction.class.php 第 11 行.

[ 2015-12-23T17:04:11+08:00 ] 0.0.0.0 /panchun/manager.php?s=
INFO: [ app_begin ] --START--
INFO: ReadHtmlCache Behavior ::run [ RunTime:0.001001s ]
INFO: [ app_begin ] --END-- [ RunTime:0.001001s ]
NOTIC: [8] Undefined index: _ACCESS_LIST D:\WWW\panchun\Manager\Lib\ORG\Util\RBAC.class.php 第 184 行.
NOTIC: [8] Undefined index: authId D:\WWW\panchun\Manager\Lib\Action\CommonAction.class.php 第 11 行.

[ 2015-12-23T17:04:11+08:00 ] 0.0.0.0 /panchun/manager.php?s=
INFO: [ app_begin ] --START--
INFO: ReadHtmlCache Behavior ::run [ RunTime:0.000000s ]
INFO: [ app_begin ] --END-- [ RunTime:0.000000s ]
NOTIC: [8] Undefined index: _ACCESS_LIST D:\WWW\panchun\Manager\Lib\ORG\Util\RBAC.class.php 第 184 行.
NOTIC: [8] Undefined index: authId D:\WWW\panchun\Manager\Lib\Action\CommonAction.class.php 第 11 行.

[ 2015-12-23T17:04:11+08:00 ] 0.0.0.0 /panchun/manager.php?s=
INFO: [ app_begin ] --START--
INFO: ReadHtmlCache Behavior ::run [ RunTime:0.001000s ]
INFO: [ app_begin ] --END-- [ RunTime:0.001000s ]
NOTIC: [8] Undefined index: _ACCESS_LIST D:\WWW\panchun\Manager\Lib\ORG\Util\RBAC.class.php 第 184 行.
NOTIC: [8] Undefined index: authId D:\WWW\panchun\Manager\Lib\Action\CommonAction.class.php 第 11 行.

[ 2015-12-23T17:04:11+08:00 ] 0.0.0.0 /panchun/manager.php?s=
INFO: [ app_begin ] --START--
INFO: ReadHtmlCache Behavior ::run [ RunTime:0.000000s ]
INFO: [ app_begin ] --END-- [ RunTime:0.000000s ]
NOTIC: [8] Undefined index: _ACCESS_LIST D:\WWW\panchun\Manager\Lib\ORG\Util\RBAC.class.php 第 184 行.
NOTIC: [8] Undefined index: authId D:\WWW\panchun\Manager\Lib\Action\CommonAction.class.php 第 11 行.

[ 2015-12-23T17:04:11+08:00 ] 0.0.0.0 /panchun/manager.php?s=
INFO: [ app_begin ] --START--
INFO: ReadHtmlCache Behavior ::run [ RunTime:0.000000s ]
INFO: [ app_begin ] --END-- [ RunTime:0.000000s ]
NOTIC: [8] Undefined index: _ACCESS_LIST D:\WWW\panchun\Manager\Lib\ORG\Util\RBAC.class.php 第 184 行.
NOTIC: [8] Undefined index: authId D:\WWW\panchun\Manager\Lib\Action\CommonAction.class.php 第 11 行.

[ 2015-12-23T17:04:11+08:00 ] 0.0.0.0 /panchun/manager.php?s=
INFO: [ app_begin ] --START--
INFO: ReadHtmlCache Behavior ::run [ RunTime:0.000000s ]
INFO: [ app_begin ] --END-- [ RunTime:0.000000s ]
NOTIC: [8] Undefined index: _ACCESS_LIST D:\WWW\panchun\Manager\Lib\ORG\Util\RBAC.class.php 第 184 行.
NOTIC: [8] Undefined index: authId D:\WWW\panchun\Manager\Lib\Action\CommonAction.class.php 第 11 行.

[ 2015-12-23T17:04:11+08:00 ] 0.0.0.0 /panchun/manager.php?s=
INFO: [ app_begin ] --START--
INFO: ReadHtmlCache Behavior ::run [ RunTime:0.001000s ]
INFO: [ app_begin ] --END-- [ RunTime:0.001000s ]
NOTIC: [8] Undefined index: _ACCESS_LIST D:\WWW\panchun\Manager\Lib\ORG\Util\RBAC.class.php 第 184 行.
NOTIC: [8] Undefined index: authId D:\WWW\panchun\Manager\Lib\Action\CommonAction.class.php 第 11 行.

[ 2015-12-23T17:04:11+08:00 ] 0.0.0.0 /panchun/manager.php?s=
INFO: [ app_begin ] --START--
INFO: ReadHtmlCache Behavior ::run [ RunTime:0.000000s ]
INFO: [ app_begin ] --END-- [ RunTime:0.000000s ]
NOTIC: [8] Undefined index: _ACCESS_LIST D:\WWW\panchun\Manager\Lib\ORG\Util\RBAC.class.php 第 184 行.
NOTIC: [8] Undefined index: authId D:\WWW\panchun\Manager\Lib\Action\CommonAction.class.php 第 11 行.

[ 2015-12-23T17:04:11+08:00 ] 0.0.0.0 /panchun/manager.php?s=
INFO: [ app_begin ] --START--
INFO: ReadHtmlCache Behavior ::run [ RunTime:0.001000s ]
INFO: [ app_begin ] --END-- [ RunTime:0.001000s ]
NOTIC: [8] Undefined index: _ACCESS_LIST D:\WWW\panchun\Manager\Lib\ORG\Util\RBAC.class.php 第 184 行.
NOTIC: [8] Undefined index: authId D:\WWW\panchun\Manager\Lib\Action\CommonAction.class.php 第 11 行.

[ 2015-12-23T17:04:11+08:00 ] 0.0.0.0 /panchun/manager.php?s=
INFO: [ app_begin ] --START--
INFO: ReadHtmlCache Behavior ::run [ RunTime:0.001000s ]
INFO: [ app_begin ] --END-- [ RunTime:0.001000s ]
NOTIC: [8] Undefined index: _ACCESS_LIST D:\WWW\panchun\Manager\Lib\ORG\Util\RBAC.class.php 第 184 行.
NOTIC: [8] Undefined index: authId D:\WWW\panchun\Manager\Lib\Action\CommonAction.class.php 第 11 行.

[ 2015-12-23T17:04:11+08:00 ] 0.0.0.0 /panchun/manager.php?s=
INFO: [ app_begin ] --START--
INFO: ReadHtmlCache Behavior ::run [ RunTime:0.000000s ]
INFO: [ app_begin ] --END-- [ RunTime:0.000000s ]
NOTIC: [8] Undefined index: _ACCESS_LIST D:\WWW\panchun\Manager\Lib\ORG\Util\RBAC.class.php 第 184 行.
NOTIC: [8] Undefined index: authId D:\WWW\panchun\Manager\Lib\Action\CommonAction.class.php 第 11 行.

[ 2015-12-23T17:04:11+08:00 ] 0.0.0.0 /panchun/manager.php?s=
INFO: [ app_begin ] --START--
INFO: ReadHtmlCache Behavior ::run [ RunTime:0.000000s ]
INFO: [ app_begin ] --END-- [ RunTime:0.001000s ]
NOTIC: [8] Undefined index: _ACCESS_LIST D:\WWW\panchun\Manager\Lib\ORG\Util\RBAC.class.php 第 184 行.
NOTIC: [8] Undefined index: authId D:\WWW\panchun\Manager\Lib\Action\CommonAction.class.php 第 11 行.

[ 2015-12-23T17:04:11+08:00 ] 0.0.0.0 /panchun/manager.php?s=
INFO: [ app_begin ] --START--
INFO: ReadHtmlCache Behavior ::run [ RunTime:0.000000s ]
INFO: [ app_begin ] --END-- [ RunTime:0.000000s ]
NOTIC: [8] Undefined index: _ACCESS_LIST D:\WWW\panchun\Manager\Lib\ORG\Util\RBAC.class.php 第 184 行.
NOTIC: [8] Undefined index: authId D:\WWW\panchun\Manager\Lib\Action\CommonAction.class.php 第 11 行.

[ 2015-12-23T17:04:11+08:00 ] 0.0.0.0 /panchun/manager.php?s=
INFO: [ app_begin ] --START--
INFO: ReadHtmlCache Behavior ::run [ RunTime:0.000000s ]
INFO: [ app_begin ] --END-- [ RunTime:0.000000s ]
NOTIC: [8] Undefined index: _ACCESS_LIST D:\WWW\panchun\Manager\Lib\ORG\Util\RBAC.class.php 第 184 行.
NOTIC: [8] Undefined index: authId D:\WWW\panchun\Manager\Lib\Action\CommonAction.class.php 第 11 行.

[ 2015-12-23T17:04:11+08:00 ] 0.0.0.0 /panchun/manager.php?s=
INFO: [ app_begin ] --START--
INFO: ReadHtmlCache Behavior ::run [ RunTime:0.000000s ]
INFO: [ app_begin ] --END-- [ RunTime:0.000000s ]
NOTIC: [8] Undefined index: _ACCESS_LIST D:\WWW\panchun\Manager\Lib\ORG\Util\RBAC.class.php 第 184 行.
NOTIC: [8] Undefined index: authId D:\WWW\panchun\Manager\Lib\Action\CommonAction.class.php 第 11 行.

[ 2015-12-23T17:04:11+08:00 ] 0.0.0.0 /panchun/manager.php?s=
INFO: [ app_begin ] --START--
INFO: ReadHtmlCache Behavior ::run [ RunTime:0.000000s ]
INFO: [ app_begin ] --END-- [ RunTime:0.000000s ]
NOTIC: [8] Undefined index: _ACCESS_LIST D:\WWW\panchun\Manager\Lib\ORG\Util\RBAC.class.php 第 184 行.
NOTIC: [8] Undefined index: authId D:\WWW\panchun\Manager\Lib\Action\CommonAction.class.php 第 11 行.

[ 2015-12-23T17:04:11+08:00 ] 0.0.0.0 /panchun/manager.php?s=
INFO: [ app_begin ] --START--
INFO: ReadHtmlCache Behavior ::run [ RunTime:0.000000s ]
INFO: [ app_begin ] --END-- [ RunTime:0.000000s ]
NOTIC: [8] Undefined index: _ACCESS_LIST D:\WWW\panchun\Manager\Lib\ORG\Util\RBAC.class.php 第 184 行.
NOTIC: [8] Undefined index: authId D:\WWW\panchun\Manager\Lib\Action\CommonAction.class.php 第 11 行.

[ 2015-12-23T17:04:16+08:00 ] 0.0.0.0 /panchun/manager.php?s=
INFO: [ app_begin ] --START--
INFO: ReadHtmlCache Behavior ::run [ RunTime:0.000000s ]
INFO: [ app_begin ] --END-- [ RunTime:0.000000s ]
NOTIC: [8] Undefined index: _ACCESS_LIST D:\WWW\panchun\Manager\Lib\ORG\Util\RBAC.class.php 第 184 行.
NOTIC: [8] Undefined index: authId D:\WWW\panchun\Manager\Lib\Action\CommonAction.class.php 第 11 行.

[ 2015-12-23T17:04:16+08:00 ] 0.0.0.0 /panchun/manager.php?s=
INFO: [ app_begin ] --START--
INFO: ReadHtmlCache Behavior ::run [ RunTime:0.000000s ]
INFO: [ app_begin ] --END-- [ RunTime:0.001001s ]
NOTIC: [8] Undefined index: _ACCESS_LIST D:\WWW\panchun\Manager\Lib\ORG\Util\RBAC.class.php 第 184 行.
NOTIC: [8] Undefined index: authId D:\WWW\panchun\Manager\Lib\Action\CommonAction.class.php 第 11 行.

[ 2015-12-23T17:04:16+08:00 ] 0.0.0.0 /panchun/manager.php?s=
INFO: [ app_begin ] --START--
INFO: ReadHtmlCache Behavior ::run [ RunTime:0.001000s ]
INFO: [ app_begin ] --END-- [ RunTime:0.001000s ]
NOTIC: [8] Undefined index: _ACCESS_LIST D:\WWW\panchun\Manager\Lib\ORG\Util\RBAC.class.php 第 184 行.
NOTIC: [8] Undefined index: authId D:\WWW\panchun\Manager\Lib\Action\CommonAction.class.php 第 11 行.

[ 2015-12-23T17:04:16+08:00 ] 0.0.0.0 /panchun/manager.php?s=
INFO: [ app_begin ] --START--
INFO: ReadHtmlCache Behavior ::run [ RunTime:0.000000s ]
INFO: [ app_begin ] --END-- [ RunTime:0.000000s ]
NOTIC: [8] Undefined index: _ACCESS_LIST D:\WWW\panchun\Manager\Lib\ORG\Util\RBAC.class.php 第 184 行.
NOTIC: [8] Undefined index: authId D:\WWW\panchun\Manager\Lib\Action\CommonAction.class.php 第 11 行.

[ 2015-12-23T17:04:16+08:00 ] 0.0.0.0 /panchun/manager.php?s=
INFO: [ app_begin ] --START--
INFO: ReadHtmlCache Behavior ::run [ RunTime:0.000000s ]
INFO: [ app_begin ] --END-- [ RunTime:0.000000s ]
NOTIC: [8] Undefined index: _ACCESS_LIST D:\WWW\panchun\Manager\Lib\ORG\Util\RBAC.class.php 第 184 行.
NOTIC: [8] Undefined index: authId D:\WWW\panchun\Manager\Lib\Action\CommonAction.class.php 第 11 行.

[ 2015-12-23T17:04:16+08:00 ] 0.0.0.0 /panchun/manager.php?s=
INFO: [ app_begin ] --START--
INFO: ReadHtmlCache Behavior ::run [ RunTime:0.000000s ]
INFO: [ app_begin ] --END-- [ RunTime:0.000000s ]
NOTIC: [8] Undefined index: _ACCESS_LIST D:\WWW\panchun\Manager\Lib\ORG\Util\RBAC.class.php 第 184 行.
NOTIC: [8] Undefined index: authId D:\WWW\panchun\Manager\Lib\Action\CommonAction.class.php 第 11 行.

[ 2015-12-23T17:04:16+08:00 ] 0.0.0.0 /panchun/manager.php?s=
INFO: [ app_begin ] --START--
INFO: ReadHtmlCache Behavior ::run [ RunTime:0.001000s ]
INFO: [ app_begin ] --END-- [ RunTime:0.001000s ]
NOTIC: [8] Undefined index: _ACCESS_LIST D:\WWW\panchun\Manager\Lib\ORG\Util\RBAC.class.php 第 184 行.
NOTIC: [8] Undefined index: authId D:\WWW\panchun\Manager\Lib\Action\CommonAction.class.php 第 11 行.

[ 2015-12-23T17:04:16+08:00 ] 0.0.0.0 /panchun/manager.php?s=
INFO: [ app_begin ] --START--
INFO: ReadHtmlCache Behavior ::run [ RunTime:0.000000s ]
INFO: [ app_begin ] --END-- [ RunTime:0.000000s ]
NOTIC: [8] Undefined index: _ACCESS_LIST D:\WWW\panchun\Manager\Lib\ORG\Util\RBAC.class.php 第 184 行.
NOTIC: [8] Undefined index: authId D:\WWW\panchun\Manager\Lib\Action\CommonAction.class.php 第 11 行.

[ 2015-12-23T17:04:16+08:00 ] 0.0.0.0 /panchun/manager.php?s=
INFO: [ app_begin ] --START--
INFO: ReadHtmlCache Behavior ::run [ RunTime:0.000000s ]
INFO: [ app_begin ] --END-- [ RunTime:0.001000s ]
NOTIC: [8] Undefined index: _ACCESS_LIST D:\WWW\panchun\Manager\Lib\ORG\Util\RBAC.class.php 第 184 行.
NOTIC: [8] Undefined index: authId D:\WWW\panchun\Manager\Lib\Action\CommonAction.class.php 第 11 行.

[ 2015-12-23T17:04:16+08:00 ] 0.0.0.0 /panchun/manager.php?s=
INFO: [ app_begin ] --START--
INFO: ReadHtmlCache Behavior ::run [ RunTime:0.000000s ]
INFO: [ app_begin ] --END-- [ RunTime:0.000000s ]
NOTIC: [8] Undefined index: _ACCESS_LIST D:\WWW\panchun\Manager\Lib\ORG\Util\RBAC.class.php 第 184 行.
NOTIC: [8] Undefined index: authId D:\WWW\panchun\Manager\Lib\Action\CommonAction.class.php 第 11 行.

[ 2015-12-23T17:04:16+08:00 ] 0.0.0.0 /panchun/manager.php?s=
INFO: [ app_begin ] --START--
INFO: ReadHtmlCache Behavior ::run [ RunTime:0.000000s ]
INFO: [ app_begin ] --END-- [ RunTime:0.000000s ]
NOTIC: [8] Undefined index: _ACCESS_LIST D:\WWW\panchun\Manager\Lib\ORG\Util\RBAC.class.php 第 184 行.
NOTIC: [8] Undefined index: authId D:\WWW\panchun\Manager\Lib\Action\CommonAction.class.php 第 11 行.

[ 2015-12-23T17:04:16+08:00 ] 0.0.0.0 /panchun/manager.php?s=
INFO: [ app_begin ] --START--
INFO: ReadHtmlCache Behavior ::run [ RunTime:0.001000s ]
INFO: [ app_begin ] --END-- [ RunTime:0.001000s ]
NOTIC: [8] Undefined index: _ACCESS_LIST D:\WWW\panchun\Manager\Lib\ORG\Util\RBAC.class.php 第 184 行.
NOTIC: [8] Undefined index: authId D:\WWW\panchun\Manager\Lib\Action\CommonAction.class.php 第 11 行.

[ 2015-12-23T17:04:16+08:00 ] 0.0.0.0 /panchun/manager.php?s=
INFO: [ app_begin ] --START--
INFO: ReadHtmlCache Behavior ::run [ RunTime:0.000000s ]
INFO: [ app_begin ] --END-- [ RunTime:0.000000s ]
NOTIC: [8] Undefined index: _ACCESS_LIST D:\WWW\panchun\Manager\Lib\ORG\Util\RBAC.class.php 第 184 行.
NOTIC: [8] Undefined index: authId D:\WWW\panchun\Manager\Lib\Action\CommonAction.class.php 第 11 行.

[ 2015-12-23T17:04:16+08:00 ] 0.0.0.0 /panchun/manager.php?s=
INFO: [ app_begin ] --START--
INFO: ReadHtmlCache Behavior ::run [ RunTime:0.000000s ]
INFO: [ app_begin ] --END-- [ RunTime:0.000000s ]
NOTIC: [8] Undefined index: _ACCESS_LIST D:\WWW\panchun\Manager\Lib\ORG\Util\RBAC.class.php 第 184 行.
NOTIC: [8] Undefined index: authId D:\WWW\panchun\Manager\Lib\Action\CommonAction.class.php 第 11 行.

[ 2015-12-23T17:04:16+08:00 ] 0.0.0.0 /panchun/manager.php?s=
INFO: [ app_begin ] --START--
INFO: ReadHtmlCache Behavior ::run [ RunTime:0.000000s ]
INFO: [ app_begin ] --END-- [ RunTime:0.000000s ]
NOTIC: [8] Undefined index: _ACCESS_LIST D:\WWW\panchun\Manager\Lib\ORG\Util\RBAC.class.php 第 184 行.
NOTIC: [8] Undefined index: authId D:\WWW\panchun\Manager\Lib\Action\CommonAction.class.php 第 11 行.

[ 2015-12-23T17:04:16+08:00 ] 0.0.0.0 /panchun/manager.php?s=
INFO: [ app_begin ] --START--
INFO: ReadHtmlCache Behavior ::run [ RunTime:0.001000s ]
INFO: [ app_begin ] --END-- [ RunTime:0.001000s ]
NOTIC: [8] Undefined index: _ACCESS_LIST D:\WWW\panchun\Manager\Lib\ORG\Util\RBAC.class.php 第 184 行.
NOTIC: [8] Undefined index: authId D:\WWW\panchun\Manager\Lib\Action\CommonAction.class.php 第 11 行.

[ 2015-12-23T17:04:16+08:00 ] 0.0.0.0 /panchun/manager.php?s=
INFO: [ app_begin ] --START--
INFO: ReadHtmlCache Behavior ::run [ RunTime:0.000000s ]
INFO: [ app_begin ] --END-- [ RunTime:0.000000s ]
NOTIC: [8] Undefined index: _ACCESS_LIST D:\WWW\panchun\Manager\Lib\ORG\Util\RBAC.class.php 第 184 行.
NOTIC: [8] Undefined index: authId D:\WWW\panchun\Manager\Lib\Action\CommonAction.class.php 第 11 行.

[ 2015-12-23T17:04:16+08:00 ] 0.0.0.0 /panchun/manager.php?s=
INFO: [ app_begin ] --START--
INFO: ReadHtmlCache Behavior ::run [ RunTime:0.000000s ]
INFO: [ app_begin ] --END-- [ RunTime:0.001000s ]
NOTIC: [8] Undefined index: _ACCESS_LIST D:\WWW\panchun\Manager\Lib\ORG\Util\RBAC.class.php 第 184 行.
NOTIC: [8] Undefined index: authId D:\WWW\panchun\Manager\Lib\Action\CommonAction.class.php 第 11 行.

[ 2015-12-23T17:04:16+08:00 ] 0.0.0.0 /panchun/manager.php?s=
INFO: [ app_begin ] --START--
INFO: ReadHtmlCache Behavior ::run [ RunTime:0.000000s ]
INFO: [ app_begin ] --END-- [ RunTime:0.000000s ]
NOTIC: [8] Undefined index: _ACCESS_LIST D:\WWW\panchun\Manager\Lib\ORG\Util\RBAC.class.php 第 184 行.
NOTIC: [8] Undefined index: authId D:\WWW\panchun\Manager\Lib\Action\CommonAction.class.php 第 11 行.

[ 2015-12-23T17:04:16+08:00 ] 0.0.0.0 /panchun/manager.php?s=
INFO: [ app_begin ] --START--
INFO: ReadHtmlCache Behavior ::run [ RunTime:0.000000s ]
INFO: [ app_begin ] --END-- [ RunTime:0.001000s ]
NOTIC: [8] Undefined index: _ACCESS_LIST D:\WWW\panchun\Manager\Lib\ORG\Util\RBAC.class.php 第 184 行.
NOTIC: [8] Undefined index: authId D:\WWW\panchun\Manager\Lib\Action\CommonAction.class.php 第 11 行.

[ 2015-12-23T17:04:16+08:00 ] 0.0.0.0 /panchun/manager.php?s=
INFO: [ app_begin ] --START--
INFO: ReadHtmlCache Behavior ::run [ RunTime:0.000000s ]
INFO: [ app_begin ] --END-- [ RunTime:0.001000s ]
NOTIC: [8] Undefined index: _ACCESS_LIST D:\WWW\panchun\Manager\Lib\ORG\Util\RBAC.class.php 第 184 行.
NOTIC: [8] Undefined index: authId D:\WWW\panchun\Manager\Lib\Action\CommonAction.class.php 第 11 行.

[ 2015-12-23T17:04:25+08:00 ] 0.0.0.0 /panchun/manager.php
INFO: [ app_begin ] --START--
INFO: ReadHtmlCache Behavior ::run [ RunTime:0.000000s ]
INFO: [ app_begin ] --END-- [ RunTime:0.000000s ]
NOTIC: [8] Undefined index: _ACCESS_LIST D:\WWW\panchun\Manager\Lib\ORG\Util\RBAC.class.php 第 184 行.
NOTIC: [8] Undefined index: authId D:\WWW\panchun\Manager\Lib\Action\CommonAction.class.php 第 11 行.

[ 2015-12-23T17:04:25+08:00 ] 0.0.0.0 /panchun/manager.php?s=/Public/login
INFO: [ route_check ] --START--
INFO: CheckRoute Behavior ::run [ RunTime:0.000000s ]
INFO: [ route_check ] --END-- [ RunTime:0.000000s ]
INFO: [ app_begin ] --START--
INFO: ReadHtmlCache Behavior ::run [ RunTime:0.000000s ]
INFO: [ app_begin ] --END-- [ RunTime:0.000000s ]
INFO: [ view_parse ] --START--
INFO: ParseTemplate Behavior ::run [ RunTime:0.004000s ]
INFO: [ view_parse ] --END-- [ RunTime:0.004000s ]
INFO: [ view_filter ] --START--
INFO: ContentReplace Behavior ::run [ RunTime:0.000000s ]
INFO: TokenBuild Behavior ::run [ RunTime:0.000000s ]
INFO: WriteHtmlCache Behavior ::run [ RunTime:0.000000s ]
INFO: ShowRuntime Behavior ::run [ RunTime:0.001000s ]
INFO: [ view_filter ] --END-- [ RunTime:0.001000s ]
INFO: [ view_end ] --START--
INFO: ShowPageTrace Behavior ::run [ RunTime:0.000000s ]
INFO: [ view_end ] --END-- [ RunTime:0.000000s ]

[ 2015-12-23T17:04:25+08:00 ] 0.0.0.0 /panchun/manager.php?s=/Public/verify/
INFO: [ route_check ] --START--
INFO: CheckRoute Behavior ::run [ RunTime:0.001000s ]
INFO: [ route_check ] --END-- [ RunTime:0.001000s ]
INFO: [ app_begin ] --START--
INFO: ReadHtmlCache Behavior ::run [ RunTime:0.000000s ]
INFO: [ app_begin ] --END-- [ RunTime:0.000000s ]

[ 2015-12-23T17:04:25+08:00 ] 0.0.0.0 /panchun/manager.php
INFO: [ app_begin ] --START--
INFO: ReadHtmlCache Behavior ::run [ RunTime:0.001000s ]
INFO: [ app_begin ] --END-- [ RunTime:0.001000s ]
NOTIC: [8] Undefined index: _ACCESS_LIST D:\WWW\panchun\Manager\Lib\ORG\Util\RBAC.class.php 第 184 行.
NOTIC: [8] Undefined index: authId D:\WWW\panchun\Manager\Lib\Action\CommonAction.class.php 第 11 行.

[ 2015-12-23T17:04:25+08:00 ] 0.0.0.0 /panchun/manager.php?s=/Public/login
INFO: [ route_check ] --START--
INFO: CheckRoute Behavior ::run [ RunTime:0.000000s ]
INFO: [ route_check ] --END-- [ RunTime:0.000000s ]
INFO: [ app_begin ] --START--
INFO: ReadHtmlCache Behavior ::run [ RunTime:0.001001s ]
INFO: [ app_begin ] --END-- [ RunTime:0.001001s ]
INFO: [ view_parse ] --START--
INFO: ParseTemplate Behavior ::run [ RunTime:0.006000s ]
INFO: [ view_parse ] --END-- [ RunTime:0.006000s ]
INFO: [ view_filter ] --START--
INFO: ContentReplace Behavior ::run [ RunTime:0.000000s ]
INFO: TokenBuild Behavior ::run [ RunTime:0.000000s ]
INFO: WriteHtmlCache Behavior ::run [ RunTime:0.000000s ]
INFO: ShowRuntime Behavior ::run [ RunTime:0.000000s ]
INFO: [ view_filter ] --END-- [ RunTime:0.001000s ]
INFO: [ view_end ] --START--
INFO: ShowPageTrace Behavior ::run [ RunTime:0.000000s ]
INFO: [ view_end ] --END-- [ RunTime:0.000000s ]

[ 2015-12-23T17:04:25+08:00 ] 0.0.0.0 /panchun/manager.php?s=/Public/verify/
INFO: [ route_check ] --START--
INFO: CheckRoute Behavior ::run [ RunTime:0.001000s ]
INFO: [ route_check ] --END-- [ RunTime:0.001000s ]
INFO: [ app_begin ] --START--
INFO: ReadHtmlCache Behavior ::run [ RunTime:0.000000s ]
INFO: [ app_begin ] --END-- [ RunTime:0.000000s ]

