[ 2015-04-07T06:12:29+08:00 ] 111.206.36.18 /order/admin_order.php?s=/Organize&_=1428216040027
INFO: [ route_check ] --START--
INFO: CheckRoute Behavior ::run [ RunTime:0.001342s ]
INFO: [ route_check ] --END-- [ RunTime:0.001580s ]
NOTIC: [2] htmlspecialchars() expects parameter 2 to be long, string given /home/wwwroot/test/public_html/order/ThinkPHP/Lib/Core/App.class.php 第 57 行.
INFO: [ app_begin ] --START--
INFO: ReadHtmlCache Behavior ::run [ RunTime:0.000897s ]
INFO: [ app_begin ] --END-- [ RunTime:0.001000s ]
NOTIC: [8] Undefined index:  3c77a2935af43dfc35c0a508b643d001 /home/wwwroot/test/public_html/order/Admin/Lib/ORG/Util/RBAC.class.php 第 180 行.
NOTIC: [8] Undefined index:  _ACCESS_LIST /home/wwwroot/test/public_html/order/Admin/Lib/ORG/Util/RBAC.class.php 第 184 行.
NOTIC: [8] Undefined index:  authId /home/wwwroot/test/public_html/order/Admin/Lib/Action/CommonAction.class.php(2) : eval()'d code(1) : eval()'d code(1) : eval()'d code 第 8 行.

[ 2015-04-07T06:12:29+08:00 ] 111.206.36.138 /order/admin_order.php?s=/Organize/excel&pageNum=1&_order=&_sort=&product=&uname=&status=
INFO: [ route_check ] --START--
INFO: CheckRoute Behavior ::run [ RunTime:0.000925s ]
INFO: [ route_check ] --END-- [ RunTime:0.001064s ]
NOTIC: [2] htmlspecialchars() expects parameter 2 to be long, string given /home/wwwroot/test/public_html/order/ThinkPHP/Lib/Core/App.class.php 第 57 行.
NOTIC: [2] htmlspecialchars() expects parameter 2 to be long, string given /home/wwwroot/test/public_html/order/ThinkPHP/Lib/Core/App.class.php 第 57 行.
NOTIC: [2] htmlspecialchars() expects parameter 2 to be long, string given /home/wwwroot/test/public_html/order/ThinkPHP/Lib/Core/App.class.php 第 57 行.
NOTIC: [2] htmlspecialchars() expects parameter 2 to be long, string given /home/wwwroot/test/public_html/order/ThinkPHP/Lib/Core/App.class.php 第 57 行.
NOTIC: [2] htmlspecialchars() expects parameter 2 to be long, string given /home/wwwroot/test/public_html/order/ThinkPHP/Lib/Core/App.class.php 第 57 行.
NOTIC: [2] htmlspecialchars() expects parameter 2 to be long, string given /home/wwwroot/test/public_html/order/ThinkPHP/Lib/Core/App.class.php 第 57 行.
INFO: [ app_begin ] --START--
INFO: ReadHtmlCache Behavior ::run [ RunTime:0.000597s ]
INFO: [ app_begin ] --END-- [ RunTime:0.000662s ]
NOTIC: [8] Undefined index:  8f34bb27a01c3baf08c55d498987a803 /home/wwwroot/test/public_html/order/Admin/Lib/ORG/Util/RBAC.class.php 第 180 行.
NOTIC: [8] Undefined index:  _ACCESS_LIST /home/wwwroot/test/public_html/order/Admin/Lib/ORG/Util/RBAC.class.php 第 184 行.
NOTIC: [8] Undefined index:  authId /home/wwwroot/test/public_html/order/Admin/Lib/Action/CommonAction.class.php(2) : eval()'d code(1) : eval()'d code(1) : eval()'d code 第 8 行.

[ 2015-04-07T06:12:29+08:00 ] 111.206.36.5 /order/admin_order.php?s=/Public/login
INFO: [ route_check ] --START--
INFO: CheckRoute Behavior ::run [ RunTime:0.001280s ]
INFO: [ route_check ] --END-- [ RunTime:0.001394s ]
INFO: [ app_begin ] --START--
INFO: ReadHtmlCache Behavior ::run [ RunTime:0.000892s ]
INFO: [ app_begin ] --END-- [ RunTime:0.000972s ]
INFO: [ view_parse ] --START--
INFO: ParseTemplate Behavior ::run [ RunTime:0.009152s ]
INFO: [ view_parse ] --END-- [ RunTime:0.009309s ]
INFO: [ view_filter ] --START--
INFO: ContentReplace Behavior ::run [ RunTime:0.000510s ]
INFO: TokenBuild Behavior ::run [ RunTime:0.000486s ]
INFO: WriteHtmlCache Behavior ::run [ RunTime:0.000489s ]
INFO: ShowRuntime Behavior ::run [ RunTime:0.000565s ]
INFO: [ view_filter ] --END-- [ RunTime:0.002304s ]
INFO: [ view_end ] --START--
INFO: ShowPageTrace Behavior ::run [ RunTime:0.000668s ]
INFO: [ view_end ] --END-- [ RunTime:0.000752s ]

[ 2015-04-07T06:12:29+08:00 ] 111.206.36.137 /order/admin_order.php?s=/Organize/edit/id/207&_=1428216115511
INFO: [ route_check ] --START--
INFO: CheckRoute Behavior ::run [ RunTime:0.001679s ]
INFO: [ route_check ] --END-- [ RunTime:0.001867s ]
NOTIC: [2] htmlspecialchars() expects parameter 2 to be long, string given /home/wwwroot/test/public_html/order/ThinkPHP/Lib/Core/App.class.php 第 57 行.
NOTIC: [2] htmlspecialchars() expects parameter 2 to be long, string given /home/wwwroot/test/public_html/order/ThinkPHP/Lib/Core/App.class.php 第 57 行.
INFO: [ app_begin ] --START--
INFO: ReadHtmlCache Behavior ::run [ RunTime:0.000691s ]
INFO: [ app_begin ] --END-- [ RunTime:0.000755s ]
NOTIC: [8] Undefined index:  26af724a5a7ce69e5aa8280c79f292f9 /home/wwwroot/test/public_html/order/Admin/Lib/ORG/Util/RBAC.class.php 第 180 行.
NOTIC: [8] Undefined index:  _ACCESS_LIST /home/wwwroot/test/public_html/order/Admin/Lib/ORG/Util/RBAC.class.php 第 184 行.
NOTIC: [8] Undefined index:  authId /home/wwwroot/test/public_html/order/Admin/Lib/Action/CommonAction.class.php(2) : eval()'d code(1) : eval()'d code(1) : eval()'d code 第 8 行.

[ 2015-04-07T06:12:29+08:00 ] 111.206.36.145 /order/admin_order.php
INFO: [ app_begin ] --START--
INFO: ReadHtmlCache Behavior ::run [ RunTime:0.001045s ]
INFO: [ app_begin ] --END-- [ RunTime:0.001223s ]
NOTIC: [8] Undefined index:  7195a62edfd11a40a68c77ff40ee98a6 /home/wwwroot/test/public_html/order/Admin/Lib/ORG/Util/RBAC.class.php 第 180 行.
NOTIC: [8] Undefined index:  _ACCESS_LIST /home/wwwroot/test/public_html/order/Admin/Lib/ORG/Util/RBAC.class.php 第 184 行.
NOTIC: [8] Undefined index:  authId /home/wwwroot/test/public_html/order/Admin/Lib/Action/CommonAction.class.php(2) : eval()'d code(1) : eval()'d code(1) : eval()'d code 第 8 行.

[ 2015-04-07T06:12:29+08:00 ] 111.206.36.17 /order/admin_order.php?s=/Public/login
INFO: [ route_check ] --START--
INFO: CheckRoute Behavior ::run [ RunTime:0.000845s ]
INFO: [ route_check ] --END-- [ RunTime:0.000999s ]
INFO: [ app_begin ] --START--
INFO: ReadHtmlCache Behavior ::run [ RunTime:0.000868s ]
INFO: [ app_begin ] --END-- [ RunTime:0.000976s ]
INFO: [ view_parse ] --START--
INFO: ParseTemplate Behavior ::run [ RunTime:0.007979s ]
INFO: [ view_parse ] --END-- [ RunTime:0.008080s ]
INFO: [ view_filter ] --START--
INFO: ContentReplace Behavior ::run [ RunTime:0.000447s ]
INFO: TokenBuild Behavior ::run [ RunTime:0.000374s ]
INFO: WriteHtmlCache Behavior ::run [ RunTime:0.000310s ]
INFO: ShowRuntime Behavior ::run [ RunTime:0.000456s ]
INFO: [ view_filter ] --END-- [ RunTime:0.001792s ]
INFO: [ view_end ] --START--
INFO: ShowPageTrace Behavior ::run [ RunTime:0.000723s ]
INFO: [ view_end ] --END-- [ RunTime:0.000788s ]

[ 2015-04-07T06:12:29+08:00 ] 111.206.36.7 /order/admin_order.php?s=/Public/login
INFO: [ route_check ] --START--
INFO: CheckRoute Behavior ::run [ RunTime:0.001575s ]
INFO: [ route_check ] --END-- [ RunTime:0.001900s ]
INFO: [ app_begin ] --START--
INFO: ReadHtmlCache Behavior ::run [ RunTime:0.001119s ]
INFO: [ app_begin ] --END-- [ RunTime:0.001264s ]
INFO: [ view_parse ] --START--
INFO: ParseTemplate Behavior ::run [ RunTime:0.018664s ]
INFO: [ view_parse ] --END-- [ RunTime:0.018867s ]
INFO: [ view_filter ] --START--
INFO: ContentReplace Behavior ::run [ RunTime:0.000753s ]
INFO: TokenBuild Behavior ::run [ RunTime:0.000659s ]
INFO: WriteHtmlCache Behavior ::run [ RunTime:0.000433s ]
INFO: ShowRuntime Behavior ::run [ RunTime:0.000803s ]
INFO: [ view_filter ] --END-- [ RunTime:0.002985s ]
INFO: [ view_end ] --START--
INFO: ShowPageTrace Behavior ::run [ RunTime:0.000998s ]
INFO: [ view_end ] --END-- [ RunTime:0.001112s ]

[ 2015-04-07T06:12:29+08:00 ] 111.206.36.140 /order/admin_order.php?s=/Public/login
INFO: [ route_check ] --START--
INFO: CheckRoute Behavior ::run [ RunTime:0.000948s ]
INFO: [ route_check ] --END-- [ RunTime:0.001086s ]
INFO: [ app_begin ] --START--
INFO: ReadHtmlCache Behavior ::run [ RunTime:0.000600s ]
INFO: [ app_begin ] --END-- [ RunTime:0.000669s ]
INFO: [ view_parse ] --START--
INFO: ParseTemplate Behavior ::run [ RunTime:0.017835s ]
INFO: [ view_parse ] --END-- [ RunTime:0.018015s ]
INFO: [ view_filter ] --START--
INFO: ContentReplace Behavior ::run [ RunTime:0.000654s ]
INFO: TokenBuild Behavior ::run [ RunTime:0.000503s ]
INFO: WriteHtmlCache Behavior ::run [ RunTime:0.000351s ]
INFO: ShowRuntime Behavior ::run [ RunTime:0.000811s ]
INFO: [ view_filter ] --END-- [ RunTime:0.002624s ]
INFO: [ view_end ] --START--
INFO: ShowPageTrace Behavior ::run [ RunTime:0.000944s ]
INFO: [ view_end ] --END-- [ RunTime:0.001047s ]

[ 2015-04-07T06:12:30+08:00 ] 111.206.36.143 /order/admin_order.php?s=/Public/login
INFO: [ route_check ] --START--
INFO: CheckRoute Behavior ::run [ RunTime:0.001043s ]
INFO: [ route_check ] --END-- [ RunTime:0.001281s ]
INFO: [ app_begin ] --START--
INFO: ReadHtmlCache Behavior ::run [ RunTime:0.000591s ]
INFO: [ app_begin ] --END-- [ RunTime:0.000704s ]
INFO: [ view_parse ] --START--
INFO: ParseTemplate Behavior ::run [ RunTime:0.011370s ]
INFO: [ view_parse ] --END-- [ RunTime:0.011542s ]
INFO: [ view_filter ] --START--
INFO: ContentReplace Behavior ::run [ RunTime:0.000649s ]
INFO: TokenBuild Behavior ::run [ RunTime:0.000625s ]
INFO: WriteHtmlCache Behavior ::run [ RunTime:0.000680s ]
INFO: ShowRuntime Behavior ::run [ RunTime:0.000769s ]
INFO: [ view_filter ] --END-- [ RunTime:0.003050s ]
INFO: [ view_end ] --START--
INFO: ShowPageTrace Behavior ::run [ RunTime:0.001058s ]
INFO: [ view_end ] --END-- [ RunTime:0.001173s ]

[ 2015-04-07T06:13:46+08:00 ] 61.135.190.69 /order/admin_order.php?s=/Organize&_=1428216040027
INFO: [ route_check ] --START--
INFO: CheckRoute Behavior ::run [ RunTime:0.000872s ]
INFO: [ route_check ] --END-- [ RunTime:0.001054s ]
NOTIC: [2] htmlspecialchars() expects parameter 2 to be long, string given /home/wwwroot/test/public_html/order/ThinkPHP/Lib/Core/App.class.php 第 57 行.
INFO: [ app_begin ] --START--
INFO: ReadHtmlCache Behavior ::run [ RunTime:0.000611s ]
INFO: [ app_begin ] --END-- [ RunTime:0.000698s ]
NOTIC: [8] Undefined index:  3c77a2935af43dfc35c0a508b643d001 /home/wwwroot/test/public_html/order/Admin/Lib/ORG/Util/RBAC.class.php 第 180 行.
NOTIC: [8] Undefined index:  _ACCESS_LIST /home/wwwroot/test/public_html/order/Admin/Lib/ORG/Util/RBAC.class.php 第 184 行.
NOTIC: [8] Undefined index:  authId /home/wwwroot/test/public_html/order/Admin/Lib/Action/CommonAction.class.php(2) : eval()'d code(1) : eval()'d code(1) : eval()'d code 第 8 行.

[ 2015-04-07T06:13:46+08:00 ] 61.135.190.200 /order/admin_order.php?s=/Public/login
INFO: [ route_check ] --START--
INFO: CheckRoute Behavior ::run [ RunTime:0.001136s ]
INFO: [ route_check ] --END-- [ RunTime:0.001332s ]
INFO: [ app_begin ] --START--
INFO: ReadHtmlCache Behavior ::run [ RunTime:0.000630s ]
INFO: [ app_begin ] --END-- [ RunTime:0.000715s ]
INFO: [ view_parse ] --START--
INFO: ParseTemplate Behavior ::run [ RunTime:0.010785s ]
INFO: [ view_parse ] --END-- [ RunTime:0.011007s ]
INFO: [ view_filter ] --START--
INFO: ContentReplace Behavior ::run [ RunTime:0.000488s ]
INFO: TokenBuild Behavior ::run [ RunTime:0.000555s ]
INFO: WriteHtmlCache Behavior ::run [ RunTime:0.000320s ]
INFO: ShowRuntime Behavior ::run [ RunTime:0.000647s ]
INFO: [ view_filter ] --END-- [ RunTime:0.002250s ]
INFO: [ view_end ] --START--
INFO: ShowPageTrace Behavior ::run [ RunTime:0.000795s ]
INFO: [ view_end ] --END-- [ RunTime:0.000863s ]

[ 2015-04-07T06:14:23+08:00 ] 61.135.190.198 /order/admin_order.php
INFO: [ app_begin ] --START--
INFO: ReadHtmlCache Behavior ::run [ RunTime:0.000626s ]
INFO: [ app_begin ] --END-- [ RunTime:0.000801s ]
NOTIC: [8] Undefined index:  7195a62edfd11a40a68c77ff40ee98a6 /home/wwwroot/test/public_html/order/Admin/Lib/ORG/Util/RBAC.class.php 第 180 行.
NOTIC: [8] Undefined index:  _ACCESS_LIST /home/wwwroot/test/public_html/order/Admin/Lib/ORG/Util/RBAC.class.php 第 184 行.
NOTIC: [8] Undefined index:  authId /home/wwwroot/test/public_html/order/Admin/Lib/Action/CommonAction.class.php(2) : eval()'d code(1) : eval()'d code(1) : eval()'d code 第 8 行.

[ 2015-04-07T06:14:23+08:00 ] 61.135.190.69 /order/admin_order.php?s=/Public/login
INFO: [ route_check ] --START--
INFO: CheckRoute Behavior ::run [ RunTime:0.000812s ]
INFO: [ route_check ] --END-- [ RunTime:0.000983s ]
INFO: [ app_begin ] --START--
INFO: ReadHtmlCache Behavior ::run [ RunTime:0.000513s ]
INFO: [ app_begin ] --END-- [ RunTime:0.000581s ]
INFO: [ view_parse ] --START--
INFO: ParseTemplate Behavior ::run [ RunTime:0.009635s ]
INFO: [ view_parse ] --END-- [ RunTime:0.009773s ]
INFO: [ view_filter ] --START--
INFO: ContentReplace Behavior ::run [ RunTime:0.000507s ]
INFO: TokenBuild Behavior ::run [ RunTime:0.000368s ]
INFO: WriteHtmlCache Behavior ::run [ RunTime:0.000272s ]
INFO: ShowRuntime Behavior ::run [ RunTime:0.000483s ]
INFO: [ view_filter ] --END-- [ RunTime:0.001870s ]
INFO: [ view_end ] --START--
INFO: ShowPageTrace Behavior ::run [ RunTime:0.000679s ]
INFO: [ view_end ] --END-- [ RunTime:0.000748s ]

[ 2015-04-07T06:14:24+08:00 ] 61.135.190.72 /order/admin_order.php?s=/Organize/excel&pageNum=1&_order=&_sort=&product=&uname=&status=
INFO: [ route_check ] --START--
INFO: CheckRoute Behavior ::run [ RunTime:0.001001s ]
INFO: [ route_check ] --END-- [ RunTime:0.001200s ]
NOTIC: [2] htmlspecialchars() expects parameter 2 to be long, string given /home/wwwroot/test/public_html/order/ThinkPHP/Lib/Core/App.class.php 第 57 行.
NOTIC: [2] htmlspecialchars() expects parameter 2 to be long, string given /home/wwwroot/test/public_html/order/ThinkPHP/Lib/Core/App.class.php 第 57 行.
NOTIC: [2] htmlspecialchars() expects parameter 2 to be long, string given /home/wwwroot/test/public_html/order/ThinkPHP/Lib/Core/App.class.php 第 57 行.
NOTIC: [2] htmlspecialchars() expects parameter 2 to be long, string given /home/wwwroot/test/public_html/order/ThinkPHP/Lib/Core/App.class.php 第 57 行.
NOTIC: [2] htmlspecialchars() expects parameter 2 to be long, string given /home/wwwroot/test/public_html/order/ThinkPHP/Lib/Core/App.class.php 第 57 行.
NOTIC: [2] htmlspecialchars() expects parameter 2 to be long, string given /home/wwwroot/test/public_html/order/ThinkPHP/Lib/Core/App.class.php 第 57 行.
INFO: [ app_begin ] --START--
INFO: ReadHtmlCache Behavior ::run [ RunTime:0.000696s ]
INFO: [ app_begin ] --END-- [ RunTime:0.000805s ]
NOTIC: [8] Undefined index:  8f34bb27a01c3baf08c55d498987a803 /home/wwwroot/test/public_html/order/Admin/Lib/ORG/Util/RBAC.class.php 第 180 行.
NOTIC: [8] Undefined index:  _ACCESS_LIST /home/wwwroot/test/public_html/order/Admin/Lib/ORG/Util/RBAC.class.php 第 184 行.
NOTIC: [8] Undefined index:  authId /home/wwwroot/test/public_html/order/Admin/Lib/Action/CommonAction.class.php(2) : eval()'d code(1) : eval()'d code(1) : eval()'d code 第 8 行.

[ 2015-04-07T06:14:25+08:00 ] 61.135.190.199 /order/admin_order.php?s=/Public/login
INFO: [ route_check ] --START--
INFO: CheckRoute Behavior ::run [ RunTime:0.000827s ]
INFO: [ route_check ] --END-- [ RunTime:0.001013s ]
INFO: [ app_begin ] --START--
INFO: ReadHtmlCache Behavior ::run [ RunTime:0.000611s ]
INFO: [ app_begin ] --END-- [ RunTime:0.000681s ]
INFO: [ view_parse ] --START--
INFO: ParseTemplate Behavior ::run [ RunTime:0.009384s ]
INFO: [ view_parse ] --END-- [ RunTime:0.009596s ]
INFO: [ view_filter ] --START--
INFO: ContentReplace Behavior ::run [ RunTime:0.000537s ]
INFO: TokenBuild Behavior ::run [ RunTime:0.000511s ]
INFO: WriteHtmlCache Behavior ::run [ RunTime:0.000344s ]
INFO: ShowRuntime Behavior ::run [ RunTime:0.000525s ]
INFO: [ view_filter ] --END-- [ RunTime:0.002185s ]
INFO: [ view_end ] --START--
INFO: ShowPageTrace Behavior ::run [ RunTime:0.000753s ]
INFO: [ view_end ] --END-- [ RunTime:0.000823s ]

[ 2015-04-07T06:14:56+08:00 ] 61.135.190.199 /order/admin_order.php?s=/Organize/edit/id/207&_=1428216115511
INFO: [ route_check ] --START--
INFO: CheckRoute Behavior ::run [ RunTime:0.001255s ]
INFO: [ route_check ] --END-- [ RunTime:0.001438s ]
NOTIC: [2] htmlspecialchars() expects parameter 2 to be long, string given /home/wwwroot/test/public_html/order/ThinkPHP/Lib/Core/App.class.php 第 57 行.
NOTIC: [2] htmlspecialchars() expects parameter 2 to be long, string given /home/wwwroot/test/public_html/order/ThinkPHP/Lib/Core/App.class.php 第 57 行.
INFO: [ app_begin ] --START--
INFO: ReadHtmlCache Behavior ::run [ RunTime:0.000906s ]
INFO: [ app_begin ] --END-- [ RunTime:0.001013s ]
NOTIC: [8] Undefined index:  26af724a5a7ce69e5aa8280c79f292f9 /home/wwwroot/test/public_html/order/Admin/Lib/ORG/Util/RBAC.class.php 第 180 行.
NOTIC: [8] Undefined index:  _ACCESS_LIST /home/wwwroot/test/public_html/order/Admin/Lib/ORG/Util/RBAC.class.php 第 184 行.
NOTIC: [8] Undefined index:  authId /home/wwwroot/test/public_html/order/Admin/Lib/Action/CommonAction.class.php(2) : eval()'d code(1) : eval()'d code(1) : eval()'d code 第 8 行.

[ 2015-04-07T06:14:56+08:00 ] 61.135.190.197 /order/admin_order.php?s=/Public/login
INFO: [ route_check ] --START--
INFO: CheckRoute Behavior ::run [ RunTime:0.001261s ]
INFO: [ route_check ] --END-- [ RunTime:0.001422s ]
INFO: [ app_begin ] --START--
INFO: ReadHtmlCache Behavior ::run [ RunTime:0.000839s ]
INFO: [ app_begin ] --END-- [ RunTime:0.000949s ]
INFO: [ view_parse ] --START--
INFO: ParseTemplate Behavior ::run [ RunTime:0.012240s ]
INFO: [ view_parse ] --END-- [ RunTime:0.012417s ]
INFO: [ view_filter ] --START--
INFO: ContentReplace Behavior ::run [ RunTime:0.000626s ]
INFO: TokenBuild Behavior ::run [ RunTime:0.000548s ]
INFO: WriteHtmlCache Behavior ::run [ RunTime:0.000512s ]
INFO: ShowRuntime Behavior ::run [ RunTime:0.000671s ]
INFO: [ view_filter ] --END-- [ RunTime:0.002706s ]
INFO: [ view_end ] --START--
INFO: ShowPageTrace Behavior ::run [ RunTime:0.001016s ]
INFO: [ view_end ] --END-- [ RunTime:0.001146s ]

[ 2015-04-07T06:15:16+08:00 ] 61.135.190.199 /order/admin_order.php?s=/Public/login
INFO: [ route_check ] --START--
INFO: CheckRoute Behavior ::run [ RunTime:0.001150s ]
INFO: [ route_check ] --END-- [ RunTime:0.001343s ]
INFO: [ app_begin ] --START--
INFO: ReadHtmlCache Behavior ::run [ RunTime:0.000651s ]
INFO: [ app_begin ] --END-- [ RunTime:0.000733s ]
INFO: [ view_parse ] --START--
INFO: ParseTemplate Behavior ::run [ RunTime:0.010943s ]
INFO: [ view_parse ] --END-- [ RunTime:0.011072s ]
INFO: [ view_filter ] --START--
INFO: ContentReplace Behavior ::run [ RunTime:0.000596s ]
INFO: TokenBuild Behavior ::run [ RunTime:0.000562s ]
INFO: WriteHtmlCache Behavior ::run [ RunTime:0.000404s ]
INFO: ShowRuntime Behavior ::run [ RunTime:0.000767s ]
INFO: [ view_filter ] --END-- [ RunTime:0.002604s ]
INFO: [ view_end ] --START--
INFO: ShowPageTrace Behavior ::run [ RunTime:0.000997s ]
INFO: [ view_end ] --END-- [ RunTime:0.001105s ]

