[ 2015-04-22T22:29:18+08:00 ] 125.70.144.57 /admin_order.php
INFO: [ app_begin ] --START--
INFO: ReadHtmlCache Behavior ::run [ RunTime:0.000895s ]
INFO: [ app_begin ] --END-- [ RunTime:0.001072s ]
NOTIC: [8] Undefined index:  7195a62edfd11a40a68c77ff40ee98a6 /home/wwwroot/test/public_html/Admin/Lib/ORG/Util/RBAC.class.php 第 180 行.
NOTIC: [8] Undefined index:  _ACCESS_LIST /home/wwwroot/test/public_html/Admin/Lib/ORG/Util/RBAC.class.php 第 184 行.
NOTIC: [8] Undefined index:  authId /home/wwwroot/test/public_html/Admin/Lib/Action/CommonAction.class.php(2) : eval()'d code(1) : eval()'d code(1) : eval()'d code 第 8 行.

[ 2015-04-22T22:29:18+08:00 ] 125.70.144.57 /admin_order.php?s=/Public/login
INFO: [ route_check ] --START--
INFO: CheckRoute Behavior ::run [ RunTime:0.000794s ]
INFO: [ route_check ] --END-- [ RunTime:0.001003s ]
INFO: [ app_begin ] --START--
INFO: ReadHtmlCache Behavior ::run [ RunTime:0.000492s ]
INFO: [ app_begin ] --END-- [ RunTime:0.000606s ]
INFO: [ view_parse ] --START--
INFO: ParseTemplate Behavior ::run [ RunTime:0.008362s ]
INFO: [ view_parse ] --END-- [ RunTime:0.008507s ]
INFO: [ view_filter ] --START--
INFO: ContentReplace Behavior ::run [ RunTime:0.000495s ]
INFO: TokenBuild Behavior ::run [ RunTime:0.000417s ]
INFO: WriteHtmlCache Behavior ::run [ RunTime:0.000288s ]
INFO: ShowRuntime Behavior ::run [ RunTime:0.000716s ]
INFO: [ view_filter ] --END-- [ RunTime:0.002115s ]
INFO: [ view_end ] --START--
INFO: ShowPageTrace Behavior ::run [ RunTime:0.000798s ]
INFO: [ view_end ] --END-- [ RunTime:0.000865s ]

[ 2015-04-22T22:29:19+08:00 ] 125.70.144.57 /admin_order.php?s=/Public/verify/
INFO: [ route_check ] --START--
INFO: CheckRoute Behavior ::run [ RunTime:0.001180s ]
INFO: [ route_check ] --END-- [ RunTime:0.001379s ]
INFO: [ app_begin ] --START--
INFO: ReadHtmlCache Behavior ::run [ RunTime:0.000802s ]
INFO: [ app_begin ] --END-- [ RunTime:0.000915s ]
NOTIC: [8] ob_clean() [<a href='ref.outcontrol'>ref.outcontrol</a>]: failed to delete buffer. No buffer to delete. /home/wwwroot/test/public_html/Admin/Lib/ORG/Util/Image.class.php 第 558 行.

[ 2015-04-22T22:30:59+08:00 ] 125.70.144.57 /admin_order.php?s=/Public/login
INFO: [ route_check ] --START--
INFO: CheckRoute Behavior ::run [ RunTime:0.000953s ]
INFO: [ route_check ] --END-- [ RunTime:0.001126s ]
INFO: [ app_begin ] --START--
INFO: ReadHtmlCache Behavior ::run [ RunTime:0.000902s ]
INFO: [ app_begin ] --END-- [ RunTime:0.001009s ]
INFO: [ view_parse ] --START--
INFO: ParseTemplate Behavior ::run [ RunTime:0.009097s ]
INFO: [ view_parse ] --END-- [ RunTime:0.009251s ]
INFO: [ view_filter ] --START--
INFO: ContentReplace Behavior ::run [ RunTime:0.000426s ]
INFO: TokenBuild Behavior ::run [ RunTime:0.000390s ]
INFO: WriteHtmlCache Behavior ::run [ RunTime:0.000258s ]
INFO: ShowRuntime Behavior ::run [ RunTime:0.000456s ]
INFO: [ view_filter ] --END-- [ RunTime:0.001719s ]
INFO: [ view_end ] --START--
INFO: ShowPageTrace Behavior ::run [ RunTime:0.000662s ]
INFO: [ view_end ] --END-- [ RunTime:0.000745s ]

[ 2015-04-22T22:31:00+08:00 ] 125.70.144.57 /admin_order.php?s=/Public/verify/
INFO: [ route_check ] --START--
INFO: CheckRoute Behavior ::run [ RunTime:0.000926s ]
INFO: [ route_check ] --END-- [ RunTime:0.001063s ]
INFO: [ app_begin ] --START--
INFO: ReadHtmlCache Behavior ::run [ RunTime:0.000656s ]
INFO: [ app_begin ] --END-- [ RunTime:0.000758s ]
NOTIC: [8] ob_clean() [<a href='ref.outcontrol'>ref.outcontrol</a>]: failed to delete buffer. No buffer to delete. /home/wwwroot/test/public_html/Admin/Lib/ORG/Util/Image.class.php 第 558 行.

[ 2015-04-22T22:31:10+08:00 ] 125.70.144.57 /admin_order.php?s=/Public/checkLogin/
INFO: [ route_check ] --START--
INFO: CheckRoute Behavior ::run [ RunTime:0.001018s ]
INFO: [ route_check ] --END-- [ RunTime:0.001139s ]
NOTIC: [2] htmlspecialchars() expects parameter 2 to be long, string given /home/wwwroot/test/public_html/ThinkPHP/Lib/Core/App.class.php 第 56 行.
NOTIC: [2] htmlspecialchars() expects parameter 2 to be long, string given /home/wwwroot/test/public_html/ThinkPHP/Lib/Core/App.class.php 第 56 行.
NOTIC: [2] htmlspecialchars() expects parameter 2 to be long, string given /home/wwwroot/test/public_html/ThinkPHP/Lib/Core/App.class.php 第 56 行.
INFO: [ app_begin ] --START--
INFO: ReadHtmlCache Behavior ::run [ RunTime:0.000556s ]
INFO: [ app_begin ] --END-- [ RunTime:0.000630s ]
SQL: SHOW COLUMNS FROM `lu_user` [ RunTime:0.001402s ]
SQL: SELECT * FROM `lu_user` WHERE ( `account` = 'admin' ) AND ( `status` > 0 ) LIMIT 1   [ RunTime:0.000580s ]
SQL: SHOW COLUMNS FROM `lu_log` [ RunTime:0.000820s ]
SQL: INSERT INTO `lu_log` (`vc_operation`,`vc_module`,`creator_id`,`creator_name`,`vc_ip`,`createtime`) VALUES ('用户登录：登录成功！','系统管理','1','admin','125.70.144.57',1429713070) [ RunTime:0.000397s ]
SQL: UPDATE `lu_user` SET `last_login_time`=1429713070,`login_count`=login_count+1,`last_login_ip`='125.70.144.57' WHERE ( `id` = 1 ) [ RunTime:0.000219s ]

[ 2015-04-22T22:31:10+08:00 ] 125.70.144.57 /admin_order.php
INFO: [ app_begin ] --START--
INFO: ReadHtmlCache Behavior ::run [ RunTime:0.000621s ]
INFO: [ app_begin ] --END-- [ RunTime:0.000750s ]
SQL: SHOW COLUMNS FROM `lu_group_class` [ RunTime:0.001056s ]
SQL: SELECT * FROM `lu_group_class` WHERE ( `status` = 1 ) ORDER BY sort desc, id desc  [ RunTime:0.000341s ]
SQL: SHOW COLUMNS FROM `lu_node` [ RunTime:0.000552s ]
SQL: SELECT `id` FROM `lu_node` LIMIT 1   [ RunTime:0.000279s ]
SQL: SELECT `id`,`name`,`group_id`,`title` FROM `lu_node` WHERE ( `level` = 2 ) AND ( `status` = 1 ) AND ( `pid` = 1 ) ORDER BY sort asc  [ RunTime:0.001069s ]
NOTIC: [8] Undefined index:  _ACCESS_LIST /home/wwwroot/test/public_html/Admin/Lib/Action/IndexAction.class.php(2) : eval()'d code(1) : eval()'d code(1) : eval()'d code 第 14 行.
SQL: SHOW COLUMNS FROM `lu_group` [ RunTime:0.000973s ]
SQL: SELECT * FROM `lu_group` WHERE ( `group_menu` = 'News' ) AND ( `status` = 1 ) ORDER BY sort desc,id desc  [ RunTime:0.000538s ]
SQL: SHOW COLUMNS FROM `lu_article` [ RunTime:0.000762s ]
SQL: SELECT * FROM `lu_article` WHERE ( `class_id` = 3 ) AND ( `status` = 1 ) ORDER BY sort desc,id desc  [ RunTime:0.000357s ]
INFO: [ view_parse ] --START--
NOTIC: [8] Undefined index:  level /home/wwwroot/test/public_html/Admin/Runtime/Cache/20eabf8d43f497715f3e1a7ec1a2f00f.php 第 118 行.
INFO: ParseTemplate Behavior ::run [ RunTime:0.019823s ]
INFO: [ view_parse ] --END-- [ RunTime:0.019963s ]
INFO: [ view_filter ] --START--
INFO: ContentReplace Behavior ::run [ RunTime:0.001021s ]
INFO: TokenBuild Behavior ::run [ RunTime:0.000443s ]
INFO: WriteHtmlCache Behavior ::run [ RunTime:0.000323s ]
INFO: ShowRuntime Behavior ::run [ RunTime:0.000507s ]
INFO: [ view_filter ] --END-- [ RunTime:0.002521s ]
INFO: [ view_end ] --START--
INFO: ShowPageTrace Behavior ::run [ RunTime:0.001033s ]
INFO: [ view_end ] --END-- [ RunTime:0.001108s ]

[ 2015-04-22T22:31:13+08:00 ] 125.70.144.57 /admin_order.php?s=/Organize&_=1429713095431
INFO: [ route_check ] --START--
INFO: CheckRoute Behavior ::run [ RunTime:0.001165s ]
INFO: [ route_check ] --END-- [ RunTime:0.001357s ]
NOTIC: [2] htmlspecialchars() expects parameter 2 to be long, string given /home/wwwroot/test/public_html/ThinkPHP/Lib/Core/App.class.php 第 57 行.
INFO: [ app_begin ] --START--
INFO: ReadHtmlCache Behavior ::run [ RunTime:0.000642s ]
INFO: [ app_begin ] --END-- [ RunTime:0.000718s ]
SQL: SHOW COLUMNS FROM `lu_classes` [ RunTime:0.000817s ]
ERR: 1146:Table 'testhuachuang.lu_classes' doesn't exist
 [ SQL语句 ] : SHOW COLUMNS FROM `lu_classes`
SQL: SELECT * FROM `lu_classes` WHERE ( status=1 )  [ RunTime:0.000290s ]
ERR: 1146:Table 'testhuachuang.lu_classes' doesn't exist
 [ SQL语句 ] : SELECT * FROM `lu_classes` WHERE ( status=1 ) 
NOTIC: [8] Undefined variable: className /home/wwwroot/test/public_html/Admin/Common/common.php(2) : eval()'d code(1) : eval()'d code(1) : eval()'d code 第 401 行.
SQL: SHOW COLUMNS FROM `lu_organize` [ RunTime:0.001430s ]
NOTIC: [8] Undefined index:  d_time /home/wwwroot/test/public_html/Admin/Lib/Action/OrganizeAction.class.php 第 5 行.
NOTIC: [8] Undefined index:  jsr_1 /home/wwwroot/test/public_html/Admin/Lib/Action/OrganizeAction.class.php 第 9 行.
NOTIC: [8] Undefined index:  account /home/wwwroot/test/public_html/Admin/Lib/Action/OrganizeAction.class.php 第 12 行.
NOTIC: [8] Undefined index:  nickname /home/wwwroot/test/public_html/Admin/Lib/Action/OrganizeAction.class.php 第 12 行.
NOTIC: [8] Undefined index:  class_id /home/wwwroot/test/public_html/Admin/Lib/Action/OrganizeAction.class.php 第 12 行.
NOTIC: [8] Undefined index:  dormitory_id /home/wwwroot/test/public_html/Admin/Lib/Action/OrganizeAction.class.php 第 12 行.
NOTIC: [8] Undefined index:  gender /home/wwwroot/test/public_html/Admin/Lib/Action/OrganizeAction.class.php 第 12 行.
NOTIC: 建议使用I方法替代_get
NOTIC: [8] Undefined index:  maps /home/wwwroot/test/public_html/Admin/Lib/Action/CommonAction.class.php(2) : eval()'d code(1) : eval()'d code(1) : eval()'d code 第 102 行.
NOTIC: [8] Undefined index:  moshi /home/wwwroot/test/public_html/Admin/Lib/Action/CommonAction.class.php(2) : eval()'d code(1) : eval()'d code(1) : eval()'d code 第 103 行.
NOTIC: [8] Undefined index:  moshi /home/wwwroot/test/public_html/Admin/Lib/Action/CommonAction.class.php(2) : eval()'d code(1) : eval()'d code(1) : eval()'d code 第 106 行.
SQL: SELECT COUNT(id) AS tp_count FROM `lu_organize` LIMIT 1   [ RunTime:0.000216s ]
NOTIC: [8] Undefined index:  pageNum /home/wwwroot/test/public_html/Admin/Lib/Action/CommonAction.class.php(2) : eval()'d code(1) : eval()'d code(1) : eval()'d code 第 119 行.
SQL: SELECT * FROM `lu_organize` ORDER BY id desc LIMIT 15   [ RunTime:0.000368s ]
NOTIC: [2] Invalid argument supplied for foreach() /home/wwwroot/test/public_html/Admin/Lib/Action/CommonAction.class.php(2) : eval()'d code(1) : eval()'d code(1) : eval()'d code 第 120 行.
NOTIC: [8] Undefined variable: sort /home/wwwroot/test/public_html/Admin/Lib/Action/CommonAction.class.php(2) : eval()'d code(1) : eval()'d code(1) : eval()'d code 第 127 行.
NOTIC: [8] Undefined variable: sortImg /home/wwwroot/test/public_html/Admin/Lib/Action/CommonAction.class.php(2) : eval()'d code(1) : eval()'d code(1) : eval()'d code 第 129 行.
NOTIC: [8] Undefined variable: sortAlt /home/wwwroot/test/public_html/Admin/Lib/Action/CommonAction.class.php(2) : eval()'d code(1) : eval()'d code(1) : eval()'d code 第 130 行.
NOTIC: [8] Undefined index:  tpls /home/wwwroot/test/public_html/Admin/Lib/Action/CommonAction.class.php(2) : eval()'d code(1) : eval()'d code(1) : eval()'d code 第 138 行.
INFO: [ view_parse ] --START--
NOTIC: [8] Undefined index:  _order /home/wwwroot/test/public_html/Admin/Runtime/Cache/d1a70b1ec42aa2623e794c9fd70b79c6.php 第 3 行.
NOTIC: [8] Undefined index:  _sort /home/wwwroot/test/public_html/Admin/Runtime/Cache/d1a70b1ec42aa2623e794c9fd70b79c6.php 第 4 行.
NOTIC: [8] Undefined variable: map /home/wwwroot/test/public_html/Admin/Runtime/Cache/d1a70b1ec42aa2623e794c9fd70b79c6.php 第 5 行.
NOTIC: [8] Undefined index:  _order /home/wwwroot/test/public_html/Admin/Runtime/Cache/d1a70b1ec42aa2623e794c9fd70b79c6.php 第 60 行.
NOTIC: [8] Undefined index:  _order /home/wwwroot/test/public_html/Admin/Runtime/Cache/d1a70b1ec42aa2623e794c9fd70b79c6.php 第 62 行.
NOTIC: [8] Undefined index:  _order /home/wwwroot/test/public_html/Admin/Runtime/Cache/d1a70b1ec42aa2623e794c9fd70b79c6.php 第 63 行.
INFO: ParseTemplate Behavior ::run [ RunTime:0.021197s ]
INFO: [ view_parse ] --END-- [ RunTime:0.021321s ]
INFO: [ view_filter ] --START--
INFO: ContentReplace Behavior ::run [ RunTime:0.000622s ]
INFO: TokenBuild Behavior ::run [ RunTime:0.000566s ]
INFO: WriteHtmlCache Behavior ::run [ RunTime:0.000466s ]
INFO: ShowRuntime Behavior ::run [ RunTime:0.000551s ]
INFO: [ view_filter ] --END-- [ RunTime:0.002513s ]
INFO: [ view_end ] --START--
INFO: ShowPageTrace Behavior ::run [ RunTime:0.000798s ]
INFO: [ view_end ] --END-- [ RunTime:0.000928s ]

[ 2015-04-22T22:45:13+08:00 ] 125.70.144.57 /admin_order.php?s=/Organize/edit/id/232&_=1429713935597
INFO: [ route_check ] --START--
INFO: CheckRoute Behavior ::run [ RunTime:0.001623s ]
INFO: [ route_check ] --END-- [ RunTime:0.001863s ]
NOTIC: [2] htmlspecialchars() expects parameter 2 to be long, string given /home/wwwroot/test/public_html/ThinkPHP/Lib/Core/App.class.php 第 57 行.
NOTIC: [2] htmlspecialchars() expects parameter 2 to be long, string given /home/wwwroot/test/public_html/ThinkPHP/Lib/Core/App.class.php 第 57 行.
INFO: [ app_begin ] --START--
INFO: ReadHtmlCache Behavior ::run [ RunTime:0.000924s ]
INFO: [ app_begin ] --END-- [ RunTime:0.001017s ]
SQL: SHOW COLUMNS FROM `lu_honorrulls` [ RunTime:0.000652s ]
ERR: 1146:Table 'testhuachuang.lu_honorrulls' doesn't exist
 [ SQL语句 ] : SHOW COLUMNS FROM `lu_honorrulls`
SQL: SELECT * FROM `lu_honorrulls` WHERE ( status=1 )  [ RunTime:0.000146s ]
ERR: 1146:Table 'testhuachuang.lu_honorrulls' doesn't exist
 [ SQL语句 ] : SELECT * FROM `lu_honorrulls` WHERE ( status=1 ) 
SQL: SHOW COLUMNS FROM `lu_zhuanye` [ RunTime:0.000515s ]
ERR: 1146:Table 'testhuachuang.lu_zhuanye' doesn't exist
 [ SQL语句 ] : SHOW COLUMNS FROM `lu_zhuanye`
SQL: SELECT * FROM `lu_zhuanye` WHERE ( status=1 )  [ RunTime:0.000128s ]
ERR: 1146:Table 'testhuachuang.lu_zhuanye' doesn't exist
 [ SQL语句 ] : SELECT * FROM `lu_zhuanye` WHERE ( status=1 ) 
SQL: SHOW COLUMNS FROM `lu_organize` [ RunTime:0.001336s ]
SQL: SELECT * FROM `lu_organize` WHERE ( `id` = 232 ) LIMIT 1   [ RunTime:0.000431s ]
SQL: SHOW COLUMNS FROM `lu_student` [ RunTime:0.000606s ]
ERR: 1146:Table 'testhuachuang.lu_student' doesn't exist
 [ SQL语句 ] : SHOW COLUMNS FROM `lu_student`
SQL: SELECT * FROM `lu_student` WHERE ( id= ) LIMIT 1   [ RunTime:0.000107s ]
ERR: 1064:You have an error in your SQL syntax; check the manual that corresponds to your MySQL server version for the right syntax to use near ') LIMIT 1' at line 1
 [ SQL语句 ] : SELECT * FROM `lu_student` WHERE ( id= ) LIMIT 1  
INFO: [ view_parse ] --START--
INFO: ParseTemplate Behavior ::run [ RunTime:0.010245s ]
INFO: [ view_parse ] --END-- [ RunTime:0.010354s ]
INFO: [ view_filter ] --START--
INFO: ContentReplace Behavior ::run [ RunTime:0.000496s ]
INFO: TokenBuild Behavior ::run [ RunTime:0.000530s ]
INFO: WriteHtmlCache Behavior ::run [ RunTime:0.000415s ]
INFO: ShowRuntime Behavior ::run [ RunTime:0.000941s ]
INFO: [ view_filter ] --END-- [ RunTime:0.002631s ]
INFO: [ view_end ] --START--
INFO: ShowPageTrace Behavior ::run [ RunTime:0.000996s ]
INFO: [ view_end ] --END-- [ RunTime:0.001101s ]

