[ 2015-03-30T07:17:34+08:00 ] 61.135.190.201 /order/admin_order.php
INFO: [ app_begin ] --START--
INFO: ReadHtmlCache Behavior ::run [ RunTime:0.000714s ]
INFO: [ app_begin ] --END-- [ RunTime:0.000921s ]
NOTIC: [8] Undefined index:  7195a62edfd11a40a68c77ff40ee98a6 /home/wwwroot/test/public_html/order/Admin/Lib/ORG/Util/RBAC.class.php 第 180 行.
NOTIC: [8] Undefined index:  _ACCESS_LIST /home/wwwroot/test/public_html/order/Admin/Lib/ORG/Util/RBAC.class.php 第 184 行.
NOTIC: [8] Undefined index:  authId /home/wwwroot/test/public_html/order/Admin/Lib/Action/CommonAction.class.php(2) : eval()'d code(1) : eval()'d code(1) : eval()'d code 第 8 行.

[ 2015-03-30T07:17:35+08:00 ] 61.135.190.72 /order/admin_order.php?s=/Public/login
INFO: [ route_check ] --START--
INFO: CheckRoute Behavior ::run [ RunTime:0.000885s ]
INFO: [ route_check ] --END-- [ RunTime:0.001016s ]
INFO: [ app_begin ] --START--
INFO: ReadHtmlCache Behavior ::run [ RunTime:0.000581s ]
INFO: [ app_begin ] --END-- [ RunTime:0.000650s ]
INFO: [ view_parse ] --START--
INFO: ParseTemplate Behavior ::run [ RunTime:0.014130s ]
INFO: [ view_parse ] --END-- [ RunTime:0.014290s ]
INFO: [ view_filter ] --START--
INFO: ContentReplace Behavior ::run [ RunTime:0.000559s ]
INFO: TokenBuild Behavior ::run [ RunTime:0.000459s ]
INFO: WriteHtmlCache Behavior ::run [ RunTime:0.000278s ]
INFO: ShowRuntime Behavior ::run [ RunTime:0.000514s ]
INFO: [ view_filter ] --END-- [ RunTime:0.002087s ]
INFO: [ view_end ] --START--
INFO: ShowPageTrace Behavior ::run [ RunTime:0.000704s ]
INFO: [ view_end ] --END-- [ RunTime:0.000772s ]

[ 2015-03-30T07:19:59+08:00 ] 61.135.190.70 /order/admin_order.php
INFO: [ app_begin ] --START--
INFO: ReadHtmlCache Behavior ::run [ RunTime:0.000661s ]
INFO: [ app_begin ] --END-- [ RunTime:0.000801s ]
NOTIC: [8] Undefined index:  7195a62edfd11a40a68c77ff40ee98a6 /home/wwwroot/test/public_html/order/Admin/Lib/ORG/Util/RBAC.class.php 第 180 行.
NOTIC: [8] Undefined index:  _ACCESS_LIST /home/wwwroot/test/public_html/order/Admin/Lib/ORG/Util/RBAC.class.php 第 184 行.
NOTIC: [8] Undefined index:  authId /home/wwwroot/test/public_html/order/Admin/Lib/Action/CommonAction.class.php(2) : eval()'d code(1) : eval()'d code(1) : eval()'d code 第 8 行.

[ 2015-03-30T07:19:59+08:00 ] 61.135.190.69 /order/admin_order.php?s=/Public/login
INFO: [ route_check ] --START--
INFO: CheckRoute Behavior ::run [ RunTime:0.000983s ]
INFO: [ route_check ] --END-- [ RunTime:0.001128s ]
INFO: [ app_begin ] --START--
INFO: ReadHtmlCache Behavior ::run [ RunTime:0.000662s ]
INFO: [ app_begin ] --END-- [ RunTime:0.000753s ]
INFO: [ view_parse ] --START--
INFO: ParseTemplate Behavior ::run [ RunTime:0.008528s ]
INFO: [ view_parse ] --END-- [ RunTime:0.008633s ]
INFO: [ view_filter ] --START--
INFO: ContentReplace Behavior ::run [ RunTime:0.000452s ]
INFO: TokenBuild Behavior ::run [ RunTime:0.000398s ]
INFO: WriteHtmlCache Behavior ::run [ RunTime:0.000320s ]
INFO: ShowRuntime Behavior ::run [ RunTime:0.000518s ]
INFO: [ view_filter ] --END-- [ RunTime:0.001882s ]
INFO: [ view_end ] --START--
INFO: ShowPageTrace Behavior ::run [ RunTime:0.000616s ]
INFO: [ view_end ] --END-- [ RunTime:0.000682s ]

